Sceneryobjects\ADDON_SimpleStreets\RQ_28_Bridge_Connector.sco
1049498269
1049498269
-1
Sceneryobjects\ADDON_SimpleStreets\RQ_28_Exit_End.sco
1048952664
1048952664
-1
Sceneryobjects\Buildings_Freeman\kfc.sco
1057976752
1057976752
-1
Sceneryobjects\Buildings_MC\bw_hoch_10B.sco
1415285145
1415285145
-1
Sceneryobjects\Buildings_MC\bw_supermarkt_1.sco
1415285160
1415285160
-1
Sceneryobjects\Buildings_MC\oth_elek_1.sco
1415285152
1415285152
-1
Sceneryobjects\Buildings_MC\park_3.sco
1415285161
1415285161
-1
Sceneryobjects\Buildings_RUE\Stadtbuecherei.sco
1415285155
1415285155
-1
Sceneryobjects\Generic\car_park.sco
1415285161
1415285161
-1
Sceneryobjects\gg\arrow_downY.sco
1112376143
1112376143
-1
Sceneryobjects\gg\arrow_leftY.sco
1112376150
1112376150
-1
Sceneryobjects\gg\arrow_rightY.sco
1112376155
1112376155
-1
Sceneryobjects\gg\highway_bridge.sco
1112307493
1112307493
-1
Sceneryobjects\gg\highway_bridge2.sco
1112307496
1112307496
-1
Sceneryobjects\gg\parapet1.sco
1109786701
1109786701
-1
Sceneryobjects\gg\Road003c.sco
1467256420
1467256420
-1
Sceneryobjects\gg\Road004b.sco
1100642998
1100642998
-1
Sceneryobjects\gg\Road005b.sco
1151443450
1151443450
-1
Sceneryobjects\gg\Road010b.sco
1109951275
1109951275
-1
Sceneryobjects\gg\RQ_28_Entry_Start.sco
1052343030
1052343030
-1
Sceneryobjects\gg\tunnelhole1b.sco
1100065276
1100065276
-1
Sceneryobjects\GG2Signs\gg2_countdown_3_m.sco
1116648526
1116648526
-1
Sceneryobjects\GG2Signs\gg2_drn_sign_medium.sco
1114212787
1114212787
-1
Sceneryobjects\GG2Signs\gg2_gantry_14m_4m77.sco
1115398876
1115398876
-1
Sceneryobjects\GG2Signs\gg2_gantry_freetex.sco
1152354642
1152354642
-1
Sceneryobjects\GG2Signs\gg2_large_sign_with_lights.sco
1121495591
1121495591
-1
Sceneryobjects\GG2Signs\gg2_route_confirm.sco
1116640347
1116640347
-1
Sceneryobjects\Nemolus Objekte\Verkehrszeichen\VZ_Mast_VerengteFahrbahn.sco
1468697833
1468697833
-1
Sceneryobjects\Streetobjects_RUE\attach_whip_beam.sco
1415285205
1415285205
-1
Sceneryobjects\Streetobjects_RUE\single_pole.sco
1415285174
1415285174
-1
Sceneryobjects\Streetobjects_RUE\sodiumlight_2L_break_L.sco
1415285212
1415285212
-1
Sceneryobjects\Streetobjects_RUE\sodiumlight_L_break_L.sco
1415285204
1415285204
-1
Sceneryobjects\Streetobjects_RUE\sodiumlight_L_whip_L.sco
1415285221
1415285221
-1
Sceneryobjects\Streetobjects_RUE\whip_beam.sco
1415285189
1415285189
-1
Sceneryobjects\Trees_MC\tree_medium_02.sco
1210216022
1210216022
-1
Sceneryobjects\Trees_MC\tree_medium_09.sco
1210216280
1210216280
-1
Sceneryobjects\Verkehrszeichen_MC\Ampel_Kfz_1.sco
1415285188
1415285188
-1
Sceneryobjects\Verkehrszeichen_MC\Ampel_Kfz_OhBlind_1.sco
1415285250
1415285250
-1
Sceneryobjects\Verkehrszeichen_MC\VZ_surfmark_arrow_S.sco
1415285165
1415285165
-1
Sceneryobjects\Verkehrszeichen_MC\VZ_surfmark_arrow_SL.sco
1415285169
1415285169
-1
Sceneryobjects\Verkehrszeichen_MC\vz_vb_einfahrt_m_mast.sco
1415285176
1415285176
-1
Splines\ADDON_SimpleStreets\RQ_10,5_1spur.sli
1048387841
-
-
Splines\ADDON_SimpleStreets\RQ_15,5_2spur_11,5m_Sidewalk.sli
1047630645
-
-
Splines\ADDON_SimpleStreets\RQ_28.sli
1048411084
-
-
Splines\ADDON_SimpleStreets\RQ_28_EntryExit_Both.sli
1048411202
-
-
Splines\gg\parapet1.sli
1087929904
-
-
Splines\gg\RQ_10,5_1spur_Bridge.sli
1110345519
-
-
Splines\Marcel\str_2spur_11m_SeeburgerStr1.sli
1415285252
-
-
Splines\ADDON_SimpleStreets\RQ_28_Bridge.sli
1049494701
-
-
Splines\Ruede\rail_concrete_01.sli
1415285172
-
-
