Sceneryobjects\Buildings_MC\schul_turn_01.sco
1415285163
1415285163
-1
Sceneryobjects\Buildings_MC\sportsground_big.sco
1415285144
1415285144
-1
Sceneryobjects\Buildings_MC\tank_2_aral.sco
1415285153
1415285153
-1
Sceneryobjects\gg\sport01.sco
1099910514
1099910514
-1
Sceneryobjects\Kreuz_MC\Einm_Borkumer.sco
1415285152
1415285152
-1
Sceneryobjects\Trees_MC\tree_medium_02.sco
1210216022
1210216022
-1
Sceneryobjects\Trees_MC\tree_medium_09.sco
1210216280
1210216280
-1
Splines\Marcel\str_2spur_8m_borkumer1.sli
1415285243
-
-
