Sceneryobjects\ADDON_SimpleStreets\RQ_9,5_2spur_6,5m_Sidewalk_busstop_double.sco
1163247438
1163247438
-1
Sceneryobjects\ADDON_SimpleStreets\RQ_9,5_2spur_6,5m_Sidewalk_PedCross.sco
1047962883
1047962883
-1
Sceneryobjects\Buildings_MC\bw_einkaufszentrum_2.sco
1466203120
1466203120
-1
Sceneryobjects\Buildings_MC\bw_kinder1.sco
1466203124
1466203124
-1
Sceneryobjects\Buildings_MC\CHGeb_01.sco
1466203122
1466203122
-1
Sceneryobjects\Buildings_MC\kirche_ev_01.sco
1466203124
1466203124
-1
Sceneryobjects\Buildings_RUE\Haus01e.sco
1466203120
1466203120
-1
Sceneryobjects\Buildings_RUE\Haus02a.sco
1466203120
1466203120
-1
Sceneryobjects\Buildings_RUE\Haus03f.sco
1466203118
1466203118
-1
Sceneryobjects\Generic\bus_stop.sco
1466203123
1466203123
-1
Sceneryobjects\Generic\car_park.sco
1466203124
1466203124
-1
Sceneryobjects\Generic\people_standing_small.sco
1466203118
1466203118
-1
Sceneryobjects\gg\Busstop_2.sco
1110180464
1110180464
-1
Sceneryobjects\gg\Busstop_coverNS.sco
1152125282
1152125282
-1
Sceneryobjects\gg\Busstop_plate2.sco
1110538468
1110538468
-1
Sceneryobjects\gg\Busstop_pole.sco
1110180457
1110180457
-1
Sceneryobjects\gg\routearrows_busstop1.sco
1110458485
1110458485
-1
Sceneryobjects\GG2Signs\gg2_tall_warning_sign.sco
1152393635
1152393635
-1
Sceneryobjects\Streetobjects_RUE\sodiumlight_L_whip_L.sco
1466203123
1466203123
-1
Sceneryobjects\Streetobjects_RUE\whip_beam.sco
1466203120
1466203120
-1
Sceneryobjects\Trees_MC\arbor_1.sco
1466203123
1466203123
-1
Sceneryobjects\Trees_MC\arbor_sixpack.sco
1466203124
1466203124
-1
Sceneryobjects\Trees_MC\tree_medium_02.sco
1466203123
1466203123
-1
Sceneryobjects\Trees_MC\tree_medium_09.sco
1466203123
1466203123
-1
Sceneryobjects\Verkehrszeichen_MC\Ampel_Kfz_1.sco
1466203124
1466203124
-1
Sceneryobjects\Verkehrszeichen_MC\Ampel_Kfz_OhBlind_1.sco
1466203123
1466203123
-1
Sceneryobjects\Verkehrszeichen_MC\Ampel_Mensch_1.sco
1466203123
1466203123
-1
Splines\ADDON_SimpleStreets\RQ_9,5_2spur_6,5m_Sidewalk.sli
1417588864
-
-
Splines\gg\RQ_9,5_2spur_6,5m_Sidewalk3.sli
1055558789
-
-
Sceneryobjects\gg\Busstop_A1.sco
1110184865
1110184865
-1
