Sceneryobjects\backgroundsounds\nature_cube.sco
1054106513
1054106513
-1
Sceneryobjects\Buildings_MC\bw_50s_03A.sco
1415285157
1415285157
-1
Sceneryobjects\Buildings_MC\bw_50s_04.sco
1415285114
1415285114
-1
Sceneryobjects\Buildings_MC\bw_hoch_05.sco
1415285161
1415285161
-1
Sceneryobjects\Buildings_MC\bw_hoch_17.sco
1415285141
1415285141
-1
Sceneryobjects\Buildings_MC\bw_old_05.sco
1415285165
1415285165
-1
Sceneryobjects\Buildings_MC\bw_polizei01.sco
1415285149
1415285149
-1
Sceneryobjects\Buildings_MC\park_3.sco
1415285161
1415285161
-1
Sceneryobjects\Buildings_MC\Ubahn_Rsp_08.sco
1415285152
1415285152
-1
Sceneryobjects\Buildings_MC\Ubahn_Rsp_Pilz.sco
1415285184
1415285184
-1
Sceneryobjects\Buildings_RUE\Haus01b.sco
1415285190
1415285190
-1
Sceneryobjects\Buildings_RUE\Haus02a.sco
1415285187
1415285187
-1
Sceneryobjects\Buildings_RUE\Haus02c.sco
1415285186
1415285186
-1
Sceneryobjects\Buildings_RUE\Haus02c2.sco
1415285154
1415285154
-1
Sceneryobjects\Buildings_RUE\Haus02e.sco
1415285180
1415285180
-1
Sceneryobjects\Buildings_RUE\Haus03e.sco
1415285195
1415285195
-1
Sceneryobjects\Buildings_RUE\Highschool_70s.sco
1415285160
1415285160
-1
Sceneryobjects\Buildings_RUE\Stadtbuecherei.sco
1415285155
1415285155
-1
Sceneryobjects\Generic\bus_stop.sco
1415285162
1415285162
-1
Sceneryobjects\Generic\car_park.sco
1415285161
1415285161
-1
Sceneryobjects\Generic\people_standing_small.sco
1415285152
1415285152
-1
Sceneryobjects\gg\arrow_downY.sco
1112376143
1112376143
-1
Sceneryobjects\gg\arrow_leftY.sco
1112376150
1112376150
-1
Sceneryobjects\gg\arrow_rightY.sco
1112376155
1112376155
-1
Sceneryobjects\gg\bs01.sco
1110477050
1110477050
-1
Sceneryobjects\gg\Busstop_1.sco
1110180460
1110180460
-1
Sceneryobjects\gg\Busstop_2.sco
1110180464
1110180464
-1
Sceneryobjects\gg\Busstop_6.sco
1110180820
1110180820
-1
Sceneryobjects\gg\Busstop_A1.sco
1110184865
1110184865
-1
Sceneryobjects\gg\Busstop_A1A.sco
1110184875
1110184875
-1
Sceneryobjects\gg\Busstop_A6A.sco
1110184902
1110184902
-1
Sceneryobjects\gg\Busstop_coverL.sco
1150574671
1150574671
-1
Sceneryobjects\gg\Busstop_coverSA.sco
1150574685
1150574685
-1
Sceneryobjects\gg\Busstop_plate1.sco
1110538497
1110538497
-1
Sceneryobjects\gg\Busstop_plate2.sco
1110538468
1110538468
-1
Sceneryobjects\gg\Busstop_plate4.sco
1110538413
1110538413
-1
Sceneryobjects\gg\Busstop_pole.sco
1110180457
1110180457
-1
Sceneryobjects\gg\fstation2.sco
1113037917
1113037917
-1
Sceneryobjects\gg\Road011.sco
1467260573
1467260573
-1
Sceneryobjects\gg\routearrows_busstop1.sco
1110442101
1110442101
-1
Sceneryobjects\gg\routearrows_busstop2.sco
1110442713
1110442713
-1
Sceneryobjects\gg\RQ_X8_to_X11_Seeburger.sco
1110420164
1110420164
-1
Sceneryobjects\Nemolus Objekte\Verkehrszeichen\VZ_Mast_DoppelkurveLinks.sco
1468697832
1468697832
-1
Sceneryobjects\Nemolus Objekte\Verkehrszeichen\VZ_Mast_DoppelkurveRechts.sco
1468697832
1468697832
-1
Sceneryobjects\Nemolus Objekte\Verkehrszeichen\VZ_Mast_KurveLinks.sco
1468697833
1468697833
-1
Sceneryobjects\Nemolus Objekte\Verkehrszeichen\VZ_Mast_VerengteFahrbahn.sco
1468697833
1468697833
-1
Sceneryobjects\Streetobjects_MC\fountain_1.sco
1415285170
1415285170
-1
Sceneryobjects\Streetobjects_MC\parkbench_1.sco
1415285205
1415285205
-1
Sceneryobjects\Streetobjects_RUE\attach_whip_beam.sco
1415285205
1415285205
-1
Sceneryobjects\Streetobjects_RUE\LBL-Tropfen_3.sco
1415285186
1415285186
-1
Sceneryobjects\Streetobjects_RUE\single_pole.sco
1415285174
1415285174
-1
Sceneryobjects\Streetobjects_RUE\sodiumlight_L_whip_L.sco
1415285221
1415285221
-1
Sceneryobjects\Streetobjects_RUE\whip_beam.sco
1415285189
1415285189
-1
Sceneryobjects\Trees_MC\tree_medium_02.sco
1210216022
1210216022
-1
Sceneryobjects\Trees_MC\tree_medium_09.sco
1210216280
1210216280
-1
Sceneryobjects\Verkehrszeichen_MC\Ampel_Kfz_1.sco
1415285188
1415285188
-1
Sceneryobjects\Verkehrszeichen_MC\Ampel_Kfz_OhBlind_1.sco
1415285250
1415285250
-1
Splines\ADDON_SimpleStreets\RQ_X_2spur_Altonaer_8m.sli
1047632925
-
-
Splines\Marcel\str_2spur_11m_SeeburgerStr1.sli
1415285252
-
-
Splines\gg\hillwall07.sli
1109956453
-
-
Sceneryobjects\gg\Busstop_A6.sco
1110184889
1110184889
-1
Sceneryobjects\gg\Busstop_12.sco
1110180469
1110180469
-1
