Sceneryobjects\Buildings_MC\bw_secondhandcars.sco
1415285159
1415285159
-1
Sceneryobjects\Buildings_MC\park_2_B.sco
1415285168
1415285168
-1
Sceneryobjects\Buildings_MC\park_2_C.sco
1415285143
1415285143
-1
Sceneryobjects\Buildings_MC\schul_turn_02.sco
1415285142
1415285142
-1
Sceneryobjects\gg\bs01.sco
1110509818
1110509818
-1
Sceneryobjects\gg\building01.sco
1110413967
1110413967
-1
Sceneryobjects\Kreuz_MC\Einm_Altonaer.sco
1462910478
1462910478
-1
Sceneryobjects\Streetobjects_RUE\sodiumlight_L_whip_L.sco
1415285221
1415285221
-1
Sceneryobjects\Tony_A_objects\8-Storey-Office-LtBrk.sco
1066043891
1066043891
-1
Sceneryobjects\Trees_MC\tree_medium_02.sco
1210216022
1210216022
-1
Sceneryobjects\Trees_MC\tree_medium_09.sco
1210216280
1210216280
-1
Splines\ADDON_SimpleStreets\RQ_X_2spur_Altonaer_8m.sli
1417588864
-
-
Splines\gg\building01.sli
1099479673
-
-
Splines\Marcel\str_2spur_8m_altonaer1.sli
1190173216
-
-
Splines\gg\Damm3.sli
1151621489
-
-
