Sceneryobjects\ADDON_SimpleStreets\RQ_X8m_2spur_8,0m_Sidewalk_gabel.sco
1047960231
1047960231
-1
Sceneryobjects\Buildings_MC\bw_70s_02A.sco
1415285152
1415285152
-1
Sceneryobjects\Buildings_MC\bw_70s_05A.sco
1415285163
1415285163
-1
Sceneryobjects\Buildings_MC\bw_hoch_15.sco
1415285148
1415285148
-1
Sceneryobjects\Buildings_MC\hoch_01.sco
1415285161
1415285161
-1
Sceneryobjects\Buildings_MC\park_3.sco
1415285161
1415285161
-1
Sceneryobjects\Buildings_MC\tank_2_aral.sco
1415285153
1415285153
-1
Sceneryobjects\Generic\bus_stop.sco
1415285162
1415285162
-1
Sceneryobjects\Generic\car_park.sco
1415285161
1415285161
-1
Sceneryobjects\Generic\people_standing_small.sco
1415285152
1415285152
-1
Sceneryobjects\gg\arrow_leftY.sco
1112408918
1112408918
-1
Sceneryobjects\gg\arrow_rightY.sco
1112408923
1112408923
-1
Sceneryobjects\gg\Busstop_1A.sco
1110180462
1110180462
-1
Sceneryobjects\gg\Busstop_6.sco
1110180820
1110180820
-1
Sceneryobjects\gg\Busstop_A1.sco
1110184865
1110184865
-1
Sceneryobjects\gg\Busstop_A1A.sco
1110184875
1110184875
-1
Sceneryobjects\gg\Busstop_coverL.sco
1152125275
1152125275
-1
Sceneryobjects\gg\Busstop_coverSA.sco
1152125289
1152125289
-1
Sceneryobjects\gg\Busstop_plate4.sco
1110538413
1110538413
-1
Sceneryobjects\gg\Busstop_pole.sco
1110180457
1110180457
-1
Sceneryobjects\gg\police1.sco
1150521107
1150521107
-1
Sceneryobjects\gg\Road010b.sco
1109951275
1109951275
-1
Sceneryobjects\gg\routearrows_busstop1.sco
1110458485
1110458485
-1
Sceneryobjects\gg\routearrows_busstop2.sco
1110459097
1110459097
-1
Sceneryobjects\gg\RQ_X8_to_X11_Seeburger.sco
1152466984
1152466984
-1
Sceneryobjects\gg\yanlam1.sco
1110410074
1110410074
-1
Sceneryobjects\gg\yanlam2.sco
1110410077
1110410077
-1
Sceneryobjects\gg\yanlam3.sco
1110539456
1110539456
-1
Sceneryobjects\GG2Signs\gg2_drn_sign_medium.sco
1114245555
1114245555
-1
Sceneryobjects\Kreuz_MC\Wende_Borkumer_R.sco
1462910486
1462910486
-1
Sceneryobjects\Nemolus Objekte\Verkehrszeichen\VZ_Mast_VerengteFahrbahn.sco
1047725282
1047725282
-1
Sceneryobjects\Streetobjects_RUE\single_pole.sco
1415285174
1415285174
-1
Sceneryobjects\Streetobjects_RUE\sodiumlight_L_whip_L.sco
1415285221
1415285221
-1
Sceneryobjects\Streetobjects_RUE\whip_beam.sco
1415285189
1415285189
-1
Sceneryobjects\Trees_MC\tree_medium_02.sco
1210216022
1210216022
-1
Sceneryobjects\Trees_MC\tree_medium_09.sco
1210216280
1210216280
-1
Sceneryobjects\Verkehrszeichen_MC\Ampel_Kfz_1.sco
1415285188
1415285188
-1
Sceneryobjects\Verkehrszeichen_MC\Ampel_Kfz_OhBlind_1.sco
1415285250
1415285250
-1
Sceneryobjects\Verkehrszeichen_MC\VZ_att_vorfahrtgewahr_m_mast.sco
1415285189
1415285189
-1
Splines\ADDON_SimpleStreets\RQ_X_2spur_Altonaer_8m.sli
1417588864
-
-
Splines\gg\hillwall04.sli
1099939397
-
-
Splines\gg\hillwall05.sli
1099956783
-
-
Splines\gg\RQ_X_2spur_Altonaer_8m_GRASS.sli
1099076044
-
-
Splines\Marcel\str_2spur_11m_SeeburgerStr1.sli
1190173140
-
-
Sceneryobjects\gg\Busstop_A6.sco
1110184889
1110184889
-1
Sceneryobjects\gg\Busstop_12.sco
1110180469
1110180469
-1
