Sceneryobjects\gg\arrow_rightB.sco
1112408921
1112408921
-1
Sceneryobjects\gg\arrow_rightY.sco
1112408923
1112408923
-1
Sceneryobjects\gg\light01.sco
1110598479
1110598479
-1
Sceneryobjects\gg\light02.sco
1110598497
1110598497
-1
Sceneryobjects\gg\tunnel\RQ_28_Entry_Start.sco
1417588864
1417588864
-1
Sceneryobjects\gg\tunnel\RQ_28_Exit_End.sco
1417588864
1417588864
-1
Sceneryobjects\gg\tunnelhole2b.sco
1132706086
1132706086
-1
Sceneryobjects\GG2Signs\gg2_drn_sign_medium.sco
1114245555
1114245555
-1
Splines\ggtunnel\highway_1line.sli
1132755090
-
-
Splines\ggtunnel\highway_2lines.sli
1132755128
-
-
Splines\ggtunnel\tunnel_wall.sli
1132755047
-
-
Splines\ggtunnel\tunnel_wall2.sli
1132755055
-
-
Splines\gg\Damm3.sli
1151621489
-
-
Splines\ggtunnel\highway_3lines.sli
1132755204
-
-
Splines\ggtunnel\highway_3lines_ground.sli
1048413250
-
-
