Sceneryobjects\Buildings_MC\tank_2_bp.sco
1415285143
1415285143
-1
Sceneryobjects\Buildings_MC\tank_2_esso.sco
1415285153
1415285153
-1
Sceneryobjects\Generic\car_park.sco
1415285161
1415285161
-1
Sceneryobjects\GG2Buildings\gg2_apt_boarding_bridge.sco
1129293161
1129293161
-1
Sceneryobjects\GG2Buildings\gg2_apt_terminal_east_extension.sco
1129293148
1129293148
-1
Sceneryobjects\ggairport\ggapt_fence_piece.sco
1122283586
1122283586
-1
Sceneryobjects\ggairport\ggapt_fence_post.sco
1122284200
1122284200
-1
Sceneryobjects\ggairport\ggapt_runwaylight_blue.sco
1126435826
1126435826
-1
Sceneryobjects\ggairport\ggapt_runwaylight_green.sco
1126435828
1126435828
-1
Sceneryobjects\ggplanes\a340-300-airfrance.sco
1152473158
1152473158
-1
Sceneryobjects\ggplanes\a340-300-cx.sco
1152473192
1152473192
-1
Sceneryobjects\ggplanes\a340-300-jal.sco
1152473199
1152473199
-1
Sceneryobjects\Streetobjects_MC\strlt_str_ufo_big12.sco
1415285216
1415285216
-1
Sceneryobjects\Streetobjects_RUE\sodiumlight_L_break_L.sco
1415285204
1415285204
-1
Splines\ADDON_SimpleStreets\RQ_X_2spur_Altonaer_8m.sli
1417588864
-
-
Splines\ggairport\ggapt_fence_base.sli
1122283541
-
-
Splines\ggairport\ggapt_runway_taxiway.sli
1121235451
-
-
Splines\ggairport\invis_align_to.sli
1126339366
-
-
