Sceneryobjects\Buildings_Freeman\basichouse1.sco
1057712960
1057712960
-1
Sceneryobjects\Buildings_Freeman\basichouse5.sco
1057845056
1057845056
-1
Sceneryobjects\Buildings_Freeman\basichouse7.sco
1057845071
1057845071
-1
Sceneryobjects\Buildings_Freeman\basichouse8.sco
1057845077
1057845077
-1
Sceneryobjects\Buildings_MC\bw_80s_01.sco
1415285144
1415285144
-1
Sceneryobjects\Buildings_RUE\Haus01a.sco
1415285196
1415285196
-1
Sceneryobjects\Buildings_RUE\Haus01b.sco
1415285190
1415285190
-1
Sceneryobjects\Buildings_RUE\Haus01c.sco
1415285186
1415285186
-1
Sceneryobjects\Buildings_RUE\Haus02b.sco
1415285192
1415285192
-1
Sceneryobjects\Buildings_RUE\Haus02c.sco
1415285186
1415285186
-1
Sceneryobjects\Buildings_RUE\Haus02e.sco
1415285180
1415285180
-1
Sceneryobjects\Buildings_RUE\Haus03b.sco
1415285163
1415285163
-1
Sceneryobjects\Buildings_RUE\Haus03c2.sco
1415285152
1415285152
-1
Sceneryobjects\Buildings_RUE\Haus03e.sco
1415285195
1415285195
-1
Sceneryobjects\Generic\bus_stop.sco
1415285162
1415285162
-1
Sceneryobjects\Generic\car_park.sco
1415285161
1415285161
-1
Sceneryobjects\gg\bs01.sco
1110509818
1110509818
-1
Sceneryobjects\gg\Busstop_6.sco
1110180820
1110180820
-1
Sceneryobjects\gg\Busstop_A1.sco
1110184865
1110184865
-1
Sceneryobjects\gg\Busstop_A1A.sco
1110184875
1110184875
-1
Sceneryobjects\gg\Busstop_coverL.sco
1152125275
1152125275
-1
Sceneryobjects\gg\Busstop_coverSA.sco
1152125289
1152125289
-1
Sceneryobjects\gg\Busstop_plate4.sco
1110538413
1110538413
-1
Sceneryobjects\gg\Busstop_pole.sco
1110180457
1110180457
-1
Sceneryobjects\gg\court01.sco
1112307558
1112307558
-1
Sceneryobjects\gg\parapet1.sco
1109786701
1109786701
-1
Sceneryobjects\gg\routearrows_busstop1.sco
1110458485
1110458485
-1
Sceneryobjects\gg\routearrows_busstop2.sco
1110459097
1110459097
-1
Sceneryobjects\GG2Signs\gg2_drn_sign_medium.sco
1114245555
1114245555
-1
Sceneryobjects\Kreuz_MC\Einm_Altonaer.sco
1462910478
1462910478
-1
Sceneryobjects\Streetobjects_RUE\sodiumlight_L_whip_L.sco
1415285221
1415285221
-1
Sceneryobjects\Tony_A_objects\Double-Face-House.sco
1066044187
1066044187
-1
Sceneryobjects\Tony_A_objects\House-White-GryRoof.sco
1066044537
1066044537
-1
Sceneryobjects\Trees_MC\tree_medium_02.sco
1210216022
1210216022
-1
Sceneryobjects\Trees_MC\tree_medium_09.sco
1210216280
1210216280
-1
Sceneryobjects\Verkehrszeichen_MC\VZ_att_vorfahrtgewahr_m_mast.sco
1415285189
1415285189
-1
Splines\ADDON_SimpleStreets\RQ_X_2spur_Altonaer_8m.sli
1417588864
-
-
Splines\gg\hillwall04.sli
1099939397
-
-
Splines\gg\RQ_X_2spur_Altonaer_8m_GRASS.sli
1099076044
-
-
Splines\Marcel\str_2spur_8m_altonaer1.sli
1190173216
-
-
Splines\gg\parapet1.sli
1087929904
-
-
