Sceneryobjects\Buildings_RUE\Stellwerk_Spw.sco
1415285202
1415285202
-1
Sceneryobjects\gg\parapet1.sco
1109786701
1109786701
-1
Sceneryobjects\GG2Signs\gg2_countdown_3_m.sco
1116648526
1116648526
-1
Sceneryobjects\GG2Signs\gg2_gantry_14m.sco
1110417757
1110417757
-1
Sceneryobjects\Railroad_RUE\EW190_L_Beton.sco
1415285205
1415285205
-1
Sceneryobjects\Railroad_RUE\EW190_R_Beton.sco
1415285194
1415285194
-1
Sceneryobjects\Streetobjects_RUE\sodiumlight_2L_break_L.sco
1415285212
1415285212
-1
Sceneryobjects\Trees_MC\tree_medium_02.sco
1210216022
1210216022
-1
Sceneryobjects\Trees_MC\tree_medium_09.sco
1210216280
1210216280
-1
Splines\gg\hillwall06.sli
1100050301
-
-
Splines\Ruede\rail_concrete_01.sli
1415285172
-
-
Splines\ADDON_SimpleStreets\RQ_28_EntryExit_Both.sli
1048411202
-
-
Splines\gg\parapet1.sli
1087929904
-
-
Splines\Marcel\invis_street.sli
1415285258
-
-
