Sceneryobjects\ADDON_SimpleStreets\RQ_28_Bridge_Connector.sco
1049498269
1049498269
-1
Sceneryobjects\ADDON_SimpleStreets\RQ_28_Exit_End.sco
1048952664
1048952664
-1
Sceneryobjects\gg\arrow_downB.sco
1112376141
1112376141
-1
Sceneryobjects\gg\arrow_downY.sco
1112376143
1112376143
-1
Sceneryobjects\gg\arrow_rightB.sco
1112376153
1112376153
-1
Sceneryobjects\gg\arrow_rightY.sco
1112376155
1112376155
-1
Sceneryobjects\gg\highway_bridge.sco
1112307493
1112307493
-1
Sceneryobjects\gg\highway_bridge2.sco
1112307496
1112307496
-1
Sceneryobjects\gg\parapet1.sco
1109786701
1109786701
-1
Sceneryobjects\gg\RQ_28_Entry_Start.sco
1052343030
1052343030
-1
Sceneryobjects\GG2Signs\gg2_countdown_1_m.sco
1116648508
1116648508
-1
Sceneryobjects\GG2Signs\gg2_gantry_14m_4m77.sco
1115398876
1115398876
-1
Sceneryobjects\GG2Signs\gg2_gantry_freetex.sco
1152354642
1152354642
-1
Sceneryobjects\GG2Signs\gg2_route_confirm.sco
1116640347
1116640347
-1
Sceneryobjects\Streetobjects_RUE\sodiumlight_2L_break_L.sco
1415285212
1415285212
-1
Sceneryobjects\Streetobjects_RUE\sodiumlight_L_break_L.sco
1415285204
1415285204
-1
Sceneryobjects\Streetobjects_RUE\sodiumlight_L_whip_L.sco
1415285221
1415285221
-1
Sceneryobjects\Trees_MC\tree_medium_02.sco
1210216022
1210216022
-1
Sceneryobjects\Trees_MC\tree_medium_09.sco
1210216280
1210216280
-1
Sceneryobjects\Verkehrszeichen_MC\vz_vb_einfahrt_m_mast.sco
1415285176
1415285176
-1
Splines\ADDON_SimpleStreets\RQ_10,5_1spur.sli
1048387841
-
-
Splines\ADDON_SimpleStreets\RQ_28.sli
1048411084
-
-
Splines\ADDON_SimpleStreets\RQ_28_Bridge.sli
1049494701
-
-
Splines\gg\parapet1.sli
1087929904
-
-
Splines\gg\RQ_10,5_1spur_Bridge.sli
1110345519
-
-
Splines\ADDON_SimpleStreets\RQ_28_EntryExit_Both.sli
1048411202
-
-
Splines\ADDON_SimpleStreets\RQ_9,5_2spur_6,5m_Sidewalk.sli
1047233290
-
-
Splines\Ruede\rail_concrete_01.sli
1415285172
-
-
