Sceneryobjects\ADDON_SimpleStreets\RQ_X8m_2spur_8,0m_Sidewalk_PedCross.sco
1047960264
1047960264
-1
Sceneryobjects\Buildings_MC\bk_melanchthon.sco
1466203124
1466203124
-1
Sceneryobjects\Buildings_MC\bw_rathspd.sco
1466203118
1466203118
-1
Sceneryobjects\Buildings_MC\bw_rathspd_anbau.sco
1466203124
1466203124
-1
Sceneryobjects\Buildings_MC\bw_row30s_02.sco
1466203124
1466203124
-1
Sceneryobjects\Buildings_MC\schul_freiherr_2.sco
1466203124
1466203124
-1
Sceneryobjects\Buildings_MC\Ubahn_Rsp_08.sco
1466203124
1466203124
-1
Sceneryobjects\Buildings_MC\Ubahn_Rsp_Pilz.sco
1466203124
1466203124
-1
Sceneryobjects\Generic\bus_stop.sco
1466203123
1466203123
-1
Sceneryobjects\Generic\car_park.sco
1466203124
1466203124
-1
Sceneryobjects\Generic\people_standing_small.sco
1466203118
1466203118
-1
Sceneryobjects\gg\arrow_downY.sco
1112408911
1112408911
-1
Sceneryobjects\gg\arrow_leftY.sco
1112408918
1112408918
-1
Sceneryobjects\gg\arrow_rightY.sco
1112408923
1112408923
-1
Sceneryobjects\gg\Busstop_2.sco
1110180464
1110180464
-1
Sceneryobjects\gg\Busstop_6.sco
1110180820
1110180820
-1
Sceneryobjects\gg\Busstop_coverXL.sco
1152125291
1152125291
-1
Sceneryobjects\gg\Busstop_plate2.sco
1110538468
1110538468
-1
Sceneryobjects\gg\Busstop_plate3.sco
1110538436
1110538436
-1
Sceneryobjects\gg\Busstop_pole.sco
1110180457
1110180457
-1
Sceneryobjects\gg\Road007.sco
1099563884
1099563884
-1
Sceneryobjects\gg\Road010b.sco
1109951275
1109951275
-1
Sceneryobjects\gg\routearrows_busstop1.sco
1110458485
1110458485
-1
Sceneryobjects\gg\RQ_X11m_to_X13_Omnibushof.sco
1055333212
1055333212
-1
Sceneryobjects\gg\RQ_X8_to_X11_Seeburger.sco
1152466984
1152466984
-1
Sceneryobjects\GG2Signs\gg2_tall_warning_sign.sco
1152393635
1152393635
-1
Sceneryobjects\Kreuz_MC\Einm_Altonaer.sco
1462910478
1462910478
-1
Sceneryobjects\Nemolus Objekte\Verkehrszeichen\VZ_Mast_Fussgaengerueberweg.sco
1052208988
1052208988
-1
Sceneryobjects\Nemolus Objekte\Verkehrszeichen\VZ_Mast_KurveLinks.sco
1047726251
1047726251
-1
Sceneryobjects\Nemolus Objekte\Verkehrszeichen\VZ_Mast_KurveRechts.sco
1047726199
1047726199
-1
Sceneryobjects\Nemolus Objekte\Verkehrszeichen\VZ_Mast_VerengteFahrbahn.sco
1047725282
1047725282
-1
Sceneryobjects\Streetobjects_MC\fountain_1.sco
1466203125
1466203125
-1
Sceneryobjects\Streetobjects_MC\strlt_str_ufo_big12.sco
1466203125
1466203125
-1
Sceneryobjects\Streetobjects_RUE\single_pole.sco
1466203123
1466203123
-1
Sceneryobjects\Streetobjects_RUE\sodiumlight_L_whip_L.sco
1466203123
1466203123
-1
Sceneryobjects\Trees_MC\tree_medium_02.sco
1466203123
1466203123
-1
Sceneryobjects\Trees_MC\tree_medium_09.sco
1466203123
1466203123
-1
Sceneryobjects\Verkehrszeichen_MC\Ampel_Kfz_1.sco
1466203124
1466203124
-1
Sceneryobjects\Verkehrszeichen_MC\Ampel_Mensch_1.sco
1466203123
1466203123
-1
Sceneryobjects\Verkehrszeichen_MC\VZ_att_vorfahrtgewahr_m.sco
1466203123
1466203123
-1
Sceneryobjects\Verkehrszeichen_MC\VZ_att_vorfahrtgewahr_m_mast.sco
1466203121
1466203121
-1
Sceneryobjects\Verkehrszeichen_MC\vz_vb_einfahrt_m_mast.sco
1466203122
1466203122
-1
Splines\ADDON_SimpleStreets\RQ_X_2spur_Altonaer_8m.sli
1417588864
-
-
Splines\gg\hillwall06.sli
1100050301
-
-
Splines\Marcel\invis_street.sli
1466203125
-
-
Splines\Marcel\str_2spur_11m_SeeburgerStr1.sli
1466203125
-
-
Splines\Marcel\str_2spur_8m_borkumer1.sli
1466203123
-
-
Splines\ADDON_SimpleStreets\RQ_9,5_2spur_6,5m_Sidewalk.sli
1417588864
-
-
Splines\gg\RQ_9,5_2spur_6,5m_Sidewalk3.sli
1055558789
-
-
Sceneryobjects\Generic\entrypoint_bus.sco
1466203124
1466203124
-1
Sceneryobjects\GG2Signs\gg2_newbusstopdisplay.sco
1116418523
1116418523
-1
Sceneryobjects\SMV Studios\LTA Bus Panel\Bus Panel.sco
1417588864
1417588864
-1
