Sceneryobjects\GG2Buildings\gg2_apt_boarding_bridge.sco
1129293161
1129293161
-1
Sceneryobjects\ggairport\ggapt_runwaylight_blue.sco
1126435826
1126435826
-1
Sceneryobjects\ggairport\ggapt_runwaylight_green.sco
1126435828
1126435828
-1
Sceneryobjects\ggplanes\a340-300-airfrance.sco
1152473158
1152473158
-1
Sceneryobjects\ggplanes\a340-300-airgrundorf.sco
1152473184
1152473184
-1
Sceneryobjects\ggplanes\a340-300-cx.sco
1152473192
1152473192
-1
Sceneryobjects\ggplanes\a340-300-jal.sco
1152473199
1152473199
-1
Sceneryobjects\Streetobjects_MC\strlt_str_ufo_big12.sco
1415285216
1415285216
-1
Splines\ggairport\ggapt_runway_taxiway.sli
1121235451
-
-
Splines\ggairport\invis_align_to.sli
1126339366
-
-
