Sceneryobjects\Buildings_MC\oth_elek_1.sco
1196580393
1196580393
-1
Sceneryobjects\Generic\bus_stop.sco
1351774414
1351774414
-1
Sceneryobjects\Generic\people_standing_small.sco
1351774415
1351774415
-1
Sceneryobjects\gg\bs01.sco
1110477050
1110477050
-1
Sceneryobjects\gg\Busstop_1A.sco
1110180462
1110180462
-1
Sceneryobjects\gg\Busstop_coverLA.sco
1152125277
1152125277
-1
Sceneryobjects\gg\Busstop_plate1A.sco
1110538489
1110538489
-1
Sceneryobjects\gg\Busstop_pole.sco
1110180457
1110180457
-1
Sceneryobjects\gg\Road006.sco
1099563075
1099563075
-1
Sceneryobjects\gg\routearrows_busstop2.sco
1110442713
1110442713
-1
Sceneryobjects\GG2Buildings\gg2_ggaeco_hangar2.sco
1133807704
1133807704
-1
Sceneryobjects\GG2Signs\gg2_refugee_island_small_half.sco
1114548077
1114548077
-1
Sceneryobjects\GG2Signs\road_bollard_right.sco
1114548231
1114548231
-1
Sceneryobjects\ggairport\ggapt_fence_piece.sco
1122283586
1122283586
-1
Sceneryobjects\ggairport\ggapt_fence_post.sco
1122284200
1122284200
-1
Sceneryobjects\Nemolus Objekte\Verkehrszeichen\VZ_Mast_Kreisverkehr.sco
1052225706
1052225706
-1
Sceneryobjects\Streetobjects_MC\strlt_str_ufo_big12.sco
1459335761
1459335761
-1
Sceneryobjects\Streetobjects_RUE\sodiumlight_L_break_L.sco
1351811284
1351811284
-1
Sceneryobjects\Trees_MC\tree_medium_02.sco
1351774433
1351774433
-1
Sceneryobjects\Trees_MC\tree_medium_09.sco
1351774437
1351774437
-1
Splines\ADDON_SimpleStreets\RQ_X_2spur_Altonaer_8m.sli
1047632924
-
-
Splines\ggairport\ggapt_fence_base.sli
1122283541
-
-
Splines\ADDON_SimpleStreets\RQ_9,5_2spur_6,5m_Sidewalk.sli
1047233289
-
-
Splines\Marcel\str_2spur_6m_gaertnereiring1.sli
1459335758
-
-
