Sceneryobjects\ADDON_SimpleStreets\RQ_X8m_2spur_8,0m_Sidewalk_PedCross.sco
1047960264
1047960264
-1
Sceneryobjects\Buildings_Freeman\mcdonalds.sco
1057948235
1057948235
-1
Sceneryobjects\Buildings_MC\tank_2_esso.sco
1415285153
1415285153
-1
Sceneryobjects\gg\parapet1.sco
1109786701
1109786701
-1
Sceneryobjects\gg\phousing_0401.sco
1417588864
1417588864
-1
Sceneryobjects\gg\phousing_1201.sco
1417588864
1417588864
-1
Sceneryobjects\gg\sport03.sco
1110943759
1110943759
-1
Sceneryobjects\Nemolus Objekte\Verkehrszeichen\VZ_Mast_Fussgaengerueberweg.sco
1052208988
1052208988
-1
Sceneryobjects\Streetobjects_RUE\sodiumlight_4L_break_L.sco
1415285204
1415285204
-1
Sceneryobjects\Streetobjects_RUE\sodiumlight_L_whip_L.sco
1415285221
1415285221
-1
Sceneryobjects\Streetobjects_RUE\whip_beam.sco
1415285189
1415285189
-1
Sceneryobjects\Trees_MC\tree_medium_02.sco
1210216022
1210216022
-1
Sceneryobjects\Trees_MC\tree_medium_09.sco
1210216280
1210216280
-1
Sceneryobjects\Verkehrszeichen_MC\Ampel_Kfz_1.sco
1415285188
1415285188
-1
Sceneryobjects\Verkehrszeichen_MC\Ampel_Kfz_OhBlind_1.sco
1415285250
1415285250
-1
Sceneryobjects\Verkehrszeichen_MC\Ampel_Mensch_1.sco
1415285211
1415285211
-1
Splines\gg\hillwall03.sli
1099479639
-
-
Splines\gg\parapet1.sli
1087929904
-
-
Splines\gg\RQ_X_2spur_Altonaer_8m_GRASS.sli
1099076044
-
-
Splines\gg\building01.sli
1099479673
-
-
