Sceneryobjects\Generic\bus_stop.sco
1466203123
1466203123
-1
Sceneryobjects\Generic\car_park.sco
1466203124
1466203124
-1
Sceneryobjects\Generic\people_standing_small.sco
1466203118
1466203118
-1
Sceneryobjects\gg\arrow_leftY.sco
1112408918
1112408918
-1
Sceneryobjects\gg\arrow_rightY.sco
1112408923
1112408923
-1
Sceneryobjects\gg\bt01.sco
1113103716
1113103716
-1
Sceneryobjects\gg\Busstop_1.sco
1110180460
1110180460
-1
Sceneryobjects\gg\Busstop_2.sco
1110180464
1110180464
-1
Sceneryobjects\gg\Busstop_coverXL.sco
1152125291
1152125291
-1
Sceneryobjects\gg\Busstop_plate2.sco
1110538468
1110538468
-1
Sceneryobjects\gg\Busstop_pole.sco
1110180457
1110180457
-1
Sceneryobjects\gg\parapet1.sco
1109786701
1109786701
-1
Sceneryobjects\gg\Road007.sco
1099563884
1099563884
-1
Sceneryobjects\gg\routearrows_busstop1.sco
1110458485
1110458485
-1
Sceneryobjects\gg\RQ_X8_to_X11_Seeburger.sco
1152466984
1152466984
-1
Sceneryobjects\GG2Signs\gg2_newbusstopdisplay.sco
1116418523
1116418523
-1
Sceneryobjects\Nemolus Objekte\Verkehrszeichen\VZ_Mast_Fussgaenger.sco
1052208984
1052208984
-1
Sceneryobjects\Nemolus Objekte\Verkehrszeichen\VZ_Mast_KurveLinks.sco
1047726251
1047726251
-1
Sceneryobjects\Nemolus Objekte\Verkehrszeichen\VZ_Mast_VerengteFahrbahn.sco
1047725282
1047725282
-1
Sceneryobjects\Streetobjects_MC\strlt_str_ufo_big12.sco
1466203125
1466203125
-1
Sceneryobjects\Streetobjects_RUE\sodiumlight_L_whip_L.sco
1466203123
1466203123
-1
Sceneryobjects\Trees_MC\tree_medium_02.sco
1466203123
1466203123
-1
Sceneryobjects\Trees_MC\tree_medium_09.sco
1466203123
1466203123
-1
Sceneryobjects\Verkehrszeichen_MC\VZ_att_vorfahrtgewahr_m_mast.sco
1466203121
1466203121
-1
Sceneryobjects\Verkehrszeichen_MC\VZ_surfmark_arrow_S.sco
1466203123
1466203123
-1
Sceneryobjects\Verkehrszeichen_MC\vz_vb_einfahrt_m_mast.sco
1466203122
1466203122
-1
Splines\gg\hillwall03.sli
1099479639
-
-
Splines\gg\parapet1.sli
1087929904
-
-
Splines\gg\RQ_9,5_2spur_6,5m_Sidewalk_half.sli
1149217772
-
-
Splines\gg\RQ_9,5_2spur_6,5m_Sidewalk2.sli
1055558713
-
-
Splines\gg\RQ_9,5_2spur_6,5m_Sidewalk3.sli
1055558789
-
-
Splines\gg\RQ_9,5_2spur_6,5m_Sidewalkhalf.sli
1149217171
-
-
