Sceneryobjects\GG2Buildings\gg2_apt_boarding_bridge.sco
1129293161
1129293161
-1
Sceneryobjects\ggairport\ggapt_approach_light_1.sco
1143755418
1143755418
-1
Sceneryobjects\ggairport\ggapt_approach_light_2.sco
1143755394
1143755394
-1
Sceneryobjects\ggairport\ggapt_approach_light_3.sco
1143755343
1143755343
-1
Sceneryobjects\ggairport\ggapt_runwaylight_blue.sco
1126435826
1126435826
-1
Sceneryobjects\ggairport\ggapt_runwaylight_green.sco
1126435828
1126435828
-1
Sceneryobjects\ggplanes\a340-300-airgrundorf.sco
1152473184
1152473184
-1
Sceneryobjects\Streetobjects_MC\strlt_str_ufo_big12.sco
1415285216
1415285216
-1
Splines\ggairport\ggapt_runway_blastingpad.sli
1121228326
-
-
Splines\ggairport\invis_align_to.sli
1126339366
-
-
Splines\Marcel\invis_street.sli
1226475086
-
-
