Sceneryobjects\Buildings_MC\bk_melanchthon.sco
1415285145
1415285145
-1
Sceneryobjects\Buildings_MC\bw_hoch_17.sco
1415285141
1415285141
-1
Sceneryobjects\Buildings_MC\bw_ladengeschaeft_01.sco
1415285160
1415285160
-1
Sceneryobjects\Buildings_MC\bw_med_01.sco
1415285141
1415285141
-1
Sceneryobjects\Buildings_MC\CHGeb_01.sco
1415285161
1415285161
-1
Sceneryobjects\Buildings_MC\park_3.sco
1415285161
1415285161
-1
Sceneryobjects\Buildings_MC\wohn_smrow_01.sco
1415285153
1415285153
-1
Sceneryobjects\Buildings_MC\wohngew_med_01.sco
1415285192
1415285192
-1
Sceneryobjects\Buildings_MC\wohngew_med_02.sco
1415285162
1415285162
-1
Sceneryobjects\Buildings_RUE\Haus01a.sco
1415285196
1415285196
-1
Sceneryobjects\Buildings_RUE\Haus01c2.sco
1415285157
1415285157
-1
Sceneryobjects\Buildings_RUE\Haus01d.sco
1415285155
1415285155
-1
Sceneryobjects\Buildings_RUE\Haus01e.sco
1415285153
1415285153
-1
Sceneryobjects\Buildings_RUE\Haus02c2.sco
1415285154
1415285154
-1
Sceneryobjects\Buildings_RUE\Haus02d.sco
1415285148
1415285148
-1
Sceneryobjects\Buildings_RUE\Haus02e.sco
1415285180
1415285180
-1
Sceneryobjects\Buildings_RUE\Haus02f.sco
1415285152
1415285152
-1
Sceneryobjects\Buildings_RUE\Haus03c.sco
1415285159
1415285159
-1
Sceneryobjects\Buildings_RUE\Haus03c2.sco
1415285152
1415285152
-1
Sceneryobjects\Buildings_RUE\Haus03e.sco
1415285195
1415285195
-1
Sceneryobjects\Buildings_RUE\Taubenhaus.sco
1415285191
1415285191
-1
Sceneryobjects\Generic\bus_stop.sco
1415285162
1415285162
-1
Sceneryobjects\Generic\people_standing_small.sco
1415285152
1415285152
-1
Sceneryobjects\gg\arrow_leftY.sco
1112376150
1112376150
-1
Sceneryobjects\gg\arrow_rightY.sco
1112376155
1112376155
-1
Sceneryobjects\gg\Busstop_6.sco
1110180820
1110180820
-1
Sceneryobjects\gg\Busstop_coverXL.sco
1150574690
1150574690
-1
Sceneryobjects\gg\Busstop_plate3.sco
1110538436
1110538436
-1
Sceneryobjects\gg\Busstop_pole.sco
1110180457
1110180457
-1
Sceneryobjects\gg\parapet1.sco
1109786701
1109786701
-1
Sceneryobjects\gg\routearrows_busstop1.sco
1110442101
1110442101
-1
Sceneryobjects\Ruede\30er_reihensiedlung01.sco
1415285193
1415285193
-1
Sceneryobjects\Streetobjects_RUE\sodiumlight_L_whip_L.sco
1415285221
1415285221
-1
Sceneryobjects\Trees_MC\tree_medium_02.sco
1210216022
1210216022
-1
Sceneryobjects\Trees_MC\tree_medium_09.sco
1210216280
1210216280
-1
Splines\gg\hillwall03.sli
1099479639
-
-
Splines\gg\hillwall05.sli
1099956783
-
-
Splines\gg\RQ_X_2spur_Altonaer_8m_SIDEWALK.sli
1099080290
-
-
Splines\Marcel\invis_street.sli
1415285258
-
-
Splines\gg\parapet1.sli
1087929904
-
-
Splines\gg\RQ_X_2spur_Altonaer_8m_GRASS.sli
1099076044
-
-
Splines\gg\RQ_X_2spur_Altonaer_8m2.sli
1099400276
-
-
Splines\gg\RQ_X_2spur_Altonaer_8m3.sli
1099400408
-
-
Splines\Marcel\str_2spur_11m_SeeburgerStr1.sli
1415285252
-
-
