Sceneryobjects\ADDON_SimpleStreets\RQ_28_Exit_End.sco
1148457243
1148457243
-1
Sceneryobjects\Buildings_MC\bw_70s_03.sco
1415285114
1415285114
-1
Sceneryobjects\Buildings_MC\bw_hoch_05.sco
1415285161
1415285161
-1
Sceneryobjects\Generic\bus_stop.sco
1415285162
1415285162
-1
Sceneryobjects\Generic\people_standing_small.sco
1415285152
1415285152
-1
Sceneryobjects\gg\arrow_downB.sco
1112408909
1112408909
-1
Sceneryobjects\gg\arrow_downY.sco
1112408911
1112408911
-1
Sceneryobjects\gg\arrow_leftB.sco
1112408916
1112408916
-1
Sceneryobjects\gg\arrow_leftY.sco
1112408918
1112408918
-1
Sceneryobjects\gg\arrow_rightB.sco
1112408921
1112408921
-1
Sceneryobjects\gg\arrow_rightY.sco
1112408923
1112408923
-1
Sceneryobjects\gg\building02.sco
1110414140
1110414140
-1
Sceneryobjects\gg\Busstop_6.sco
1110180820
1110180820
-1
Sceneryobjects\gg\Busstop_A1.sco
1110184865
1110184865
-1
Sceneryobjects\gg\Busstop_A1A.sco
1110184875
1110184875
-1
Sceneryobjects\gg\Busstop_A6A.sco
1110184902
1110184902
-1
Sceneryobjects\gg\Busstop_coverL.sco
1152125275
1152125275
-1
Sceneryobjects\gg\Busstop_coverSA.sco
1152125289
1152125289
-1
Sceneryobjects\gg\Busstop_plate4.sco
1110538413
1110538413
-1
Sceneryobjects\gg\Busstop_pole.sco
1110180457
1110180457
-1
Sceneryobjects\gg\highway_bridge.sco
1112307493
1112307493
-1
Sceneryobjects\gg\highway_bridge2.sco
1112307496
1112307496
-1
Sceneryobjects\gg\parapet1.sco
1109786701
1109786701
-1
Sceneryobjects\gg\Road010.sco
1109761320
1109761320
-1
Sceneryobjects\gg\Road012.sco
1110871227
1110871227
-1
Sceneryobjects\gg\roundabout5.sco
1110358697
1110358697
-1
Sceneryobjects\gg\routearrows_busstop1.sco
1110458485
1110458485
-1
Sceneryobjects\gg\routearrows_busstop2.sco
1110459097
1110459097
-1
Sceneryobjects\gg\RQ_28_Entry_Start.sco
1052357366
1052357366
-1
Sceneryobjects\GG2Signs\gg2_drn_sign_medium.sco
1114245555
1114245555
-1
Sceneryobjects\GG2Signs\gg2_gantry_14m_4m77.sco
1115431644
1115431644
-1
Sceneryobjects\GG2Signs\gg2_gantry_u2l2.sco
1112737268
1112737268
-1
Sceneryobjects\GG2Signs\gg2_large_sign_with_lights.sco
1121526311
1121526311
-1
Sceneryobjects\GG2Signs\gg2_motorway_ends.sco
1116679063
1116679063
-1
Sceneryobjects\GG2Signs\gg2_route_confirm.sco
1116671067
1116671067
-1
Sceneryobjects\GG2Signs\gg2_sign_3.sco
1112737268
1112737268
-1
Sceneryobjects\GG2Signs\road_bollard_empty.sco
1114581007
1114581007
-1
Sceneryobjects\GG2Signs\road_bollard_right.sco
1114580999
1114580999
-1
Sceneryobjects\Nemolus Objekte\Verkehrszeichen\VZ_Mast_FahrtrichtungHierRechts.sco
1047497856
1047497856
-1
Sceneryobjects\Nemolus Objekte\Verkehrszeichen\VZ_Mast_Kreisverkehr.sco
1047497955
1047497955
-1
Sceneryobjects\Nemolus Objekte\Verkehrszeichen\VZ_Mast_VerengteFahrbahn.sco
1047725282
1047725282
-1
Sceneryobjects\Streetobjects_RUE\sodiumlight_2L_break_L.sco
1415285212
1415285212
-1
Sceneryobjects\Streetobjects_RUE\sodiumlight_L_break_L.sco
1415285204
1415285204
-1
Sceneryobjects\Streetobjects_RUE\sodiumlight_L_whip_L.sco
1415285221
1415285221
-1
Sceneryobjects\Trees_MC\tree_medium_02.sco
1210216022
1210216022
-1
Sceneryobjects\Trees_MC\tree_medium_09.sco
1210216280
1210216280
-1
Sceneryobjects\Verkehrszeichen_MC\VZ_att_vorfahrtgewahr_m_mast.sco
1415285189
1415285189
-1
Sceneryobjects\Verkehrszeichen_MC\vz_vb_einfahrt_m_mast.sco
1415285176
1415285176
-1
Sceneryobjects\Verkehrszeichen_MC\VZ_vb_tempo50_m_mast.sco
1415285252
1415285252
-1
Splines\ADDON_SimpleStreets\RQ_10,5_1spur.sli
1417588864
-
-
Splines\ADDON_SimpleStreets\RQ_28.sli
1417588864
-
-
Splines\ADDON_SimpleStreets\RQ_28_EntryExit_Both.sli
1417588864
-
-
Splines\ADDON_SimpleStreets\RQ_X_2spur_Altonaer_8m.sli
1417588864
-
-
Splines\gg\building01.sli
1099479673
-
-
Splines\gg\parapet1.sli
1087929904
-
-
Splines\gg\RQ_10,5_1spur_Bridge.sli
1110345519
-
-
Splines\gg\RQ_X_2spur_Altonaer_8m2.sli
1099400276
-
-
Splines\gg\RQ_X_2spur_Altonaer_8m3.sli
1099400408
-
-
Splines\Marcel\str_2spur_11m_SeeburgerStr1.sli
1190173140
-
-
Splines\gg\hillwall03.sli
1099479639
-
-
Splines\gg\rail_Bridge.sli
1051170507
-
-
Splines\Ruede\rail_concrete_01.sli
1466203125
-
-
Sceneryobjects\gg\Busstop_A6.sco
1110184889
1110184889
-1
