Sceneryobjects\Generic\bus_stop.sco
1415285162
1415285162
-1
Sceneryobjects\Generic\car_park.sco
1415285161
1415285161
-1
Sceneryobjects\Generic\people_standing_small.sco
1415285152
1415285152
-1
Sceneryobjects\gg\arrow_downY.sco
1112408911
1112408911
-1
Sceneryobjects\gg\arrow_leftY.sco
1112408918
1112408918
-1
Sceneryobjects\gg\arrow_rightY.sco
1112408923
1112408923
-1
Sceneryobjects\gg\bs01.sco
1110509818
1110509818
-1
Sceneryobjects\gg\Busstop_1A.sco
1110180462
1110180462
-1
Sceneryobjects\gg\Busstop_plate1A.sco
1110538489
1110538489
-1
Sceneryobjects\gg\Busstop_pole.sco
1110180457
1110180457
-1
Sceneryobjects\gg\light02.sco
1110598497
1110598497
-1
Sceneryobjects\gg\Road010b.sco
1109951275
1109951275
-1
Sceneryobjects\gg\Road010c.sco
1132622898
1132622898
-1
Sceneryobjects\gg\Road010d.sco
1132622908
1132622908
-1
Sceneryobjects\gg\Road013.sco
1133477755
1133477755
-1
Sceneryobjects\gg\routearrows_busstop2.sco
1110459097
1110459097
-1
Sceneryobjects\gg\RQ_X8_to_X11_Seeburger.sco
1152466984
1152466984
-1
Sceneryobjects\GG2Buildings\gg2_apt_freight_terminal2.sco
1133623755
1133623755
-1
Sceneryobjects\GG2Signs\gg2_drn_sign_medium.sco
1114245555
1114245555
-1
Sceneryobjects\GG2Signs\gg2_newbusstopdisplay.sco
1116418523
1116418523
-1
Sceneryobjects\GG2Signs\gg2_refugee_island_small_half.sco
1114580845
1114580845
-1
Sceneryobjects\GG2Signs\road_bollard_right.sco
1114580999
1114580999
-1
Sceneryobjects\ggairport\ggapt_fence_piece.sco
1122283586
1122283586
-1
Sceneryobjects\ggairport\ggapt_fence_post.sco
1122284200
1122284200
-1
Sceneryobjects\ggairport\ggapt_runwaylight_blue.sco
1126435826
1126435826
-1
Sceneryobjects\ggairport\ggapt_runwaylight_green.sco
1126435828
1126435828
-1
Sceneryobjects\MAN F90\MAN F90.sco
1081124995
1081124995
-1
Sceneryobjects\Nemolus Objekte\Verkehrszeichen\VZ_Mast_VerbotEinfahrt.sco
1047496750
1047496750
-1
Sceneryobjects\Streetobjects_MC\strlt_str_ufo_big12.sco
1415285216
1415285216
-1
Sceneryobjects\Streetobjects_RUE\sodiumlight_L_break_L.sco
1415285204
1415285204
-1
Sceneryobjects\Trees_MC\tree_medium_02.sco
1210216022
1210216022
-1
Sceneryobjects\Trees_MC\tree_medium_09.sco
1210216280
1210216280
-1
Sceneryobjects\Verkehrszeichen_MC\VZ_att_vorfahrtgewahr_m_mast.sco
1415285189
1415285189
-1
Sceneryobjects\Verkehrszeichen_MC\VZ_surfmark_arrow_SL.sco
1415285169
1415285169
-1
Sceneryobjects\Verkehrszeichen_MC\VZ_surfmark_arrow_SR.sco
1415285170
1415285170
-1
Splines\ADDON_SimpleStreets\RQ_X_2spur_Altonaer_8m.sli
1417588864
-
-
Splines\gg\hillwall07.sli
1109956453
-
-
Splines\gg\indoorwall113.sli
1133623877
-
-
Splines\ggairport\ggapt_fence_base.sli
1122283541
-
-
Splines\ggairport\invis_align_to.sli
1126339366
-
-
Splines\Marcel\str_2spur_11m_SeeburgerStr1.sli
1190173140
-
-
Splines\Marcel\str_2spur_6m_gaertnereiring1.sli
1190173165
-
-
Splines\Marcel\str_2spur_8m_borkumer1.sli
1190173216
-
-
Sceneryobjects\gg\Busstop_6A.sco
1110183717
1110183717
-1
Sceneryobjects\gg\Busstop_plate3A.sco
1110538443
1110538443
-1
