Sceneryobjects\Generic\bus_stop.sco
1415285162
1415285162
-1
Sceneryobjects\Generic\car_park.sco
1415285161
1415285161
-1
Sceneryobjects\Generic\entrypoint_bus.sco
1415285195
1415285195
-1
Sceneryobjects\Generic\people_standing_small.sco
1415285152
1415285152
-1
Sceneryobjects\gg\arrow_downB.sco
1112408909
1112408909
-1
Sceneryobjects\gg\arrow_leftB.sco
1112408916
1112408916
-1
Sceneryobjects\gg\arrow_leftY.sco
1112408918
1112408918
-1
Sceneryobjects\gg\arrow_rightB.sco
1112408921
1112408921
-1
Sceneryobjects\gg\arrow_rightY.sco
1112408923
1112408923
-1
Sceneryobjects\gg\bs03.sco
1111731832
1111731832
-1
Sceneryobjects\gg\Busstop_1A.sco
1110180462
1110180462
-1
Sceneryobjects\gg\Busstop_coverLA.sco
1152125277
1152125277
-1
Sceneryobjects\gg\Busstop_plate1A.sco
1110538489
1110538489
-1
Sceneryobjects\gg\Busstop_pole.sco
1110180457
1110180457
-1
Sceneryobjects\gg\depot3a.sco
1112307520
1112307520
-1
Sceneryobjects\gg\depot3b.sco
1111784467
1111784467
-1
Sceneryobjects\gg\depot3c.sco
1150574721
1150574721
-1
Sceneryobjects\gg\parapet1.sco
1109786701
1109786701
-1
Sceneryobjects\gg\Road010b.sco
1109951275
1109951275
-1
Sceneryobjects\gg\roundabout1.sco
1100818813
1100818813
-1
Sceneryobjects\gg\routearrows_busstop2.sco
1110459097
1110459097
-1
Sceneryobjects\gg\RQ_X8_to_X11_Seeburger.sco
1152466984
1152466984
-1
Sceneryobjects\GG2Signs\gg2_large_sign_with_lights.sco
1121526311
1121526311
-1
Sceneryobjects\GG2Signs\gg2_motorway_ends.sco
1116679063
1116679063
-1
Sceneryobjects\GG2Signs\gg2_route_confirm.sco
1116671067
1116671067
-1
Sceneryobjects\ggairport\ggapt_fence_piece.sco
1122283586
1122283586
-1
Sceneryobjects\ggairport\ggapt_fence_post.sco
1122284200
1122284200
-1
Sceneryobjects\ggairport\ggapt_runwaylight_blue.sco
1126435826
1126435826
-1
Sceneryobjects\ggairport\ggapt_runwaylight_green.sco
1126435828
1126435828
-1
Sceneryobjects\Nemolus Objekte\Verkehrszeichen\VZ_Mast_FahrtrichtungHierRechts.sco
1047497856
1047497856
-1
Sceneryobjects\Nemolus Objekte\Verkehrszeichen\VZ_Mast_Kreisverkehr.sco
1047497955
1047497955
-1
Sceneryobjects\Streetobjects_MC\strlt_str_ufo_big12.sco
1415285216
1415285216
-1
Sceneryobjects\Streetobjects_RUE\sodiumlight_L_break_L.sco
1415285204
1415285204
-1
Sceneryobjects\Trees_MC\tree_medium_02.sco
1210216022
1210216022
-1
Sceneryobjects\Trees_MC\tree_medium_09.sco
1210216280
1210216280
-1
Splines\ADDON_SimpleStreets\RQ_X_2spur_Altonaer_8m.sli
1417588864
-
-
Splines\gg\hillwall07.sli
1109956453
-
-
Splines\gg\parapet1.sli
1087929904
-
-
Splines\ggairport\ggapt_fence_base.sli
1122283541
-
-
Splines\ggairport\invis_align_to.sli
1126339366
-
-
Splines\Marcel\str_2spur_11m_SeeburgerStr1.sli
1190173140
-
-
Sceneryobjects\gg\D86_LOD.sco
1132558978
1132558978
-1
Sceneryobjects\ggairport\D86_LOD.sco
1132558978
1132558978
-1
Sceneryobjects\gg\Busstop_6A.sco
1110183717
1110183717
-1
Sceneryobjects\gg\Busstop_plate3A.sco
1110538443
1110538443
-1
Sceneryobjects\gg\routearrows_busstop1.sco
1110458485
1110458485
-1
