Sceneryobjects\Buildings_MC\Post01.sco
1415285147
1415285147
-1
Sceneryobjects\Generic\car_park.sco
1415285161
1415285161
-1
Sceneryobjects\gg\container02c.sco
1100528845
1100528845
-1
Sceneryobjects\gg\container02d.sco
1100528847
1100528847
-1
Sceneryobjects\gg\highway_bridge.sco
1112307493
1112307493
-1
Sceneryobjects\gg\light02.sco
1110598497
1110598497
-1
Sceneryobjects\gg\Road009.sco
1099984430
1099984430
-1
Sceneryobjects\gg\tunnelhole1.sco
1100051309
1100051309
-1
Sceneryobjects\Streetobjects_RUE\sodiumlight_4L_break_L.sco
1415285204
1415285204
-1
Sceneryobjects\Streetobjects_RUE\sodiumlight_L_whip_L.sco
1415285221
1415285221
-1
Sceneryobjects\Trees_MC\tree_medium_02.sco
1210216022
1210216022
-1
Sceneryobjects\Trees_MC\tree_medium_09.sco
1210216280
1210216280
-1
Splines\ADDON_SimpleStreets\RQ_10,5_1spur.sli
1048387841
-
-
Splines\gg\8m_tunnel01.sli
1100250012
-
-
Splines\gg\container2.sli
1100053220
-
-
Splines\gg\hillwall04.sli
1099939397
-
-
Splines\gg\hillwall06.sli
1100050301
-
-
Splines\gg\RQ_10,5_1spur_Bridge.sli
1110345519
-
-
Splines\Marcel\invis_street.sli
1415285258
-
-
Splines\Ruede\rail_concrete_01.sli
1415285172
-
-
Splines\gg\RQ_X_2spur_Altonaer_8m2.sli
1099400276
-
-
Splines\gg\RQ_X_2spur_Altonaer_8m3.sli
1099400408
-
-
