Sceneryobjects\Buildings_Freeman\busstatcorner.sco
1057194403
1057194403
-1
Sceneryobjects\Buildings_Freeman\roundbuild.sco
1057073957
1057073957
-1
Sceneryobjects\Buildings_MC\bw_polizei01.sco
1415285149
1415285149
-1
Sceneryobjects\Buildings_MC\garage_1_sixpack.sco
1415285142
1415285142
-1
Sceneryobjects\Buildings_MC\park_2_A.sco
1415285142
1415285142
-1
Sceneryobjects\Buildings_MC\park_2_C.sco
1415285143
1415285143
-1
Sceneryobjects\Buildings_MC\park_3.sco
1415285161
1415285161
-1
Sceneryobjects\Buildings_MC\tank_2_esso.sco
1415285153
1415285153
-1
Sceneryobjects\Buildings_RUE\Gueterschuppen_Spandau.sco
1415285154
1415285154
-1
Sceneryobjects\Generic\bus_stop.sco
1415285162
1415285162
-1
Sceneryobjects\Generic\car_park.sco
1415285161
1415285161
-1
Sceneryobjects\Generic\entrypoint_bus.sco
1415285195
1415285195
-1
Sceneryobjects\Generic\people_standing_small.sco
1415285152
1415285152
-1
Sceneryobjects\gg\arrow_downY.sco
1112376143
1112376143
-1
Sceneryobjects\gg\arrow_leftB.sco
1112376148
1112376148
-1
Sceneryobjects\gg\arrow_leftY.sco
1112376150
1112376150
-1
Sceneryobjects\gg\arrow_rightB.sco
1112376153
1112376153
-1
Sceneryobjects\gg\arrow_rightY.sco
1112376155
1112376155
-1
Sceneryobjects\gg\bs01.sco
1110477050
1110477050
-1
Sceneryobjects\gg\bt02.sco
1099957914
1099957914
-1
Sceneryobjects\gg\Busstop_1.sco
1110180460
1110180460
-1
Sceneryobjects\gg\Busstop_2.sco
1110180464
1110180464
-1
Sceneryobjects\gg\Busstop_coverL.sco
1150574671
1150574671
-1
Sceneryobjects\gg\Busstop_plate2.sco
1110538468
1110538468
-1
Sceneryobjects\gg\Busstop_pole.sco
1110180457
1110180457
-1
Sceneryobjects\gg\container01.sco
1100528835
1100528835
-1
Sceneryobjects\gg\container01b.sco
1100528838
1100528838
-1
Sceneryobjects\gg\container02.sco
1100528840
1100528840
-1
Sceneryobjects\gg\container02c.sco
1100528845
1100528845
-1
Sceneryobjects\gg\container02d.sco
1100528847
1100528847
-1
Sceneryobjects\gg\highway_bridge.sco
1112307493
1112307493
-1
Sceneryobjects\gg\highway_bridge2.sco
1112307496
1112307496
-1
Sceneryobjects\gg\Road009.sco
1099984430
1099984430
-1
Sceneryobjects\gg\Road010b.sco
1109951275
1109951275
-1
Sceneryobjects\gg\routearrows_busstop1.sco
1110442101
1110442101
-1
Sceneryobjects\gg\RQ_X8_to_X11_Seeburger.sco
1110420164
1110420164
-1
Sceneryobjects\GG2Signs\gg2_drn_sign_medium.sco
1114212787
1114212787
-1
Sceneryobjects\GG2Signs\gg2_newbusstopdisplay.sco
1116387803
1116387803
-1
Sceneryobjects\GG2Signs\road_bollard_right.sco
1114548231
1114548231
-1
Sceneryobjects\Kreuz_MC\Einm_Altonaer.sco
1415285197
1415285197
-1
Sceneryobjects\Streetobjects_RUE\sodiumlight_2L_break_L.sco
1415285212
1415285212
-1
Sceneryobjects\Streetobjects_RUE\sodiumlight_4L_break_L.sco
1415285204
1415285204
-1
Sceneryobjects\Streetobjects_RUE\sodiumlight_L_whip_L.sco
1415285221
1415285221
-1
Sceneryobjects\Tony_A_objects\Containers-4_Tony_A.sco
1066044123
1066044123
-1
Sceneryobjects\Tony_A_objects\Oil-Tank-Tony_A.sco
1066044661
1066044661
-1
Sceneryobjects\Trees_MC\tree_medium_02.sco
1210216022
1210216022
-1
Sceneryobjects\Trees_MC\tree_medium_09.sco
1210216280
1210216280
-1
Sceneryobjects\Verkehrszeichen_MC\VZ_att_vorfahrtgewahr_m_mast.sco
1415285189
1415285189
-1
Sceneryobjects\Verkehrszeichen_MC\vz_vb_einfahrt_m_mast.sco
1415285176
1415285176
-1
Splines\ADDON_SimpleStreets\RQ_10,5_1spur.sli
1048387841
-
-
Splines\ADDON_SimpleStreets\RQ_X_2spur_Altonaer_8m.sli
1047632925
-
-
Splines\gg\RQ_10,5_1spur_Bridge.sli
1110345519
-
-
Splines\gg\RQ_X_2spur_Altonaer_8m2.sli
1099400276
-
-
Splines\Marcel\invis_street.sli
1415285258
-
-
Splines\Ruede\rail_concrete_01.sli
1415285172
-
-
Splines\ADDON_SimpleStreets\RQ_28_Bridge.sli
1049494701
-
-
Splines\gg\hillwall04.sli
1099939397
-
-
Sceneryobjects\gg\Busstop_6.sco
1110180820
1110180820
-1
