Sceneryobjects\Buildings_MC\park_3.sco
1415285161
1415285161
-1
Sceneryobjects\Buildings_MC\schleusener_geb.sco
1415285163
1415285163
-1
Sceneryobjects\Buildings_RUE\Kombibad.sco
1415285160
1415285160
-1
Sceneryobjects\Generic\bus_stop.sco
1415285162
1415285162
-1
Sceneryobjects\Generic\people_standing_small.sco
1415285152
1415285152
-1
Sceneryobjects\gg\arrow_downB.sco
1112408909
1112408909
-1
Sceneryobjects\gg\arrow_downY.sco
1112408911
1112408911
-1
Sceneryobjects\gg\arrow_leftY.sco
1112408918
1112408918
-1
Sceneryobjects\gg\arrow_rightY.sco
1112408923
1112408923
-1
Sceneryobjects\gg\bs01.sco
1110509818
1110509818
-1
Sceneryobjects\gg\Busstop_6.sco
1110180820
1110180820
-1
Sceneryobjects\gg\Busstop_A1.sco
1110184865
1110184865
-1
Sceneryobjects\gg\Busstop_A6A.sco
1110184902
1110184902
-1
Sceneryobjects\gg\Busstop_coverL.sco
1152125275
1152125275
-1
Sceneryobjects\gg\Busstop_coverLA.sco
1152125277
1152125277
-1
Sceneryobjects\gg\Busstop_plate4.sco
1110538413
1110538413
-1
Sceneryobjects\gg\Busstop_pole.sco
1110180457
1110180457
-1
Sceneryobjects\gg\choilam1.sco
1110215321
1110215321
-1
Sceneryobjects\gg\choilam2.sco
1110215325
1110215325
-1
Sceneryobjects\gg\hall01.sco
1109883286
1109883286
-1
Sceneryobjects\gg\parapet1.sco
1109786701
1109786701
-1
Sceneryobjects\gg\Road003c.sco
1467256420
1467256420
-1
Sceneryobjects\gg\Road005b.sco
1151443450
1151443450
-1
Sceneryobjects\gg\Road008.sco
1099587058
1099587058
-1
Sceneryobjects\gg\Road008b.sco
1099587894
1099587894
-1
Sceneryobjects\gg\routearrows_busstop1.sco
1110458485
1110458485
-1
Sceneryobjects\gg\routearrows_busstop2.sco
1110459097
1110459097
-1
Sceneryobjects\GG2Signs\gg2_large_sign_with_lights.sco
1121526311
1121526311
-1
Sceneryobjects\Kreuz_MC\Einm_Altonaer.sco
1462910478
1462910478
-1
Sceneryobjects\Kreuz_MC\Einm_Borkumer.sco
1462910491
1462910491
-1
Sceneryobjects\Nemolus Objekte\Verkehrszeichen\VZ_Mast_Kreisverkehr.sco
1047497955
1047497955
-1
Sceneryobjects\Streetobjects_RUE\single_pole.sco
1415285174
1415285174
-1
Sceneryobjects\Streetobjects_RUE\sodiumlight_L_whip_L.sco
1415285221
1415285221
-1
Sceneryobjects\Streetobjects_RUE\whip_beam.sco
1415285189
1415285189
-1
Sceneryobjects\Trees_MC\tree_medium_02.sco
1210216022
1210216022
-1
Sceneryobjects\Trees_MC\tree_medium_09.sco
1210216280
1210216280
-1
Sceneryobjects\Verkehrszeichen_MC\Ampel_Kfz_1.sco
1415285188
1415285188
-1
Sceneryobjects\Verkehrszeichen_MC\Ampel_Kfz_OhBlind_1.sco
1415285250
1415285250
-1
Sceneryobjects\Verkehrszeichen_MC\VZ_att_vorfahrtgewahr_m_mast.sco
1415285189
1415285189
-1
Sceneryobjects\Verkehrszeichen_MC\VZ_surfmark_arrow_L.sco
1415285249
1415285249
-1
Sceneryobjects\Verkehrszeichen_MC\VZ_surfmark_arrow_R.sco
1415285175
1415285175
-1
Sceneryobjects\Verkehrszeichen_MC\VZ_surfmark_arrow_S.sco
1415285165
1415285165
-1
Sceneryobjects\Verkehrszeichen_MC\VZ_surfmark_arrow_SL.sco
1415285169
1415285169
-1
Splines\ADDON_SimpleStreets\RQ_15,5_2spur_11,5m_Sidewalk.sli
1417588864
-
-
Splines\gg\hillwall07.sli
1109956453
-
-
Splines\gg\parapet1.sli
1087929904
-
-
Splines\gg\RQ_X_2spur_Altonaer_8m2.sli
1099400276
-
-
Splines\Marcel\str_2spur_11m_SeeburgerStr1.sli
1190173140
-
-
Splines\Marcel\str_2spur_8m_altonaer1.sli
1190173216
-
-
Splines\Marcel\str_2spur_8m_borkumer1.sli
1190173216
-
-
Splines\ADDON_SimpleStreets\RQ_X_2spur_Altonaer_8m.sli
1417588864
-
-
Sceneryobjects\gg\Busstop_A6.sco
1110184889
1110184889
-1
