Sceneryobjects\backgroundsounds\countryside_cube.sco
1055870546
1055870546
-1
Sceneryobjects\backgroundsounds\nature_cube.sco
1054106513
1054106513
-1
Sceneryobjects\Buildings_MC\oth_elek_1.sco
1415285152
1415285152
-1
Sceneryobjects\Buildings_MC\park_3.sco
1415285161
1415285161
-1
Sceneryobjects\Buildings_MC\tank_2_aral.sco
1415285153
1415285153
-1
Sceneryobjects\Buildings_MC\Ubahn_Rsp_08.sco
1415285152
1415285152
-1
Sceneryobjects\Buildings_MC\Ubahn_Rsp_Pilz.sco
1415285184
1415285184
-1
Sceneryobjects\Generic\bus_stop.sco
1415285162
1415285162
-1
Sceneryobjects\Generic\people_standing_small.sco
1415285152
1415285152
-1
Sceneryobjects\gg\arrow_downB.sco
1112376141
1112376141
-1
Sceneryobjects\gg\arrow_downY.sco
1112376143
1112376143
-1
Sceneryobjects\gg\arrow_leftY.sco
1112376150
1112376150
-1
Sceneryobjects\gg\arrow_rightB.sco
1112376153
1112376153
-1
Sceneryobjects\gg\arrow_rightY.sco
1112376155
1112376155
-1
Sceneryobjects\gg\Busstop_1.sco
1110180460
1110180460
-1
Sceneryobjects\gg\Busstop_coverS.sco
1150574682
1150574682
-1
Sceneryobjects\gg\Busstop_plate1.sco
1110538497
1110538497
-1
Sceneryobjects\gg\Busstop_pole.sco
1110180457
1110180457
-1
Sceneryobjects\gg\fstation.sco
1055131952
1055131952
-1
Sceneryobjects\gg\kawo1.sco
1110214837
1110214837
-1
Sceneryobjects\gg\phousing_1001.sco
1099530807
1099530807
-1
Sceneryobjects\gg\Road003.sco
1467256370
1467256370
-1
Sceneryobjects\gg\Road005b.sco
1151443450
1151443450
-1
Sceneryobjects\gg\Road008.sco
1099587058
1099587058
-1
Sceneryobjects\gg\routearrows_busstop1.sco
1110442101
1110442101
-1
Sceneryobjects\GG2Signs\gg2_large_sign_with_lights.sco
1121495591
1121495591
-1
Sceneryobjects\GG2Signs\gg2_tall_warning_sign.sco
1152362915
1152362915
-1
Sceneryobjects\Kreuz_MC\Einm_Altonaer.sco
1415285197
1415285197
-1
Sceneryobjects\Ruede\trafohaus.sco
1415285163
1415285163
-1
Sceneryobjects\Streetobjects_MC\fountain_1.sco
1415285170
1415285170
-1
Sceneryobjects\Streetobjects_MC\glaskontainer_b.sco
1415285170
1415285170
-1
Sceneryobjects\Streetobjects_MC\glaskontainer_g.sco
1415285168
1415285168
-1
Sceneryobjects\Streetobjects_MC\glaskontainer_w.sco
1415285216
1415285216
-1
Sceneryobjects\Streetobjects_MC\parkbench_1.sco
1415285205
1415285205
-1
Sceneryobjects\Streetobjects_MC\phonedistbox_1.sco
1415285164
1415285164
-1
Sceneryobjects\Streetobjects_MC\telefonzelle_1.sco
1415285199
1415285199
-1
Sceneryobjects\Streetobjects_RUE\attach_whip_beam.sco
1415285205
1415285205
-1
Sceneryobjects\Streetobjects_RUE\LBL-Tropfen_3.sco
1415285186
1415285186
-1
Sceneryobjects\Streetobjects_RUE\sodiumlight_L_whip_L.sco
1415285221
1415285221
-1
Sceneryobjects\Streetobjects_RUE\whip_beam.sco
1415285189
1415285189
-1
Sceneryobjects\Trees_MC\ShrubberyBox_01.sco
1210216096
1210216096
-1
Sceneryobjects\Trees_MC\tree_medium_02.sco
1210216022
1210216022
-1
Sceneryobjects\Trees_MC\tree_medium_09.sco
1210216280
1210216280
-1
Sceneryobjects\Verkehrszeichen_MC\Ampel_Kfz_Oh_1.sco
1415285170
1415285170
-1
Sceneryobjects\Verkehrszeichen_MC\VZ_surfmark_arrow_L.sco
1415285249
1415285249
-1
Splines\ADDON_SimpleStreets\RQ_15,5_2spur_11,5m_Sidewalk.sli
1047630645
-
-
Splines\ADDON_SimpleStreets\RQ_X_2spur_Altonaer_8m.sli
1047632925
-
-
Splines\Marcel\str_2spur_8m_altonaer1.sli
1415285178
-
-
