Sceneryobjects\Buildings_MC\bw_70s_03.sco
1415285114
1415285114
-1
Sceneryobjects\Buildings_MC\bw_70s_04A.sco
1415285114
1415285114
-1
Sceneryobjects\Buildings_MC\bw_einkaufszentrum_2.sco
1415285158
1415285158
-1
Sceneryobjects\Buildings_MC\bw_hoch_17.sco
1415285141
1415285141
-1
Sceneryobjects\Buildings_MC\bw_old_05.sco
1415285165
1415285165
-1
Sceneryobjects\Buildings_MC\park_1.sco
1415285175
1415285175
-1
Sceneryobjects\Buildings_MC\park_3.sco
1415285161
1415285161
-1
Sceneryobjects\Buildings_MC\tank_2_bp.sco
1415285143
1415285143
-1
Sceneryobjects\Buildings_RUE\Haus01a.sco
1415285196
1415285196
-1
Sceneryobjects\Buildings_RUE\Haus01b.sco
1415285190
1415285190
-1
Sceneryobjects\Buildings_RUE\Haus01c.sco
1415285186
1415285186
-1
Sceneryobjects\Buildings_RUE\Haus01e.sco
1415285153
1415285153
-1
Sceneryobjects\Buildings_RUE\Haus02a.sco
1415285187
1415285187
-1
Sceneryobjects\Buildings_RUE\Haus02b.sco
1415285192
1415285192
-1
Sceneryobjects\Buildings_RUE\Haus02c.sco
1415285186
1415285186
-1
Sceneryobjects\Buildings_RUE\Haus02c2.sco
1415285154
1415285154
-1
Sceneryobjects\Buildings_RUE\Haus03b.sco
1415285163
1415285163
-1
Sceneryobjects\Buildings_RUE\Haus03c.sco
1415285159
1415285159
-1
Sceneryobjects\Buildings_RUE\Haus03c2.sco
1415285152
1415285152
-1
Sceneryobjects\Buildings_RUE\Haus03e.sco
1415285195
1415285195
-1
Sceneryobjects\Buildings_RUE\Taubenhaus.sco
1415285191
1415285191
-1
Sceneryobjects\Generic\bus_stop.sco
1415285162
1415285162
-1
Sceneryobjects\Generic\car_park.sco
1415285161
1415285161
-1
Sceneryobjects\Generic\people_standing_small.sco
1415285152
1415285152
-1
Sceneryobjects\gg\8to11crossing.sco
1132707528
1132707528
-1
Sceneryobjects\gg\arrow_downB.sco
1112376141
1112376141
-1
Sceneryobjects\gg\arrow_downY.sco
1112376143
1112376143
-1
Sceneryobjects\gg\arrow_leftB.sco
1112376148
1112376148
-1
Sceneryobjects\gg\arrow_leftY.sco
1112376150
1112376150
-1
Sceneryobjects\gg\arrow_rightB.sco
1112376153
1112376153
-1
Sceneryobjects\gg\arrow_rightY.sco
1112376155
1112376155
-1
Sceneryobjects\gg\Busstop_12.sco
1110180469
1110180469
-1
Sceneryobjects\gg\Busstop_A1.sco
1110184865
1110184865
-1
Sceneryobjects\gg\Busstop_A1A.sco
1110184875
1110184875
-1
Sceneryobjects\gg\Busstop_A6A.sco
1110184902
1110184902
-1
Sceneryobjects\gg\Busstop_coverS.sco
1150574682
1150574682
-1
Sceneryobjects\gg\Busstop_coverSA.sco
1150574685
1150574685
-1
Sceneryobjects\gg\Busstop_plate4.sco
1110538413
1110538413
-1
Sceneryobjects\gg\Busstop_pole.sco
1110180457
1110180457
-1
Sceneryobjects\gg\highway_bridge.sco
1112307493
1112307493
-1
Sceneryobjects\gg\parapet1.sco
1109786701
1109786701
-1
Sceneryobjects\gg\Road010.sco
1109761320
1109761320
-1
Sceneryobjects\gg\routearrows_busstop1.sco
1110442101
1110442101
-1
Sceneryobjects\gg\routearrows_busstop2.sco
1110442713
1110442713
-1
Sceneryobjects\GG2Signs\gg2_refugee_island_small_half.sco
1114548077
1114548077
-1
Sceneryobjects\GG2Signs\road_bollard_right.sco
1114548231
1114548231
-1
Sceneryobjects\Nemolus Objekte\Verkehrszeichen\VZ_Mast_Kreisverkehr.sco
1468697833
1468697833
-1
Sceneryobjects\Nemolus Objekte\Verkehrszeichen\VZ_Mast_VerbotEinfahrt.sco
1468697833
1468697833
-1
Sceneryobjects\Railroad_RUE\EW190_L_Beton.sco
1415285205
1415285205
-1
Sceneryobjects\Railroad_RUE\EW190_R_Beton.sco
1415285194
1415285194
-1
Sceneryobjects\Ruede\Tree_Street_01.sco
1415285171
1415285171
-1
Sceneryobjects\Streetobjects_MC\fountain_1.sco
1415285170
1415285170
-1
Sceneryobjects\Streetobjects_RUE\attach_whip_beam.sco
1415285205
1415285205
-1
Sceneryobjects\Streetobjects_RUE\sodiumlight_L_whip_L.sco
1415285221
1415285221
-1
Sceneryobjects\Streetobjects_RUE\whip_beam.sco
1415285189
1415285189
-1
Sceneryobjects\Trees_MC\shrubbery_03_20.sco
1210215936
1210215936
-1
Sceneryobjects\Trees_MC\shrubbery_04_20.sco
1210216182
1210216182
-1
Sceneryobjects\Trees_MC\tree_medium_02.sco
1210216022
1210216022
-1
Sceneryobjects\Trees_MC\tree_medium_09.sco
1210216280
1210216280
-1
Sceneryobjects\Verkehrszeichen_MC\Ampel_Kfz_1.sco
1415285188
1415285188
-1
Sceneryobjects\Verkehrszeichen_MC\Ampel_Kfz_OhBlind_1.sco
1415285250
1415285250
-1
Sceneryobjects\Verkehrszeichen_MC\VZ_att_vorfahrtgewahr_m_mast.sco
1415285189
1415285189
-1
Splines\ADDON_SimpleStreets\RQ_X_2spur_Altonaer_8m.sli
1047632925
-
-
Splines\gg\parapet1.sli
1087929904
-
-
Splines\gg\rail_Bridge.sli
1051170507
-
-
Splines\gg\RQ_X_2spur_Altonaer_8m_GRASS.sli
1099076044
-
-
Splines\gg\RQ_X_2spur_Altonaer_8m3.sli
1099400408
-
-
Splines\Marcel\str_2spur_11m_SeeburgerStr1.sli
1415285252
-
-
Splines\Ruede\rail_concrete_01.sli
1415285172
-
-
Splines\Marcel\invis_street.sli
1415285258
-
-
Sceneryobjects\gg\Busstop_A6.sco
1110184889
1110184889
-1
