Sceneryobjects\Generic\bus_stop.sco
1415285162
1415285162
-1
Sceneryobjects\Generic\people_standing_small.sco
1415285152
1415285152
-1
Sceneryobjects\gg\bs03.sco
1111731832
1111731832
-1
Sceneryobjects\gg\Busstop_2A.sco
1110183723
1110183723
-1
Sceneryobjects\gg\Busstop_6A.sco
1110183717
1110183717
-1
Sceneryobjects\gg\Busstop_plate2A.sco
1110538474
1110538474
-1
Sceneryobjects\gg\Busstop_plate4A.sco
1110538421
1110538421
-1
Sceneryobjects\gg\Busstop_pole.sco
1110180457
1110180457
-1
Sceneryobjects\gg\light02.sco
1110598497
1110598497
-1
Sceneryobjects\gg\routearrows_busstop2.sco
1110459097
1110459097
-1
Sceneryobjects\GG2Buildings\gg2_apt_area_sign_1.sco
1143783267
1143783267
-1
Sceneryobjects\GG2Buildings\gg2_apt_area_sign_2.sco
1143783272
1143783272
-1
Sceneryobjects\GG2Buildings\gg2_apt_shelter_ext.sco
1143778183
1143778183
-1
Sceneryobjects\GG2Buildings\gg2_apt_shelter_int.sco
1143778205
1143778205
-1
Sceneryobjects\GG2Buildings\gg2_apt_terminal.sco
1143634016
1143634016
-1
Sceneryobjects\GG2Buildings\gg2_apt_terminal_main.sco
1143634008
1143634008
-1
Sceneryobjects\GG2Signs\gg2_large_sign_with_lights.sco
1121526311
1121526311
-1
Sceneryobjects\GG2Signs\gg2_newbusstopdisplay.sco
1116418523
1116418523
-1
Sceneryobjects\Nemolus Objekte\Verkehrszeichen\VZ_Mast_Kreisverkehr.sco
1047497955
1047497955
-1
Sceneryobjects\Streetobjects_RUE\sodiumlight_L_break_L.sco
1415285204
1415285204
-1
Splines\ggairport\invis_align_to.sli
1126339366
-
-
Splines\Marcel\str_2spur_11m_SeeburgerStr1.sli
1190173140
-
-
