Sceneryobjects\Buildings_MC\kirche_ev_01.sco
1415285160
1415285160
-1
Sceneryobjects\Buildings_MC\Ubahn_Rsp_08.sco
1415285152
1415285152
-1
Sceneryobjects\Buildings_MC\Ubahn_Rsp_Pilz.sco
1415285184
1415285184
-1
Sceneryobjects\Generic\car_park.sco
1415285161
1415285161
-1
Sceneryobjects\gg\arrow_downY.sco
1112376143
1112376143
-1
Sceneryobjects\gg\arrow_leftY.sco
1112376150
1112376150
-1
Sceneryobjects\gg\bt03.sco
1100786027
1100786027
-1
Sceneryobjects\Nemolus Objekte\Verkehrszeichen\VZ_Mast_FahrtrichtungRechts.sco
1468697832
1468697832
-1
Sceneryobjects\Nemolus Objekte\Verkehrszeichen\VZ_Mast_KurveLinks.sco
1468697833
1468697833
-1
Sceneryobjects\Streetobjects_RUE\sodiumlight_L_whip_L.sco
1415285221
1415285221
-1
Sceneryobjects\Trees_MC\tree_medium_02.sco
1210216022
1210216022
-1
Sceneryobjects\Trees_MC\tree_medium_09.sco
1210216280
1210216280
-1
Sceneryobjects\Verkehrszeichen_MC\VZ_att_vorfahrtgewahr_m.sco
1415285184
1415285184
-1
Sceneryobjects\Verkehrszeichen_MC\VZ_surfmark_arrow_R.sco
1415285175
1415285175
-1
Sceneryobjects\Verkehrszeichen_MC\vz_vb_einfahrt_m_mast.sco
1415285176
1415285176
-1
Splines\gg\Cemetery.sli
1055158743
-
-
Splines\gg\Cemetery1.sli
1055158705
-
-
Splines\ADDON_SimpleStreets\RQ_X_2spur_Altonaer_8m.sli
1047632925
-
-
Splines\gg\Cemetery2.sli
1055159016
-
-
Splines\gg\RQ_X_2spur_Altonaer_8m_GRASS.sli
1099076044
-
-
