Sceneryobjects\gg\container02.sco
1100528840
1100528840
-1
Sceneryobjects\gg\container02b.sco
1100528842
1100528842
-1
Sceneryobjects\gg\container04.sco
1109695819
1109695819
-1
Sceneryobjects\gg\container05.sco
1109699065
1109699065
-1
Sceneryobjects\Streetobjects_RUE\sodiumlight_4L_break_L.sco
1415285204
1415285204
-1
Sceneryobjects\Trees_MC\tree_medium_09.sco
1210216280
1210216280
-1
Splines\ADDON_SimpleStreets\RQ_10,5_1spur.sli
1048387841
-
-
Splines\gg\container1.sli
1100050552
-
-
Splines\gg\hillwall04.sli
1099939397
-
-
Splines\gg\RQ_10,5_1spur_Bridge.sli
1110345519
-
-
