Sceneryobjects\Buildings_Freeman\busstatwilko.sco
1057069669
1057069669
-1
Sceneryobjects\Buildings_Freeman\carphonewarehouse.sco
1057924808
1057924808
-1
Sceneryobjects\Buildings_MC\Box01.sco
1415285141
1415285141
-1
Sceneryobjects\Buildings_MC\bw_50s_03.sco
1415285147
1415285147
-1
Sceneryobjects\Buildings_MC\bw_workshop_01.sco
1415285161
1415285161
-1
Sceneryobjects\Buildings_MC\park_1.sco
1415285175
1415285175
-1
Sceneryobjects\Buildings_MC\wohn_02.sco
1415285193
1415285193
-1
Sceneryobjects\Generic\bus_stop.sco
1415285162
1415285162
-1
Sceneryobjects\Generic\car_park.sco
1415285161
1415285161
-1
Sceneryobjects\Generic\entrypoint_bus.sco
1415285195
1415285195
-1
Sceneryobjects\Generic\people_standing_small.sco
1415285152
1415285152
-1
Sceneryobjects\gg\arrow_downB.sco
1112408909
1112408909
-1
Sceneryobjects\gg\arrow_leftB.sco
1112408916
1112408916
-1
Sceneryobjects\gg\arrow_leftY.sco
1112408918
1112408918
-1
Sceneryobjects\gg\arrow_rightB.sco
1112408921
1112408921
-1
Sceneryobjects\gg\arrow_rightY.sco
1112408923
1112408923
-1
Sceneryobjects\gg\Busstop_12.sco
1110180469
1110180469
-1
Sceneryobjects\gg\Busstop_2.sco
1110180464
1110180464
-1
Sceneryobjects\gg\Busstop_6.sco
1110180820
1110180820
-1
Sceneryobjects\gg\Busstop_A1A.sco
1110184875
1110184875
-1
Sceneryobjects\gg\Busstop_coverL.sco
1152125275
1152125275
-1
Sceneryobjects\gg\Busstop_coverSA.sco
1152125289
1152125289
-1
Sceneryobjects\gg\Busstop_plate2.sco
1110538468
1110538468
-1
Sceneryobjects\gg\Busstop_plate4.sco
1110538413
1110538413
-1
Sceneryobjects\gg\Busstop_pole.sco
1110180457
1110180457
-1
Sceneryobjects\gg\D86_LOD.sco
1132558978
1132558978
-1
Sceneryobjects\gg\light02.sco
1110598497
1110598497
-1
Sceneryobjects\gg\phousing_1101.sco
1417588864
1417588864
-1
Sceneryobjects\gg\Road002.sco
1112640497
1112640497
-1
Sceneryobjects\gg\Road002b.sco
1112307834
1112307834
-1
Sceneryobjects\gg\Road003c.sco
1467256420
1467256420
-1
Sceneryobjects\gg\Road005.sco
1099276898
1099276898
-1
Sceneryobjects\gg\Road005b.sco
1151443450
1151443450
-1
Sceneryobjects\gg\Road010b.sco
1109951275
1109951275
-1
Sceneryobjects\gg\routearrows_busstop1.sco
1110458485
1110458485
-1
Sceneryobjects\gg\routearrows_busstop2.sco
1110459097
1110459097
-1
Sceneryobjects\GG2Signs\gg2_drn_sign_medium.sco
1114245555
1114245555
-1
Sceneryobjects\GG2Signs\gg2_large_sign_with_lights.sco
1121526311
1121526311
-1
Sceneryobjects\GG2Signs\gg2_newbusstopdisplay.sco
1116418523
1116418523
-1
Sceneryobjects\Nemolus Objekte\Verkehrszeichen\VZ_Mast_FahrtrichtungHierRechts.sco
1047497856
1047497856
-1
Sceneryobjects\Ruede\Tree_Street_01.sco
1415285171
1415285171
-1
Sceneryobjects\Streetobjects_RUE\single_pole.sco
1415285174
1415285174
-1
Sceneryobjects\Streetobjects_RUE\sodiumlight_L_whip_L.sco
1415285221
1415285221
-1
Sceneryobjects\Streetobjects_RUE\whip_beam.sco
1415285189
1415285189
-1
Sceneryobjects\Tony_A_objects\Factory-02.sco
1066044281
1066044281
-1
Sceneryobjects\Trees_MC\ShrubberyBox_01.sco
1210216096
1210216096
-1
Sceneryobjects\Trees_MC\tree_medium_02.sco
1210216022
1210216022
-1
Sceneryobjects\Trees_MC\tree_medium_09.sco
1210216280
1210216280
-1
Sceneryobjects\Verkehrszeichen_MC\Ampel_Kfz_1.sco
1415285188
1415285188
-1
Sceneryobjects\Verkehrszeichen_MC\Ampel_Kfz_OhBlind_1.sco
1415285250
1415285250
-1
Sceneryobjects\Verkehrszeichen_MC\VZ_att_vorfahrtgewahr_m_mast.sco
1415285189
1415285189
-1
Sceneryobjects\Verkehrszeichen_MC\VZ_surfmark_arrow_L.sco
1415285249
1415285249
-1
Sceneryobjects\Verkehrszeichen_MC\VZ_surfmark_arrow_R.sco
1415285175
1415285175
-1
Sceneryobjects\Verkehrszeichen_MC\VZ_surfmark_arrow_S.sco
1415285165
1415285165
-1
Sceneryobjects\Verkehrszeichen_MC\VZ_surfmark_arrow_SL.sco
1415285169
1415285169
-1
Splines\ADDON_SimpleStreets\RQ_15,5_2spur_11,5m_Sidewalk.sli
1417588864
-
-
Splines\gg\step7b.sli
1097101769
-
-
Splines\ggairport\invis_align_to.sli
1126339366
-
-
Splines\Marcel\str_2spur_11m_SeeburgerStr1.sli
1190173140
-
-
Splines\Marcel\str_2spur_8m_altonaer1.sli
1190173216
-
-
Splines\Marcel\str_2spur_8m_borkumer1.sli
1190173216
-
-
