Sceneryobjects\ADDON_SimpleStreets\RQ_28_Bridge_Connector.sco
1049498269
1049498269
-1
Sceneryobjects\gg\highway_bridge2.sco
1112307496
1112307496
-1
Sceneryobjects\gg\parapet1.sco
1109786701
1109786701
-1
Sceneryobjects\Streetobjects_RUE\sodiumlight_2L_break_L.sco
1415285212
1415285212
-1
Sceneryobjects\Trees_MC\tree_medium_02.sco
1210216022
1210216022
-1
Sceneryobjects\Trees_MC\tree_medium_09.sco
1210216280
1210216280
-1
Splines\ADDON_SimpleStreets\RQ_28.sli
1048411084
-
-
Splines\gg\parapet1.sli
1087929904
-
-
Splines\ADDON_SimpleStreets\RQ_28_Bridge.sli
1049494701
-
-
