Sceneryobjects\Buildings_Freeman\basichouse1.sco
1057712960
1057712960
-1
Sceneryobjects\Buildings_Freeman\basichouse3.sco
1057713419
1057713419
-1
Sceneryobjects\Buildings_Freeman\basichouse4.sco
1057713428
1057713428
-1
Sceneryobjects\Buildings_Freeman\basichouse5.sco
1057845056
1057845056
-1
Sceneryobjects\Buildings_Freeman\basichouse6.sco
1057845063
1057845063
-1
Sceneryobjects\Buildings_Freeman\basichouse7.sco
1057845071
1057845071
-1
Sceneryobjects\Buildings_Freeman\basichouse8.sco
1057845077
1057845077
-1
Sceneryobjects\Buildings_Freeman\dominospizza.sco
1057718639
1057718639
-1
Sceneryobjects\Buildings_Freeman\kingsmeadbuild.sco
1057782647
1057782647
-1
Sceneryobjects\Buildings_Freeman\lowerbs6.sco
1057653357
1057653357
-1
Sceneryobjects\Buildings_Freeman\winehouse.sco
1057917249
1057917249
-1
Sceneryobjects\Generic\bus_stop.sco
1415285162
1415285162
-1
Sceneryobjects\Generic\car_park.sco
1415285161
1415285161
-1
Sceneryobjects\Generic\people_standing_small.sco
1415285152
1415285152
-1
Sceneryobjects\gg\arrow_downY.sco
1112376143
1112376143
-1
Sceneryobjects\gg\bs01.sco
1110477050
1110477050
-1
Sceneryobjects\gg\Busstop_1.sco
1110180460
1110180460
-1
Sceneryobjects\gg\Busstop_coverS.sco
1150574682
1150574682
-1
Sceneryobjects\gg\Busstop_plate1.sco
1110538497
1110538497
-1
Sceneryobjects\gg\Busstop_pole.sco
1110180457
1110180457
-1
Sceneryobjects\gg\Road006.sco
1099563075
1099563075
-1
Sceneryobjects\gg\routearrows_busstop1.sco
1110442101
1110442101
-1
Sceneryobjects\GG2Signs\gg2_drn_sign_medium.sco
1114212787
1114212787
-1
Sceneryobjects\GG2Signs\gg2_refugee_island_small_half.sco
1114548077
1114548077
-1
Sceneryobjects\GG2Signs\gg2_tall_warning_sign.sco
1152362915
1152362915
-1
Sceneryobjects\GG2Signs\road_bollard_right.sco
1114548231
1114548231
-1
Sceneryobjects\Kreuz_MC\Einm_Altonaer.sco
1415285197
1415285197
-1
Sceneryobjects\Streetobjects_RUE\sodiumlight_L_whip_L.sco
1415285221
1415285221
-1
Sceneryobjects\Trees_MC\tree_medium_02.sco
1210216022
1210216022
-1
Sceneryobjects\Trees_MC\tree_medium_09.sco
1210216280
1210216280
-1
Sceneryobjects\Verkehrszeichen_MC\VZ_att_vorfahrtgewahr_m_mast.sco
1415285189
1415285189
-1
Splines\ADDON_SimpleStreets\RQ_X_2spur_Altonaer_8m.sli
1047632925
-
-
Splines\gg\RQ_9,5_2spur_6,5m_Sidewalk2.sli
1055558713
-
-
Splines\gg\RQ_9,5_2spur_6,5m_Sidewalk3.sli
1055558789
-
-
Splines\Marcel\str_2spur_8m_altonaer1.sli
1415285178
-
-
