Sceneryobjects\Generic\car_park.sco
1415285161
1415285161
-1
Sceneryobjects\gg\container02c.sco
1100528845
1100528845
-1
Sceneryobjects\gg\container04.sco
1109695819
1109695819
-1
Sceneryobjects\gg\light02.sco
1110598497
1110598497
-1
Sceneryobjects\Streetobjects_RUE\sodiumlight_4L_break_L.sco
1415285204
1415285204
-1
Sceneryobjects\Trees_MC\tree_medium_02.sco
1210216022
1210216022
-1
Splines\gg\container1.sli
1100050552
-
-
Splines\gg\Damm2.sli
1099979145
-
-
Splines\gg\8m_tunnel01.sli
1100250012
-
-
Splines\gg\RQ_X_2spur_Altonaer_8m2.sli
1099400276
-
-
Splines\gg\RQ_X_2spur_Altonaer_8m3.sli
1099400408
-
-
Splines\Marcel\invis_street.sli
1415285258
-
-
