Sceneryobjects\Buildings_MC\bw_hoch_05.sco
1415285161
1415285161
-1
Sceneryobjects\Buildings_MC\bw_school1.sco
1415285160
1415285160
-1
Sceneryobjects\Buildings_MC\bw_supermarkt_1.sco
1415285160
1415285160
-1
Sceneryobjects\Buildings_MC\oth_elek_1.sco
1415285152
1415285152
-1
Sceneryobjects\Buildings_MC\park_3.sco
1415285161
1415285161
-1
Sceneryobjects\Buildings_MC\schleusener_geb.sco
1415285163
1415285163
-1
Sceneryobjects\Buildings_MC\sportsground_big.sco
1415285144
1415285144
-1
Sceneryobjects\Buildings_RUE\Tennis-Center.sco
1415285148
1415285148
-1
Sceneryobjects\Generic\bus_stop.sco
1415285162
1415285162
-1
Sceneryobjects\Generic\car_park.sco
1415285161
1415285161
-1
Sceneryobjects\Generic\people_standing_small.sco
1415285152
1415285152
-1
Sceneryobjects\gg\arrow_downY.sco
1112376143
1112376143
-1
Sceneryobjects\gg\arrow_leftY.sco
1112376150
1112376150
-1
Sceneryobjects\gg\arrow_rightY.sco
1112376155
1112376155
-1
Sceneryobjects\gg\building01.sco
1110413967
1110413967
-1
Sceneryobjects\gg\Busstop_6.sco
1110180820
1110180820
-1
Sceneryobjects\gg\Busstop_A1.sco
1110184865
1110184865
-1
Sceneryobjects\gg\Busstop_A1A.sco
1110184875
1110184875
-1
Sceneryobjects\gg\Busstop_coverL.sco
1150574671
1150574671
-1
Sceneryobjects\gg\Busstop_coverSA.sco
1150574685
1150574685
-1
Sceneryobjects\gg\Busstop_plate3.sco
1110538436
1110538436
-1
Sceneryobjects\gg\Busstop_plate4.sco
1110538413
1110538413
-1
Sceneryobjects\gg\Busstop_pole.sco
1110180457
1110180457
-1
Sceneryobjects\gg\parapet1.sco
1109786701
1109786701
-1
Sceneryobjects\gg\Road010c.sco
1132622898
1132622898
-1
Sceneryobjects\gg\Road010d.sco
1132622908
1132622908
-1
Sceneryobjects\gg\routearrows_busstop1.sco
1110442101
1110442101
-1
Sceneryobjects\gg\routearrows_busstop2.sco
1110442713
1110442713
-1
Sceneryobjects\gg\sport01.sco
1099910514
1099910514
-1
Sceneryobjects\GG2Signs\gg2_large_sign_with_lights.sco
1121495591
1121495591
-1
Sceneryobjects\Kreuz_MC\Einm_Altonaer.sco
1415285197
1415285197
-1
Sceneryobjects\Nemolus Objekte\Verkehrszeichen\VZ_Mast_DoppelkurveLinks.sco
1468697832
1468697832
-1
Sceneryobjects\Nemolus Objekte\Verkehrszeichen\VZ_Mast_VerbotEinfahrt.sco
1468697833
1468697833
-1
Sceneryobjects\Ruede\Tree_Street_01.sco
1415285171
1415285171
-1
Sceneryobjects\Streetobjects_RUE\sodiumlight_L_whip_L.sco
1415285221
1415285221
-1
Sceneryobjects\Streetobjects_RUE\whip_beam.sco
1415285189
1415285189
-1
Sceneryobjects\Trees_MC\tree_medium_02.sco
1210216022
1210216022
-1
Sceneryobjects\Trees_MC\tree_medium_09.sco
1210216280
1210216280
-1
Sceneryobjects\Verkehrszeichen_MC\Ampel_Kfz_1.sco
1415285188
1415285188
-1
Sceneryobjects\Verkehrszeichen_MC\Ampel_Kfz_OhBlind_1.sco
1415285250
1415285250
-1
Sceneryobjects\Verkehrszeichen_MC\VZ_att_vorfahrtgewahr_m_mast.sco
1415285189
1415285189
-1
Splines\gg\parapet1.sli
1087929904
-
-
Splines\gg\RQ_X_2spur_Altonaer_8m_GRASS.sli
1099076044
-
-
Splines\gg\RQ_X_2spur_Altonaer_8m2.sli
1099400276
-
-
Splines\gg\RQ_X_2spur_Altonaer_8m3.sli
1099400408
-
-
Splines\Marcel\str_2spur_11m_SeeburgerStr1.sli
1415285252
-
-
Splines\Marcel\str_2spur_8m_altonaer1.sli
1415285178
-
-
Splines\Marcel\str_2spur_8m_borkumer1.sli
1415285243
-
-
Splines\ADDON_SimpleStreets\RQ_X_2spur_Altonaer_8m.sli
1047632925
-
-
Splines\gg\building01.sli
1099479673
-
-
Splines\gg\hillwall03.sli
1099479639
-
-
Splines\gg\hillwall05.sli
1099956783
-
-
Sceneryobjects\gg\Busstop_12.sco
1110180469
1110180469
-1
Sceneryobjects\gg\Busstop_A6.sco
1110184889
1110184889
-1
Sceneryobjects\gg\Busstop_coverS.sco
1150574682
1150574682
-1
