Sceneryobjects\ADDON_gcW\schranke.sco
1048289328
1048289328
-1
Sceneryobjects\gg\arrow_leftB.sco
1112408916
1112408916
-1
Sceneryobjects\gg\arrow_leftY.sco
1112408918
1112408918
-1
Sceneryobjects\gg\arrow_rightB.sco
1112408921
1112408921
-1
Sceneryobjects\gg\arrow_rightY.sco
1112408923
1112408923
-1
Sceneryobjects\gg\parapet1.sco
1109786701
1109786701
-1
Sceneryobjects\gg\Road007.sco
1099563884
1099563884
-1
Sceneryobjects\gg\roundabout1.sco
1100818813
1100818813
-1
Sceneryobjects\GG2Buildings\gg2_apt_boarding_bridge.sco
1129293161
1129293161
-1
Sceneryobjects\GG2Buildings\gg2_apt_cp.sco
1129293136
1129293136
-1
Sceneryobjects\GG2Signs\gg2_drn_sign_medium.sco
1114245555
1114245555
-1
Sceneryobjects\GG2Signs\gg2_large_sign_with_lights.sco
1121526311
1121526311
-1
Sceneryobjects\GG2Signs\road_bollard_right.sco
1114580999
1114580999
-1
Sceneryobjects\ggairport\ggapt_fence_piece.sco
1122283586
1122283586
-1
Sceneryobjects\ggairport\ggapt_fence_post.sco
1122284200
1122284200
-1
Sceneryobjects\ggairport\ggapt_runwaylight_blue.sco
1126435826
1126435826
-1
Sceneryobjects\ggairport\ggapt_runwaylight_green.sco
1126435828
1126435828
-1
Sceneryobjects\ggplanes\a340-300-airgrundorf.sco
1152473184
1152473184
-1
Sceneryobjects\ggplanes\a340-300-cx.sco
1152473192
1152473192
-1
Sceneryobjects\ggplanes\a340-300-jal.sco
1152473199
1152473199
-1
Sceneryobjects\Nemolus Objekte\Verkehrszeichen\VZ_Mast_FahrtrichtungHierRechts.sco
1047497856
1047497856
-1
Sceneryobjects\Nemolus Objekte\Verkehrszeichen\VZ_Mast_Kreisverkehr.sco
1047497955
1047497955
-1
Sceneryobjects\Streetobjects_MC\strlt_str_ufo_big12.sco
1415285216
1415285216
-1
Sceneryobjects\Streetobjects_RUE\sodiumlight_L_break_L.sco
1415285204
1415285204
-1
Sceneryobjects\Trees_MC\tree_medium_02.sco
1210216022
1210216022
-1
Sceneryobjects\Trees_MC\tree_medium_09.sco
1210216280
1210216280
-1
Sceneryobjects\Verkehrszeichen_MC\VZ_att_vorfahrtgewahr_m_mast.sco
1415285189
1415285189
-1
Splines\ADDON_SimpleStreets\RQ_9,5_2spur_6,5m_Sidewalk.sli
1417588864
-
-
Splines\gg\hillwall03.sli
1099479639
-
-
Splines\gg\hillwall07.sli
1109956453
-
-
Splines\gg\parapet1.sli
1087929904
-
-
Splines\ggairport\ggapt_fence_base.sli
1122283541
-
-
Splines\ggairport\invis_align_to.sli
1126339366
-
-
Splines\Marcel\str_2spur_11m_SeeburgerStr1.sli
1190173140
-
-
