Sceneryobjects\ADDON_SimpleStreets\RQ_28_Half_From_10,5.sco
1049497953
1049497953
-1
Sceneryobjects\ADDON_SimpleStreets\RQ_28_Half_TO_10,5.sco
1049497957
1049497957
-1
Sceneryobjects\Generic\entrypoint_bus.sco
1415285195
1415285195
-1
Sceneryobjects\gg\parapet1.sco
1109786701
1109786701
-1
Sceneryobjects\GG2Signs\gg2_countdown_2_m.sco
1116648519
1116648519
-1
Sceneryobjects\GG2Signs\gg2_countdown_3_m.sco
1116648526
1116648526
-1
Sceneryobjects\GG2Signs\gg2_large_sign_with_lights.sco
1121495591
1121495591
-1
Sceneryobjects\GG2Signs\gg2_newbusstopdisplay.sco
1116387803
1116387803
-1
Sceneryobjects\GG2Signs\gg2_sign_3.sco
1112704500
1112704500
-1
Sceneryobjects\Streetobjects_MC\strlt_str_ufo_big12.sco
1415285216
1415285216
-1
Sceneryobjects\Streetobjects_RUE\sodiumlight_2L_break_L.sco
1415285212
1415285212
-1
Sceneryobjects\Streetobjects_RUE\sodiumlight_L_break_L.sco
1415285204
1415285204
-1
Sceneryobjects\Trees_MC\tree_medium_02.sco
1210216022
1210216022
-1
Sceneryobjects\Trees_MC\tree_medium_09.sco
1210216280
1210216280
-1
Splines\ADDON_SimpleStreets\RQ_28.sli
1048411084
-
-
Splines\gg\parapet1.sli
1087929904
-
-
