Sceneryobjects\Generic\bus_stop.sco
1415285162
1415285162
-1
Sceneryobjects\Generic\people_standing_small.sco
1415285152
1415285152
-1
Sceneryobjects\gg\bs01.sco
1110477050
1110477050
-1
Sceneryobjects\gg\Busstop_1.sco
1110180460
1110180460
-1
Sceneryobjects\gg\Busstop_coverL.sco
1150574671
1150574671
-1
Sceneryobjects\gg\Busstop_plate1.sco
1110538497
1110538497
-1
Sceneryobjects\gg\Busstop_pole.sco
1110180457
1110180457
-1
Sceneryobjects\gg\fstation.sco
1055131952
1055131952
-1
Sceneryobjects\gg\Road006.sco
1099563075
1099563075
-1
Sceneryobjects\gg\routearrows_busstop1.sco
1110442101
1110442101
-1
Sceneryobjects\GG2Buildings\gg2_government_office.sco
1149607416
1149607416
-1
Sceneryobjects\GG2Signs\gg2_refugee_island_small_half.sco
1114548077
1114548077
-1
Sceneryobjects\GG2Signs\road_bollard_right.sco
1114548231
1114548231
-1
Sceneryobjects\Kreuz_MC\Einm_Altonaer.sco
1415285197
1415285197
-1
Sceneryobjects\Streetobjects_RUE\sodiumlight_L_whip_L.sco
1415285221
1415285221
-1
Sceneryobjects\Trees_MC\tree_medium_02.sco
1210216022
1210216022
-1
Sceneryobjects\Trees_MC\tree_medium_09.sco
1210216280
1210216280
-1
Sceneryobjects\Verkehrszeichen_MC\VZ_att_vorfahrtgewahr_m_mast.sco
1415285189
1415285189
-1
Splines\ADDON_SimpleStreets\RQ_9,5_2spur_6,5m_Sidewalk.sli
1047233290
-
-
Splines\ADDON_SimpleStreets\RQ_X_2spur_Altonaer_8m.sli
1047632925
-
-
Splines\gg\hillwall06.sli
1100050301
-
-
Splines\Marcel\str_2spur_8m_altonaer1.sli
1415285178
-
-
