Sceneryobjects\Buildings_MC\bw_70s_03.sco
1415285114
1415285114
-1
Sceneryobjects\Buildings_MC\bw_hoch_08.sco
1415285164
1415285164
-1
Sceneryobjects\gg\highway_bridge.sco
1112307493
1112307493
-1
Sceneryobjects\Trees_MC\tree_medium_02.sco
1210216022
1210216022
-1
Sceneryobjects\Trees_MC\tree_medium_09.sco
1210216280
1210216280
-1
Splines\gg\rail_Bridge.sli
1051170507
-
-
Splines\gg\parapet1.sli
1087929904
-
-
Splines\gg\RQ_X_2spur_Altonaer_8m2.sli
1099400276
-
-
Splines\gg\RQ_X_2spur_Altonaer_8m3.sli
1099400408
-
-
Splines\Ruede\rail_concrete_01.sli
1466203125
-
-
