Sceneryobjects\Buildings_Freeman\asdatest.sco
1057266913
1057266913
-1
Sceneryobjects\Generic\bus_stop.sco
1415285162
1415285162
-1
Sceneryobjects\Generic\entrypoint_bus.sco
1415285195
1415285195
-1
Sceneryobjects\gg\display_buses\VDLdb300\DB300_LOD.sco
1417588864
1417588864
-1
Sceneryobjects\gg\display_buses\VolvoOlympian\kmbav1.sco
1417588864
1417588864
-1
Sceneryobjects\Trees_MC\tree_medium_09.sco
1210216280
1210216280
-1
Splines\Marcel\invis_street.sli
1226475086
-
-
Splines\gg\RQ_X_2spur_Altonaer_8m_SIDEWALK.sli
1099080290
-
-
