Sceneryobjects\ADDON_SimpleStreets\RQ_9,5_2spur_6,5m_Sidewalk_busstop_asph.sco
1148364649
1148364649
-1
Sceneryobjects\Buildings_MC\bw_30s_02_A.sco
1466203124
1466203124
-1
Sceneryobjects\Buildings_MC\bw_row50s_02A.sco
1466203122
1466203122
-1
Sceneryobjects\Buildings_MC\bw_rowold_32.sco
1466203120
1466203120
-1
Sceneryobjects\Buildings_MC\bw_workshop_01.sco
1466203124
1466203124
-1
Sceneryobjects\Buildings_MC\park_3.sco
1466203124
1466203124
-1
Sceneryobjects\Buildings_MC\Ubahn_Rsp_08.sco
1466203124
1466203124
-1
Sceneryobjects\Buildings_MC\Ubahn_Rsp_Pilz.sco
1466203124
1466203124
-1
Sceneryobjects\Buildings_RUE\Ladenzeile.sco
1466203118
1466203118
-1
Sceneryobjects\Buildings_RUE\Reisebuero.sco
1466203123
1466203123
-1
Sceneryobjects\Buildings_RUE\Taubenhaus.sco
1466203124
1466203124
-1
Sceneryobjects\Generic\bus_stop.sco
1466203123
1466203123
-1
Sceneryobjects\Generic\car_park.sco
1466203124
1466203124
-1
Sceneryobjects\Generic\people_standing_small.sco
1466203118
1466203118
-1
Sceneryobjects\gg\Busstop_2.sco
1110180464
1110180464
-1
Sceneryobjects\gg\Busstop_coverNS.sco
1152125282
1152125282
-1
Sceneryobjects\gg\Busstop_plate2.sco
1110538468
1110538468
-1
Sceneryobjects\gg\Busstop_pole.sco
1110180457
1110180457
-1
Sceneryobjects\gg\routearrows_busstop1.sco
1110458485
1110458485
-1
Sceneryobjects\Kreuz_MC\Wende_Borkumer_R.sco
1462910486
1462910486
-1
Sceneryobjects\Ruede\wasserpumpe_or.sco
1466203123
1466203123
-1
Sceneryobjects\Streetobjects_RUE\sodiumlight_L_whip_L.sco
1466203123
1466203123
-1
Sceneryobjects\Trees_MC\tree_medium_02.sco
1466203123
1466203123
-1
Sceneryobjects\Trees_MC\tree_medium_09.sco
1466203123
1466203123
-1
Splines\ADDON_SimpleStreets\RQ_9,5_2spur_6,5m_Sidewalk.sli
1417588864
-
-
Splines\gg\hillwall02.sli
1099074958
-
-
Splines\gg\RQ_9,5_2spur_6,5m_Sidewalk2.sli
1055558713
-
-
Splines\gg\RQ_9,5_2spur_6,5m_Sidewalk3.sli
1055558789
-
-
Splines\Marcel\str_2spur_8m_borkumer1.sli
1466203123
-
-
Sceneryobjects\gg\Busstop_A1.sco
1110184865
1110184865
-1
