Sceneryobjects\ADDON_SimpleStreets\RQ_28_Exit_End.sco
1048952664
1048952664
-1
Sceneryobjects\Generic\bus_stop.sco
1415285162
1415285162
-1
Sceneryobjects\gg\parapet1.sco
1109786701
1109786701
-1
Sceneryobjects\gg\railway01.sco
1112307816
1112307816
-1
Sceneryobjects\gg\RQ_28_Entry_Start.sco
1052343030
1052343030
-1
Sceneryobjects\GG2Signs\gg2_countdown_1_m.sco
1116648508
1116648508
-1
Sceneryobjects\GG2Signs\gg2_countdown_2_m.sco
1116648519
1116648519
-1
Sceneryobjects\GG2Signs\gg2_gantry_14m.sco
1110417757
1110417757
-1
Sceneryobjects\Railroad_RUE\EW190_L_Beton.sco
1415285205
1415285205
-1
Sceneryobjects\Railroad_RUE\EW190_R_Beton.sco
1415285194
1415285194
-1
Sceneryobjects\Streetobjects_RUE\sodiumlight_2L_break_L.sco
1415285212
1415285212
-1
Sceneryobjects\Streetobjects_RUE\sodiumlight_L_break_L.sco
1415285204
1415285204
-1
Sceneryobjects\Trees_MC\tree_medium_02.sco
1210216022
1210216022
-1
Sceneryobjects\Trees_MC\tree_medium_09.sco
1210216280
1210216280
-1
Splines\ADDON_SimpleStreets\RQ_10,5_1spur.sli
1048387841
-
-
Splines\ADDON_SimpleStreets\RQ_28_EntryExit_Both.sli
1048411202
-
-
Splines\gg\parapet1.sli
1087929904
-
-
Splines\gg\RQ_10,5_1spur_Bridge.sli
1110345519
-
-
Splines\Marcel\rail_typ001.sli
1133285725
-
-
Splines\Ruede\rail_concrete_01.sli
1415285172
-
-
