Sceneryobjects\ggairport\ggapt_approach_light_1.sco
1143755418
1143755418
-1
Sceneryobjects\ggairport\ggapt_runway_entrance_left.sco
1122282402
1122282402
-1
Sceneryobjects\ggairport\ggapt_runway_taxiway_escape_lane_right.sco
1122282396
1122282396
-1
Sceneryobjects\ggairport\ggapt_runwaylight_blue.sco
1126435826
1126435826
-1
Sceneryobjects\ggairport\ggapt_runwaylight_green.sco
1126435828
1126435828
-1
Sceneryobjects\ggairport\ggapt_runwaylight_white.sco
1126435824
1126435824
-1
Sceneryobjects\ggairport\ggapt_taxiway_junction_4way.sco
1122282404
1122282404
-1
Splines\ggairport\ggapt_runway_normallines.sli
1121229306
-
-
Splines\ggairport\ggapt_runway_taxiway.sli
1121235451
-
-
Splines\ggairport\ggapt_runway_thresholdmarkings.sli
1121229053
-
-
Splines\ggairport\invis_align_to.sli
1126339366
-
-
