Sceneryobjects\GG2Buildings\gg2_ggaeco_hangar.sco
1129293139
1129293139
-1
Sceneryobjects\ggairport\ggapt_approach_light_3.sco
1143755343
1143755343
-1
Sceneryobjects\ggairport\ggapt_fence_piece.sco
1122283586
1122283586
-1
Sceneryobjects\ggairport\ggapt_fence_post.sco
1122284200
1122284200
-1
Sceneryobjects\Streetobjects_RUE\sodiumlight_L_break_L.sco
1351811284
1351811284
-1
Splines\ADDON_SimpleStreets\RQ_X_2spur_Altonaer_8m.sli
1047632924
-
-
Splines\ggairport\ggapt_runway_blastingpad.sli
1121228326
-
-
Splines\ADDON_SimpleStreets\RQ_9,5_2spur_6,5m_Sidewalk.sli
1047233289
-
-
Splines\ggairport\ggapt_fence_base.sli
1122283541
-
-
Splines\ggairport\invis_align_to.sli
1126339366
-
-
Splines\Marcel\invis_street.sli
1459335739
-
-
