Sceneryobjects\ADDON_gcW\schranke.sco
1133980528
1133980528
-1
Sceneryobjects\Buildings_MC\oth_elek_1.sco
1196580393
1196580393
-1
Sceneryobjects\Generic\car_park.sco
1351774414
1351774414
-1
Sceneryobjects\Generic\entrypoint_bus.sco
1351774414
1351774414
-1
Sceneryobjects\gg\arrow_leftY.sco
1112376150
1112376150
-1
Sceneryobjects\gg\arrow_rightY.sco
1112376155
1112376155
-1
Sceneryobjects\gg\Road006.sco
1099563075
1099563075
-1
Sceneryobjects\gg\Road013.sco
1133477755
1133477755
-1
Sceneryobjects\gg\roundabout4.sco
1100786075
1100786075
-1
Sceneryobjects\gg\Wende_Gaertnereiring.sco
1133479181
1133479181
-1
Sceneryobjects\GG2Buildings\gg2_apt_cp.sco
1129293136
1129293136
-1
Sceneryobjects\GG2Signs\gg2_drn_sign_medium.sco
1114212787
1114212787
-1
Sceneryobjects\GG2Signs\road_bollard_right.sco
1114548231
1114548231
-1
Sceneryobjects\ggairport\ggapt_fence_piece.sco
1122283586
1122283586
-1
Sceneryobjects\ggairport\ggapt_fence_post.sco
1122284200
1122284200
-1
Sceneryobjects\Nemolus Objekte\Verkehrszeichen\VZ_Mast_FahrtrichtungHierRechts.sco
1052225331
1052225331
-1
Sceneryobjects\Nemolus Objekte\Verkehrszeichen\VZ_Mast_Kreisverkehr.sco
1052225706
1052225706
-1
Sceneryobjects\Nemolus Objekte\Verkehrszeichen\VZ_Mast_VerbotEinfahrt.sco
1052225797
1052225797
-1
Sceneryobjects\Streetobjects_MC\strlt_str_ufo_big12.sco
1459335761
1459335761
-1
Sceneryobjects\Streetobjects_RUE\sodiumlight_L_break_L.sco
1351811284
1351811284
-1
Sceneryobjects\Trees_MC\tree_medium_02.sco
1351774433
1351774433
-1
Sceneryobjects\Trees_MC\tree_medium_09.sco
1351774437
1351774437
-1
Sceneryobjects\Verkehrszeichen_MC\VZ_att_vorfahrtgewahr_m_mast.sco
1351811307
1351811307
-1
Splines\ADDON_SimpleStreets\RQ_9,5_2spur_6,5m_Sidewalk.sli
1047233289
-
-
Splines\ADDON_SimpleStreets\RQ_X_2spur_Altonaer_8m.sli
1047632924
-
-
Splines\ggairport\ggapt_fence_base.sli
1122283541
-
-
Splines\Marcel\str_2spur_6m_freud1.sli
1459335760
-
-
Splines\Marcel\str_2spur_6m_gaertnereiring1.sli
1459335758
-
-
