Sceneryobjects\Buildings_RUE\Haus02c2.sco
1466203119
1466203119
-1
Sceneryobjects\Buildings_RUE\Haus03c2.sco
1466203118
1466203118
-1
Sceneryobjects\Generic\car_park.sco
1466203124
1466203124
-1
Sceneryobjects\GG2Signs\gg2_tall_warning_sign.sco
1152393635
1152393635
-1
Sceneryobjects\Kreuz_MC\Einm_Altonaer.sco
1462910478
1462910478
-1
Sceneryobjects\Streetobjects_RUE\sodiumlight_L_whip_L.sco
1466203123
1466203123
-1
Sceneryobjects\Streetobjects_RUE\sodiumlight_photpump.sco
1466203124
1466203124
-1
Sceneryobjects\Trees_MC\tree_medium_02.sco
1466203123
1466203123
-1
Sceneryobjects\Trees_MC\tree_medium_09.sco
1466203123
1466203123
-1
Sceneryobjects\Verkehrszeichen_MC\VZ_att_vorfahrtgewahr_m_mast.sco
1466203121
1466203121
-1
Splines\ADDON_SimpleStreets\RQ_X_2spur_Altonaer_8m.sli
1417588864
-
-
Splines\Marcel\str_2spur_8m_borkumer1.sli
1466203123
-
-
Splines\gg\hillwall03.sli
1099479639
-
-
