Sceneryobjects\Buildings_MC\bw_hoch_14.sco
1415285144
1415285144
-1
Sceneryobjects\Buildings_MC\bw_supermarkt_1B.sco
1415285114
1415285114
-1
Sceneryobjects\Buildings_RUE\Reisebuero.sco
1415285153
1415285153
-1
Sceneryobjects\Generic\bus_stop.sco
1415285162
1415285162
-1
Sceneryobjects\Generic\car_park.sco
1447624890
1447624890
-1
Sceneryobjects\Generic\entrypoint_bus.sco
1415285195
1415285195
-1
Sceneryobjects\Generic\people_standing_small.sco
1415285152
1415285152
-1
Sceneryobjects\gg\arrow_downY.sco
1112408911
1112408911
-1
Sceneryobjects\gg\arrow_leftB.sco
1112408916
1112408916
-1
Sceneryobjects\gg\arrow_leftY.sco
1112408918
1112408918
-1
Sceneryobjects\gg\arrow_rightB.sco
1112408921
1112408921
-1
Sceneryobjects\gg\arrow_rightY.sco
1112408923
1112408923
-1
Sceneryobjects\gg\bt01.sco
1113103716
1113103716
-1
Sceneryobjects\gg\bt01b.sco
1110743052
1110743052
-1
Sceneryobjects\gg\building02.sco
1110414140
1110414140
-1
Sceneryobjects\gg\Busstop_1.sco
1110180460
1110180460
-1
Sceneryobjects\gg\Busstop_2.sco
1110180464
1110180464
-1
Sceneryobjects\gg\Busstop_2A.sco
1110183723
1110183723
-1
Sceneryobjects\gg\Busstop_6.sco
1110180820
1110180820
-1
Sceneryobjects\gg\Busstop_A1.sco
1110184865
1110184865
-1
Sceneryobjects\gg\Busstop_A1A.sco
1110184875
1110184875
-1
Sceneryobjects\gg\Busstop_coverL.sco
1152125275
1152125275
-1
Sceneryobjects\gg\Busstop_coverLA.sco
1152125277
1152125277
-1
Sceneryobjects\gg\Busstop_coverSA.sco
1152125289
1152125289
-1
Sceneryobjects\gg\Busstop_coverXLA.sco
1152125293
1152125293
-1
Sceneryobjects\gg\Busstop_plate2.sco
1110538468
1110538468
-1
Sceneryobjects\gg\Busstop_plate2A.sco
1110538474
1110538474
-1
Sceneryobjects\gg\Busstop_plate4.sco
1110538413
1110538413
-1
Sceneryobjects\gg\Busstop_pole.sco
1110180457
1110180457
-1
Sceneryobjects\gg\D86_LOD.sco
1132558978
1132558978
-1
Sceneryobjects\gg\fstation.sco
1055131952
1055131952
-1
Sceneryobjects\gg\light02.sco
1110598497
1110598497
-1
Sceneryobjects\gg\parapet1.sco
1109786701
1109786701
-1
Sceneryobjects\gg\phousing_1101.sco
1417588864
1417588864
-1
Sceneryobjects\gg\Road010.sco
1109761320
1109761320
-1
Sceneryobjects\gg\Road010b.sco
1109951275
1109951275
-1
Sceneryobjects\gg\routearrows_busstop1.sco
1110458485
1110458485
-1
Sceneryobjects\gg\routearrows_busstop2.sco
1110459097
1110459097
-1
Sceneryobjects\gg\RQ_X8_to_X11_Seeburger.sco
1152466984
1152466984
-1
Sceneryobjects\gg\school1.sco
1417588864
1417588864
-1
Sceneryobjects\GG2Signs\gg2_drn_sign_medium.sco
1114245555
1114245555
-1
Sceneryobjects\GG2Signs\gg2_large_sign_with_lights.sco
1121526311
1121526311
-1
Sceneryobjects\GG2Signs\gg2_newbusstopdisplay.sco
1116418523
1116418523
-1
Sceneryobjects\GG2Signs\gg2_newbusstopdisplaybig.sco
1116447873
1116447873
-1
Sceneryobjects\Kreuz_MC\Wende_Borkumer_R.sco
1462910486
1462910486
-1
Sceneryobjects\Nemolus Objekte\Verkehrszeichen\VZ_Mast_VerengteFahrbahn.sco
1047725282
1047725282
-1
Sceneryobjects\Streetobjects_RUE\sodiumlight_L_whip_L.sco
1415285221
1415285221
-1
Sceneryobjects\Trees_MC\ShrubberyBox_01.sco
1210216096
1210216096
-1
Sceneryobjects\Trees_MC\tree_medium_02.sco
1210216022
1210216022
-1
Sceneryobjects\Trees_MC\tree_medium_09.sco
1210216280
1210216280
-1
Sceneryobjects\Verkehrszeichen_MC\VZ_att_vorfahrtgewahr_m_mast.sco
1415285189
1415285189
-1
Sceneryobjects\Verkehrszeichen_MC\vz_vb_einfahrt_m_mast.sco
1415285176
1415285176
-1
Splines\ADDON_SimpleStreets\RQ_X_2spur_Altonaer_8m.sli
1417588864
-
-
Splines\gg\building01.sli
1099479673
-
-
Splines\gg\hillwall03.sli
1099479639
-
-
Splines\gg\parapet1.sli
1087929904
-
-
Splines\gg\RQ_X_2spur_Altonaer_8m_GRASS.sli
1099076044
-
-
Splines\gg\RQ_X_2spur_Altonaer_8m2.sli
1099400276
-
-
Splines\gg\RQ_X_2spur_Altonaer_8m3.sli
1099400408
-
-
Splines\ggairport\invis_align_to.sli
1126339366
-
-
Splines\Marcel\str_2spur_11m_SeeburgerStr1.sli
1190173140
-
-
Splines\gg\hillwall04.sli
1099939397
-
-
Sceneryobjects\gg\Busstop_A6.sco
1110184889
1110184889
-1
Sceneryobjects\gg\Busstop_12.sco
1110180469
1110180469
-1
