Sceneryobjects\Generic\bus_stop.sco
1415285162
1415285162
-1
Sceneryobjects\Generic\car_park.sco
1415285161
1415285161
-1
Sceneryobjects\Generic\people_standing_small.sco
1415285152
1415285152
-1
Sceneryobjects\gg\arrow_rightY.sco
1112408923
1112408923
-1
Sceneryobjects\gg\Busstop_1.sco
1110180460
1110180460
-1
Sceneryobjects\gg\Busstop_1A.sco
1110180462
1110180462
-1
Sceneryobjects\gg\Busstop_plate1.sco
1110538497
1110538497
-1
Sceneryobjects\gg\Busstop_plate1A.sco
1110538489
1110538489
-1
Sceneryobjects\gg\Busstop_pole.sco
1110180457
1110180457
-1
Sceneryobjects\gg\D86_LOD.sco
1132558978
1132558978
-1
Sceneryobjects\gg\display_buses\E2H81\E2H81.sco
1417588864
1417588864
-1
Sceneryobjects\gg\display_buses\E2H83\E2H83.sco
1417588864
1417588864
-1
Sceneryobjects\gg\display_buses\MAN24310\AMN_LOD.sco
1417588864
1417588864
-1
Sceneryobjects\gg\display_buses\SD202a\SD202a.sco
1417588864
1417588864
-1
Sceneryobjects\gg\display_buses\SD77\SD77_LOD.sco
1417588864
1417588864
-1
Sceneryobjects\gg\phousing_0701.sco
1151598992
1151598992
-1
Sceneryobjects\gg\routearrows_busstop1.sco
1110458485
1110458485
-1
Sceneryobjects\GG2Buildings\busrally1.sco
1150656630
1150656630
-1
Sceneryobjects\GG2Buildings\busrally2.sco
1151403491
1151403491
-1
Sceneryobjects\ggairport\D86_LOD.sco
1132558978
1132558978
-1
Sceneryobjects\Kreuz_MC\Einm_Altonaer.sco
1462910478
1462910478
-1
Sceneryobjects\Streetobjects_MC\strlt_str_ufo_big12.sco
1415285216
1415285216
-1
Sceneryobjects\Streetobjects_RUE\Busstop_Name_Timetable_1.sco
1415285168
1415285168
-1
Sceneryobjects\Streetobjects_RUE\Busstop_Terminus.sco
1415285211
1415285211
-1
Sceneryobjects\Streetobjects_RUE\sodiumlight_L_whip_L.sco
1415285221
1415285221
-1
Sceneryobjects\Trees_MC\tree_medium_02.sco
1210216022
1210216022
-1
Sceneryobjects\Trees_MC\tree_medium_09.sco
1210216280
1210216280
-1
Splines\ADDON_SimpleStreets\RQ_X_2spur_Altonaer_8m.sli
1417588864
-
-
Splines\gg\busline.sli
1053210791
-
-
Splines\gg\hillwall03.sli
1099479639
-
-
Splines\gg\RQ_X_2spur_Altonaer_8m_SIDEWALK.sli
1099080290
-
-
Splines\Marcel\invis_street.sli
1226475086
-
-
