Sceneryobjects\Buildings_RUE\Ladenzeile.sco
1415285186
1415285186
-1
Sceneryobjects\gg\arrow_downB.sco
1112376141
1112376141
-1
Sceneryobjects\gg\arrow_downY.sco
1112376143
1112376143
-1
Sceneryobjects\Kreuz_MC\Einm_Altonaer.sco
1415285197
1415285197
-1
Sceneryobjects\Streetobjects_RUE\sodiumlight_L_whip_L.sco
1415285221
1415285221
-1
Sceneryobjects\Trees_MC\tree_medium_09.sco
1210216280
1210216280
-1
Sceneryobjects\Verkehrszeichen_MC\VZ_att_vorfahrtgewahr_m_mast.sco
1415285189
1415285189
-1
Splines\gg\RQ_X_2spur_Altonaer_8m2.sli
1099400276
-
-
Splines\Marcel\str_2spur_8m_borkumer1.sli
1415285243
-
-
