Sceneryobjects\ADDON_SimpleStreets\RQ_X8m_2spur_8,0m_Sidewalk_PedCross.sco
1047960264
1047960264
-1
Sceneryobjects\backgroundsounds\water_cube.sco
1054106517
1054106517
-1
Sceneryobjects\Buildings_MC\bw_30s_02_A.sco
1466203124
1466203124
-1
Sceneryobjects\Buildings_MC\bw_30s_02_C.sco
1466203124
1466203124
-1
Sceneryobjects\Buildings_MC\bw_50s_07.sco
1466203120
1466203120
-1
Sceneryobjects\Buildings_MC\bw_supermarkt_1.sco
1466203124
1466203124
-1
Sceneryobjects\Buildings_MC\bw_supermarkt_3.sco
1466203124
1466203124
-1
Sceneryobjects\Buildings_MC\CHGeb_01.sco
1466203122
1466203122
-1
Sceneryobjects\Buildings_MC\oth_elek_1.sco
1466203123
1466203123
-1
Sceneryobjects\Buildings_MC\tank_2_aral.sco
1466203118
1466203118
-1
Sceneryobjects\Buildings_MC\wohn_04.sco
1466203118
1466203118
-1
Sceneryobjects\Buildings_RUE\Haus01c.sco
1466203124
1466203124
-1
Sceneryobjects\Buildings_RUE\Haus02c2.sco
1466203119
1466203119
-1
Sceneryobjects\Buildings_RUE\Haus03c.sco
1466203124
1466203124
-1
Sceneryobjects\Buildings_RUE\Haus03c2.sco
1466203118
1466203118
-1
Sceneryobjects\Generic\bus_stop.sco
1466203123
1466203123
-1
Sceneryobjects\Generic\car_park.sco
1466203124
1466203124
-1
Sceneryobjects\Generic\people_standing_small.sco
1466203118
1466203118
-1
Sceneryobjects\gg\arrow_leftY.sco
1112408918
1112408918
-1
Sceneryobjects\gg\arrow_rightY.sco
1112408923
1112408923
-1
Sceneryobjects\gg\bs01.sco
1110509818
1110509818
-1
Sceneryobjects\gg\Busstop_6.sco
1110180820
1110180820
-1
Sceneryobjects\gg\Busstop_coverL.sco
1152125275
1152125275
-1
Sceneryobjects\gg\Busstop_plate3.sco
1110538436
1110538436
-1
Sceneryobjects\gg\Busstop_pole.sco
1110180457
1110180457
-1
Sceneryobjects\gg\Road006.sco
1099563075
1099563075
-1
Sceneryobjects\gg\routearrows_busstop1.sco
1110458485
1110458485
-1
Sceneryobjects\gg\RQ_9,5_to_X8_3.sco
1057592880
1057592880
-1
Sceneryobjects\GG2Signs\gg2_drn_sign_medium.sco
1114245555
1114245555
-1
Sceneryobjects\GG2Signs\gg2_large_sign_with_lights.sco
1121526311
1121526311
-1
Sceneryobjects\GG2Signs\gg2_tall_warning_sign.sco
1152393635
1152393635
-1
Sceneryobjects\Kreuz_MC\Wende_Borkumer_R.sco
1462910486
1462910486
-1
Sceneryobjects\Nemolus Objekte\Verkehrszeichen\VZ_Mast_FahrtrichtungHierRechts.sco
1047497856
1047497856
-1
Sceneryobjects\Nemolus Objekte\Verkehrszeichen\VZ_Mast_Kreisverkehr.sco
1047497955
1047497955
-1
Sceneryobjects\Nemolus Objekte\Verkehrszeichen\VZ_Mast_VerengteFahrbahn.sco
1047725282
1047725282
-1
Sceneryobjects\Ruede\50er_aufbausiedlung01.sco
1466203118
1466203118
-1
Sceneryobjects\Streetobjects_MC\strlt_str_ufo_big12.sco
1466203125
1466203125
-1
Sceneryobjects\Streetobjects_RUE\sodiumlight_L_whip_L.sco
1466203123
1466203123
-1
Sceneryobjects\Streetobjects_RUE\sodiumlight_photpump.sco
1466203124
1466203124
-1
Sceneryobjects\Streetobjects_RUE\whip_beam.sco
1466203120
1466203120
-1
Sceneryobjects\Trees_MC\tree_medium_02.sco
1466203123
1466203123
-1
Sceneryobjects\Trees_MC\tree_medium_09.sco
1466203123
1466203123
-1
Sceneryobjects\Verkehrszeichen_MC\Ampel_Kfz_1.sco
1466203124
1466203124
-1
Sceneryobjects\Verkehrszeichen_MC\Ampel_Kfz_Oh_1.sco
1466203124
1466203124
-1
Sceneryobjects\Verkehrszeichen_MC\Ampel_Mensch_1.sco
1466203123
1466203123
-1
Sceneryobjects\Verkehrszeichen_MC\VZ_att_vorfahrtgewahr_m.sco
1466203123
1466203123
-1
Splines\ADDON_SimpleStreets\RQ_9,5_2spur_6,5m_Sidewalk.sli
1417588864
-
-
Splines\ADDON_SimpleStreets\RQ_X_2spur_Altonaer_8m.sli
1417588864
-
-
Splines\gg\Altonaer_8m_half.sli
1055366715
-
-
Splines\gg\Altonaer_8m_half2.sli
1055369756
-
-
Splines\gg\Altonaer_8m_half3.sli
1055369763
-
-
Splines\gg\RQ_9,5_2spur_6,5m_Sidewalk3.sli
1055558789
-
-
Splines\Marcel\str_2spur_8m_borkumer1.sli
1466203123
-
-
Splines\gg\hillwall02.sli
1099074958
-
-
Sceneryobjects\gg\Busstop_A6.sco
1110184889
1110184889
-1
