Sceneryobjects\ADDON_SimpleStreets\RQ_28_Bridge_Connector.sco
1049502365
1049502365
-1
Sceneryobjects\ADDON_SimpleStreets\RQ_28_Bridge_EntryExit_Connector.sco
1049502438
1049502438
-1
Sceneryobjects\ADDON_SimpleStreets\RQ_28_Exit_End.sco
1148457243
1148457243
-1
Sceneryobjects\Generic\entrypoint_bus.sco
1415285195
1415285195
-1
Sceneryobjects\gg\arrow_downB.sco
1112408909
1112408909
-1
Sceneryobjects\gg\arrow_downY.sco
1112408911
1112408911
-1
Sceneryobjects\gg\arrow_rightB.sco
1112408921
1112408921
-1
Sceneryobjects\gg\highway_bridge.sco
1112307493
1112307493
-1
Sceneryobjects\gg\highway_bridge2.sco
1112307496
1112307496
-1
Sceneryobjects\gg\Road009.sco
1099984430
1099984430
-1
Sceneryobjects\gg\RQ_28_Entry_Start.sco
1052357366
1052357366
-1
Sceneryobjects\gg\RQ_X8_to_X11_Seeburger.sco
1152466984
1152466984
-1
Sceneryobjects\GG2Signs\gg2_ads_with_light.sco
1126967401
1126967401
-1
Sceneryobjects\GG2Signs\gg2_countdown_1_m.sco
1116679228
1116679228
-1
Sceneryobjects\GG2Signs\gg2_gantry_14m_4m77.sco
1115431644
1115431644
-1
Sceneryobjects\GG2Signs\gg2_gantry_freetex.sco
1152385362
1152385362
-1
Sceneryobjects\Nemolus Objekte\Verkehrszeichen\VZ_Mast_Kreisverkehr.sco
1047497955
1047497955
-1
Sceneryobjects\Nemolus Objekte\Verkehrszeichen\VZ_Mast_VerbotEinfahrt.sco
1047496750
1047496750
-1
Sceneryobjects\Streetobjects_MC\strlt_str_ufo_big12.sco
1415285216
1415285216
-1
Sceneryobjects\Streetobjects_RUE\sodiumlight_2L_break_L.sco
1415285212
1415285212
-1
Sceneryobjects\Streetobjects_RUE\sodiumlight_L_break_L.sco
1415285204
1415285204
-1
Sceneryobjects\Trees_MC\tree_medium_02.sco
1210216022
1210216022
-1
Sceneryobjects\Trees_MC\tree_medium_09.sco
1210216280
1210216280
-1
Splines\ADDON_SimpleStreets\RQ_10,5_1spur.sli
1417588864
-
-
Splines\ADDON_SimpleStreets\RQ_28.sli
1417588864
-
-
Splines\ADDON_SimpleStreets\RQ_28_Bridge.sli
1417588864
-
-
Splines\ADDON_SimpleStreets\RQ_28_EntryExit_Both_Bridge.sli
1417588864
-
-
Splines\gg\RQ_10,5_1spur_Bridge.sli
1110345519
-
-
Sceneryobjects\gg\D86_LOD.sco
1132558978
1132558978
-1
Sceneryobjects\ggairport\D86_LOD.sco
1132558978
1132558978
-1
Splines\ggairport\invis_align_to.sli
1126339366
-
-
Sceneryobjects\Generic\bus_stop.sco
1415285162
1415285162
-1
Sceneryobjects\Generic\people_standing_small.sco
1415285152
1415285152
-1
Sceneryobjects\gg\routearrows_busstop1.sco
1110458485
1110458485
-1
