Sceneryobjects\ADDON_SimpleStreets\RQ_9,5_2spur_6,5m_Sidewalk_busstop_double.sco
1047958045
1047958045
-1
Sceneryobjects\Buildings_MC\bw_old_05.sco
1415285165
1415285165
-1
Sceneryobjects\Buildings_MC\bw_old_10.sco
1415285159
1415285159
-1
Sceneryobjects\Buildings_MC\bw_row50s_02A.sco
1415285144
1415285144
-1
Sceneryobjects\Buildings_RUE\Haus02c.sco
1415285186
1415285186
-1
Sceneryobjects\Buildings_RUE\Haus03a.sco
1415285184
1415285184
-1
Sceneryobjects\Buildings_RUE\Haus03c.sco
1415285159
1415285159
-1
Sceneryobjects\Buildings_RUE\Haus03c2.sco
1415285152
1415285152
-1
Sceneryobjects\Buildings_RUE\Haus03e.sco
1415285195
1415285195
-1
Sceneryobjects\Buildings_RUE\Haus03f.sco
1415285159
1415285159
-1
Sceneryobjects\Generic\bus_stop.sco
1415285162
1415285162
-1
Sceneryobjects\Generic\car_park.sco
1415285161
1415285161
-1
Sceneryobjects\Generic\people_standing_small.sco
1415285152
1415285152
-1
Sceneryobjects\gg\Busstop_1.sco
1110180460
1110180460
-1
Sceneryobjects\gg\Busstop_coverNS.sco
1150574676
1150574676
-1
Sceneryobjects\gg\Busstop_plate1.sco
1110538497
1110538497
-1
Sceneryobjects\gg\Busstop_pole.sco
1110180457
1110180457
-1
Sceneryobjects\gg\routearrows_busstop1.sco
1110442101
1110442101
-1
Sceneryobjects\GG2Signs\gg2_tall_warning_sign.sco
1152362915
1152362915
-1
Sceneryobjects\Streetobjects_RUE\sodiumlight_L_whip_L.sco
1415285221
1415285221
-1
Sceneryobjects\Trees_MC\shrubbery_01_20.sco
1210215936
1210215936
-1
Sceneryobjects\Trees_MC\tree_medium_02.sco
1210216022
1210216022
-1
Sceneryobjects\Trees_MC\tree_medium_09.sco
1210216280
1210216280
-1
Splines\ADDON_SimpleStreets\RQ_9,5_2spur_6,5m_Sidewalk.sli
1047233290
-
-
Splines\gg\RQ_9,5_2spur_6,5m_Sidewalk2.sli
1055558713
-
-
Splines\gg\RQ_9,5_2spur_6,5m_Sidewalk3.sli
1055558789
-
-
