Sceneryobjects\gg\light01.sco
1110598479
1110598479
-1
Sceneryobjects\gg\parapet1.sco
1109786701
1109786701
-1
Sceneryobjects\gg\tunnelhole.sco
1055196718
1055196718
-1
Sceneryobjects\gg\tunnelhole1b.sco
1100065276
1100065276
-1
Sceneryobjects\Trees_MC\tree_medium_02.sco
1210216022
1210216022
-1
Sceneryobjects\Trees_MC\tree_medium_09.sco
1210216280
1210216280
-1
Splines\gg\Damm2.sli
1099979145
-
-
Splines\gg\Damm3.sli
1151621489
-
-
Splines\gg\hillwall06.sli
1100050301
-
-
Splines\gg\parapet1.sli
1087929904
-
-
Splines\gg\RQ_28_EntryExit_Both.sli
1132755204
-
-
Splines\ggtunnel\highway_3lines.sli
1132755204
-
-
Splines\Marcel\invis_street.sli
1415285258
-
-
Splines\Ruede\rail_concrete_01.sli
1415285172
-
-
