Sceneryobjects\Buildings_MC\bw_bauhaus.sco
1466203124
1466203124
-1
Sceneryobjects\Buildings_MC\bw_supermarkt_1B.sco
1466203122
1466203122
-1
Sceneryobjects\Buildings_MC\garage_1_sixpack.sco
1466203122
1466203122
-1
Sceneryobjects\Buildings_MC\oth_greenh_6x6x50.sco
1466203119
1466203119
-1
Sceneryobjects\Generic\car_park.sco
1466203124
1466203124
-1
Sceneryobjects\gg\highway_bridge.sco
1112307493
1112307493
-1
Sceneryobjects\GG2Signs\gg2_tall_warning_sign.sco
1152393635
1152393635
-1
Sceneryobjects\Nemolus Objekte\Verkehrszeichen\VZ_Mast_KurveLinks.sco
1047726251
1047726251
-1
Sceneryobjects\Streetobjects_RUE\sodiumlight_L_whip_L.sco
1466203123
1466203123
-1
Sceneryobjects\Trees_MC\arbor_6.sco
1466203122
1466203122
-1
Sceneryobjects\Trees_MC\tree_medium_02.sco
1466203123
1466203123
-1
Sceneryobjects\Trees_MC\tree_medium_09.sco
1466203123
1466203123
-1
Splines\ADDON_SimpleStreets\RQ_9,5_2spur_6,5m_Sidewalk.sli
1417588864
-
-
Splines\gg\rail_Bridge.sli
1051170507
-
-
