Sceneryobjects\ADDON_SimpleStreets\RQ_X8m_2spur_8,0m_Sidewalk_PedCross.sco
1047958216
1047958216
-1
Sceneryobjects\Buildings_MC\bw_row80s_05.sco
1415285142
1415285142
-1
Sceneryobjects\Buildings_RUE\Haus01a.sco
1415285196
1415285196
-1
Sceneryobjects\Buildings_RUE\Haus01b.sco
1415285190
1415285190
-1
Sceneryobjects\Buildings_RUE\Haus01c2.sco
1415285157
1415285157
-1
Sceneryobjects\Buildings_RUE\Haus01e.sco
1415285153
1415285153
-1
Sceneryobjects\Buildings_RUE\Haus02c.sco
1415285186
1415285186
-1
Sceneryobjects\Buildings_RUE\Haus02c2.sco
1415285154
1415285154
-1
Sceneryobjects\Buildings_RUE\Haus02e.sco
1415285180
1415285180
-1
Sceneryobjects\Buildings_RUE\Haus03a.sco
1415285184
1415285184
-1
Sceneryobjects\Buildings_RUE\Haus03b.sco
1415285163
1415285163
-1
Sceneryobjects\Buildings_RUE\Haus03c.sco
1415285159
1415285159
-1
Sceneryobjects\Buildings_RUE\Haus03c2.sco
1415285152
1415285152
-1
Sceneryobjects\Buildings_RUE\Haus03e.sco
1415285195
1415285195
-1
Sceneryobjects\Generic\bus_stop.sco
1415285162
1415285162
-1
Sceneryobjects\Generic\car_park.sco
1415285161
1415285161
-1
Sceneryobjects\Generic\people_standing_small.sco
1415285152
1415285152
-1
Sceneryobjects\gg\arrow_downY.sco
1112376143
1112376143
-1
Sceneryobjects\gg\bs01.sco
1110477050
1110477050
-1
Sceneryobjects\gg\Busstop_2.sco
1110180464
1110180464
-1
Sceneryobjects\gg\Busstop_6.sco
1110180820
1110180820
-1
Sceneryobjects\gg\Busstop_A1.sco
1110184865
1110184865
-1
Sceneryobjects\gg\Busstop_coverL.sco
1150574671
1150574671
-1
Sceneryobjects\gg\Busstop_plate2.sco
1110538468
1110538468
-1
Sceneryobjects\gg\Busstop_plate3.sco
1110538436
1110538436
-1
Sceneryobjects\gg\Busstop_pole.sco
1110180457
1110180457
-1
Sceneryobjects\gg\routearrows_busstop1.sco
1110442101
1110442101
-1
Sceneryobjects\GG2Signs\gg2_tall_warning_sign.sco
1152362915
1152362915
-1
Sceneryobjects\Kreuz_MC\Einm_Altonaer.sco
1415285197
1415285197
-1
Sceneryobjects\Streetobjects_RUE\sodiumlight_L_whip_L.sco
1415285221
1415285221
-1
Sceneryobjects\Streetobjects_RUE\whip_beam.sco
1415285189
1415285189
-1
Sceneryobjects\Tony_A_objects\Corner-Shops2.sco
1066044153
1066044153
-1
Sceneryobjects\Tony_A_objects\Double-Face-House.sco
1066044187
1066044187
-1
Sceneryobjects\Tony_A_objects\House-White-GryRoof.sco
1066044537
1066044537
-1
Sceneryobjects\Tony_A_objects\Light-Brick-House.sco
1066044596
1066044596
-1
Sceneryobjects\Trees_MC\tree_medium_02.sco
1210216022
1210216022
-1
Sceneryobjects\Trees_MC\tree_medium_09.sco
1210216280
1210216280
-1
Sceneryobjects\Verkehrszeichen_MC\Ampel_Kfz_1.sco
1415285188
1415285188
-1
Sceneryobjects\Verkehrszeichen_MC\Ampel_Kfz_Oh_1.sco
1415285170
1415285170
-1
Sceneryobjects\Verkehrszeichen_MC\Ampel_Mensch_1.sco
1415285211
1415285211
-1
Sceneryobjects\Verkehrszeichen_MC\VZ_att_vorfahrtgewahr_m_mast.sco
1415285189
1415285189
-1
Splines\ADDON_SimpleStreets\RQ_X_2spur_Altonaer_8m.sli
1047632925
-
-
Splines\gg\RQ_X_2spur_Altonaer_8m2.sli
1099400276
-
-
Splines\gg\RQ_X_2spur_Altonaer_8m3.sli
1099400408
-
-
Splines\Marcel\str_2spur_8m_altonaer1.sli
1415285178
-
-
Splines\gg\hillwall03.sli
1099479639
-
-
Splines\gg\RQ_X_2spur_Altonaer_8m_GRASS.sli
1099076044
-
-
Sceneryobjects\gg\Busstop_1A.sco
1110180462
1110180462
-1
Sceneryobjects\gg\Busstop_plate4.sco
1110538413
1110538413
-1
