Sceneryobjects\Buildings_MC\bw_70s_01A.sco
1415285157
1415285157
-1
Sceneryobjects\Buildings_MC\bw_70s_01C.sco
1415285163
1415285163
-1
Sceneryobjects\Buildings_MC\bw_70s_01D.sco
1415285146
1415285146
-1
Sceneryobjects\Buildings_MC\bw_med_01.sco
1415285141
1415285141
-1
Sceneryobjects\Buildings_RUE\Haus01c.sco
1415285186
1415285186
-1
Sceneryobjects\Buildings_RUE\Haus01e.sco
1415285153
1415285153
-1
Sceneryobjects\Buildings_RUE\Haus02e.sco
1415285180
1415285180
-1
Sceneryobjects\Buildings_RUE\Haus03b.sco
1415285163
1415285163
-1
Sceneryobjects\Buildings_RUE\Haus03c.sco
1415285159
1415285159
-1
Sceneryobjects\Buildings_RUE\Tennis-Center.sco
1415285148
1415285148
-1
Sceneryobjects\Generic\bus_stop.sco
1415285162
1415285162
-1
Sceneryobjects\Generic\car_park.sco
1415285161
1415285161
-1
Sceneryobjects\Generic\people_standing_small.sco
1415285152
1415285152
-1
Sceneryobjects\gg\arrow_downY.sco
1112408911
1112408911
-1
Sceneryobjects\gg\arrow_leftB.sco
1112408916
1112408916
-1
Sceneryobjects\gg\arrow_leftY.sco
1112408918
1112408918
-1
Sceneryobjects\gg\arrow_rightB.sco
1112408921
1112408921
-1
Sceneryobjects\gg\arrow_rightY.sco
1112408923
1112408923
-1
Sceneryobjects\gg\Busstop_2.sco
1110180464
1110180464
-1
Sceneryobjects\gg\Busstop_6.sco
1110180820
1110180820
-1
Sceneryobjects\gg\Busstop_A1.sco
1110184865
1110184865
-1
Sceneryobjects\gg\Busstop_A1A.sco
1110184875
1110184875
-1
Sceneryobjects\gg\Busstop_coverL.sco
1152125275
1152125275
-1
Sceneryobjects\gg\Busstop_coverSA.sco
1152125289
1152125289
-1
Sceneryobjects\gg\Busstop_plate2.sco
1110538468
1110538468
-1
Sceneryobjects\gg\Busstop_plate3.sco
1110538436
1110538436
-1
Sceneryobjects\gg\Busstop_pole.sco
1110180457
1110180457
-1
Sceneryobjects\gg\Road003c.sco
1467256420
1467256420
-1
Sceneryobjects\gg\Road008.sco
1099587058
1099587058
-1
Sceneryobjects\gg\Road008b.sco
1099587894
1099587894
-1
Sceneryobjects\gg\routearrows_busstop1.sco
1110458485
1110458485
-1
Sceneryobjects\gg\routearrows_busstop2.sco
1110459097
1110459097
-1
Sceneryobjects\GG2Signs\gg2_large_sign_with_lights.sco
1121526311
1121526311
-1
Sceneryobjects\Kreuz_MC\Wende_Borkumer_R.sco
1462910486
1462910486
-1
Sceneryobjects\Ruede\Tree_Street_01.sco
1415285171
1415285171
-1
Sceneryobjects\Streetobjects_RUE\single_pole.sco
1415285174
1415285174
-1
Sceneryobjects\Streetobjects_RUE\sodiumlight_L_whip_L.sco
1415285221
1415285221
-1
Sceneryobjects\Streetobjects_RUE\whip_beam.sco
1415285189
1415285189
-1
Sceneryobjects\Trees_MC\tree_medium_02.sco
1210216022
1210216022
-1
Sceneryobjects\Trees_MC\tree_medium_09.sco
1210216280
1210216280
-1
Sceneryobjects\Verkehrszeichen_MC\Ampel_Kfz_1.sco
1415285188
1415285188
-1
Sceneryobjects\Verkehrszeichen_MC\Ampel_Kfz_OhBlind_1.sco
1415285250
1415285250
-1
Sceneryobjects\Verkehrszeichen_MC\VZ_surfmark_arrow_L.sco
1415285249
1415285249
-1
Sceneryobjects\Verkehrszeichen_MC\VZ_surfmark_arrow_R.sco
1415285175
1415285175
-1
Sceneryobjects\Verkehrszeichen_MC\VZ_surfmark_arrow_S.sco
1415285165
1415285165
-1
Sceneryobjects\Verkehrszeichen_MC\VZ_surfmark_arrow_SL.sco
1415285169
1415285169
-1
Splines\ADDON_SimpleStreets\RQ_15,5_2spur_11,5m_Sidewalk.sli
1417588864
-
-
Splines\gg\RQ_X_2spur_Altonaer_8m_GRASS.sli
1099076044
-
-
