Sceneryobjects\Buildings_MC\Ubahn_Rsp_Pilz.sco
1415285184
1415285184
-1
Sceneryobjects\Generic\bus_stop.sco
1415285162
1415285162
-1
Sceneryobjects\Generic\people_standing_small.sco
1415285152
1415285152
-1
Sceneryobjects\gg\arrow_downY.sco
1112376143
1112376143
-1
Sceneryobjects\gg\bs01.sco
1110477050
1110477050
-1
Sceneryobjects\gg\Busstop_1.sco
1110180460
1110180460
-1
Sceneryobjects\gg\Busstop_2.sco
1110180464
1110180464
-1
Sceneryobjects\gg\Busstop_A6.sco
1110184889
1110184889
-1
Sceneryobjects\gg\Busstop_coverL.sco
1150574671
1150574671
-1
Sceneryobjects\gg\Busstop_plate1.sco
1110538497
1110538497
-1
Sceneryobjects\gg\Busstop_plate2.sco
1110538468
1110538468
-1
Sceneryobjects\gg\Busstop_pole.sco
1110180457
1110180457
-1
Sceneryobjects\gg\highway_bridge.sco
1112307493
1112307493
-1
Sceneryobjects\gg\light01.sco
1110598479
1110598479
-1
Sceneryobjects\gg\parapet1.sco
1109786701
1109786701
-1
Sceneryobjects\gg\routearrows_busstop1.sco
1110442101
1110442101
-1
Sceneryobjects\GG2Signs\gg2_tall_warning_sign.sco
1152362915
1152362915
-1
Sceneryobjects\Nemolus Objekte\Verkehrszeichen\VZ_Mast_DoppelkurveRechts.sco
1468697832
1468697832
-1
Sceneryobjects\Streetobjects_RUE\sodiumlight_L_whip_L.sco
1415285221
1415285221
-1
Sceneryobjects\Trees_MC\tree_medium_02.sco
1210216022
1210216022
-1
Sceneryobjects\Trees_MC\tree_medium_09.sco
1210216280
1210216280
-1
Splines\gg\Cemetery.sli
1055158743
-
-
Splines\gg\Cemetery1.sli
1055158705
-
-
Splines\gg\parapet1.sli
1087929904
-
-
Splines\gg\Damm1.sli
1109831254
-
-
Splines\gg\rail_Bridge.sli
1051170507
-
-
Splines\gg\RQ_X_2spur_Altonaer_8m_GRASS.sli
1099076044
-
-
Splines\gg\RQ_X_2spur_Altonaer_8m_NO SIDE.sli
1099071873
-
-
Splines\ggtunnel\highway_3lines.sli
1132755204
-
-
Sceneryobjects\gg\Busstop_1A.sco
1110180462
1110180462
-1
Sceneryobjects\gg\Busstop_6.sco
1110180820
1110180820
-1
Sceneryobjects\gg\Busstop_A1A.sco
1110184875
1110184875
-1
Sceneryobjects\gg\Busstop_plate3.sco
1110538436
1110538436
-1
Sceneryobjects\gg\Busstop_plate4.sco
1110538413
1110538413
-1
