Sceneryobjects\ADDON_SimpleStreets\RQ_28_Bridge_EntryExit_Connector.sco
1049498342
1049498342
-1
Sceneryobjects\gg\highway_bridge2.sco
1112307496
1112307496
-1
Sceneryobjects\gg\parapet1.sco
1109786701
1109786701
-1
Sceneryobjects\GG2Signs\gg2_countdown_3_m.sco
1116648526
1116648526
-1
Sceneryobjects\GG2Signs\gg2_gantry_14m_4m77.sco
1115398876
1115398876
-1
Sceneryobjects\GG2Signs\gg2_gantry_freetex.sco
1152354642
1152354642
-1
Sceneryobjects\Streetobjects_RUE\sodiumlight_2L_break_L.sco
1415285212
1415285212
-1
Sceneryobjects\Trees_MC\tree_medium_02.sco
1210216022
1210216022
-1
Sceneryobjects\Trees_MC\tree_medium_09.sco
1210216280
1210216280
-1
Splines\ADDON_SimpleStreets\RQ_28_EntryExit_Both_Bridge.sli
1049494042
-
-
Splines\gg\parapet1.sli
1087929904
-
-
Splines\ADDON_SimpleStreets\RQ_28_EntryExit_Both.sli
1048411202
-
-
