Sceneryobjects\ggairport\ggapt_fence_piece.sco
1122283586
1122283586
-1
Sceneryobjects\ggairport\ggapt_fence_post.sco
1122284200
1122284200
-1
Sceneryobjects\ggairport\ggapt_runwaylight_blue.sco
1126435826
1126435826
-1
Sceneryobjects\ggairport\ggapt_runwaylight_green.sco
1126435828
1126435828
-1
Sceneryobjects\ggairport\ggapt_taxiway_junction_3way.sco
1122282405
1122282405
-1
Sceneryobjects\Streetobjects_RUE\sodiumlight_L_break_L.sco
1351811284
1351811284
-1
Splines\ggairport\ggapt_runway_taxiway.sli
1121235451
-
-
Splines\ggairport\invis_align_to.sli
1126339366
-
-
Splines\ADDON_SimpleStreets\RQ_9,5_2spur_6,5m_Sidewalk.sli
1047233289
-
-
Splines\ggairport\ggapt_fence_base.sli
1122283541
-
-
Splines\Marcel\invis_street.sli
1459335739
-
-
