Sceneryobjects\Buildings_MC\bw_hoch_17.sco
1415285141
1415285141
-1
Sceneryobjects\Buildings_MC\bw_old_08.sco
1415285114
1415285114
-1
Sceneryobjects\Nemolus Objekte\Verkehrszeichen\VZ_Mast_Kreisverkehr.sco
1468697833
1468697833
-1
Sceneryobjects\Nemolus Objekte\Verkehrszeichen\VZ_Mast_KurveLinks.sco
1468697833
1468697833
-1
Sceneryobjects\Ruede\30er_reihensiedlung01.sco
1415285193
1415285193
-1
Sceneryobjects\Streetobjects_RUE\sodiumlight_L_whip_L.sco
1415285221
1415285221
-1
Sceneryobjects\Trees_MC\tree_medium_02.sco
1210216022
1210216022
-1
Sceneryobjects\Trees_MC\tree_medium_09.sco
1210216280
1210216280
-1
Splines\ADDON_SimpleStreets\RQ_9,5_2spur_6,5m_Sidewalk.sli
1047233290
-
-
Splines\gg\RQ_X_2spur_Altonaer_8m_GRASS.sli
1099076044
-
-
Splines\gg\RQ_X_2spur_Altonaer_8m2.sli
1099400276
-
-
