Sceneryobjects\ADDON_SimpleStreets\RQ_9,5_2spur_6,5m_Sidewalk_busstop_asph.sco
1148364649
1148364649
-1
Sceneryobjects\backgroundsounds\water_cube.sco
1054106517
1054106517
-1
Sceneryobjects\Buildings_MC\CHGeb_01.sco
1466203122
1466203122
-1
Sceneryobjects\Generic\bus_stop.sco
1466203123
1466203123
-1
Sceneryobjects\Generic\car_park.sco
1466203124
1466203124
-1
Sceneryobjects\Generic\people_standing_small.sco
1466203118
1466203118
-1
Sceneryobjects\gg\Busstop_2.sco
1110180464
1110180464
-1
Sceneryobjects\gg\Busstop_coverNS.sco
1152125282
1152125282
-1
Sceneryobjects\gg\Busstop_plate2.sco
1110538468
1110538468
-1
Sceneryobjects\gg\Busstop_pole.sco
1110180457
1110180457
-1
Sceneryobjects\gg\routearrows_busstop1.sco
1110458485
1110458485
-1
Sceneryobjects\GG2Signs\gg2_tall_warning_sign.sco
1152393635
1152393635
-1
Sceneryobjects\Streetobjects_MC\strlt_str_ufo_big12.sco
1466203125
1466203125
-1
Sceneryobjects\Streetobjects_RUE\sodiumlight_L_whip_L.sco
1466203123
1466203123
-1
Sceneryobjects\Trees_MC\tree_medium_02.sco
1466203123
1466203123
-1
Sceneryobjects\Trees_MC\tree_medium_09.sco
1466203123
1466203123
-1
Splines\ADDON_SimpleStreets\RQ_9,5_2spur_6,5m_Sidewalk.sli
1417588864
-
-
Splines\gg\hillwall03.sli
1099479639
-
-
Splines\gg\RQ_9,5_2spur_6,5m_Sidewalk2.sli
1055558713
-
-
Sceneryobjects\gg\Busstop_A1.sco
1110184865
1110184865
-1
