Sceneryobjects\Buildings_MC\bw_70s_02A.sco
1415285152
1415285152
-1
Sceneryobjects\Buildings_MC\bw_70s_03.sco
1415285114
1415285114
-1
Sceneryobjects\Buildings_MC\bw_70s_05A.sco
1415285163
1415285163
-1
Sceneryobjects\Buildings_MC\bw_school1.sco
1415285160
1415285160
-1
Sceneryobjects\Generic\bus_stop.sco
1415285162
1415285162
-1
Sceneryobjects\Generic\car_park.sco
1415285161
1415285161
-1
Sceneryobjects\Generic\people_standing_small.sco
1415285152
1415285152
-1
Sceneryobjects\gg\Busstop_6.sco
1110180820
1110180820
-1
Sceneryobjects\gg\Busstop_A1.sco
1110184865
1110184865
-1
Sceneryobjects\gg\Busstop_A1A.sco
1110184875
1110184875
-1
Sceneryobjects\gg\Busstop_coverL.sco
1152125275
1152125275
-1
Sceneryobjects\gg\Busstop_coverSA.sco
1152125289
1152125289
-1
Sceneryobjects\gg\Busstop_coverXLA.sco
1152125293
1152125293
-1
Sceneryobjects\gg\Busstop_plate4.sco
1110538413
1110538413
-1
Sceneryobjects\gg\Busstop_pole.sco
1110180457
1110180457
-1
Sceneryobjects\gg\parapet1.sco
1109786701
1109786701
-1
Sceneryobjects\gg\routearrows_busstop1.sco
1110458485
1110458485
-1
Sceneryobjects\gg\routearrows_busstop2.sco
1110459097
1110459097
-1
Sceneryobjects\Kreuz_MC\Einm_Altonaer.sco
1462910478
1462910478
-1
Sceneryobjects\Streetobjects_RUE\sodiumlight_L_whip_L.sco
1415285221
1415285221
-1
Sceneryobjects\Trees_MC\tree_medium_02.sco
1210216022
1210216022
-1
Sceneryobjects\Trees_MC\tree_medium_09.sco
1210216280
1210216280
-1
Splines\gg\hillwall01.sli
1099066098
-
-
Splines\gg\parapet1.sli
1087929904
-
-
Splines\Marcel\str_2spur_8m_altonaer1.sli
1190173216
-
-
Splines\Marcel\str_2spur_11m_SeeburgerStr1.sli
1190173140
-
-
Sceneryobjects\gg\Busstop_A6.sco
1110184889
1110184889
-1
Sceneryobjects\gg\Busstop_12.sco
1110180469
1110180469
-1
