Sceneryobjects\Buildings_MC\bw_50s_10.sco
1415285141
1415285141
-1
Sceneryobjects\Buildings_MC\bw_80s_01.sco
1415285144
1415285144
-1
Sceneryobjects\Buildings_MC\oth_elek_1.sco
1415285152
1415285152
-1
Sceneryobjects\Buildings_MC\park_2_A.sco
1415285142
1415285142
-1
Sceneryobjects\Buildings_MC\tank_2_aral.sco
1415285153
1415285153
-1
Sceneryobjects\Buildings_MC\wohn_01.sco
1415285153
1415285153
-1
Sceneryobjects\Buildings_MC\wohn_smrow_01.sco
1415285153
1415285153
-1
Sceneryobjects\Buildings_RUE\Haus01b.sco
1415285190
1415285190
-1
Sceneryobjects\Buildings_RUE\Haus01e.sco
1415285153
1415285153
-1
Sceneryobjects\Buildings_RUE\Haus02a.sco
1415285187
1415285187
-1
Sceneryobjects\Buildings_RUE\Haus02c2.sco
1415285154
1415285154
-1
Sceneryobjects\Buildings_RUE\Haus03b.sco
1415285163
1415285163
-1
Sceneryobjects\Generic\car_park.sco
1447624890
1447624890
-1
Sceneryobjects\gg\arrow_downB.sco
1112408909
1112408909
-1
Sceneryobjects\gg\arrow_downY.sco
1112408911
1112408911
-1
Sceneryobjects\gg\arrow_leftB.sco
1112408916
1112408916
-1
Sceneryobjects\gg\arrow_leftY.sco
1112408918
1112408918
-1
Sceneryobjects\gg\arrow_rightB.sco
1112408921
1112408921
-1
Sceneryobjects\gg\arrow_rightY.sco
1112408923
1112408923
-1
Sceneryobjects\gg\office01.sco
1132884726
1132884726
-1
Sceneryobjects\gg\RQ_X8_to_X11_Seeburger.sco
1152466984
1152466984
-1
Sceneryobjects\GG2Buildings\gg2_bbc_building.sco
1129293165
1129293165
-1
Sceneryobjects\GG2Signs\gg2_large_sign_with_lights.sco
1121526311
1121526311
-1
Sceneryobjects\GG2Signs\road_bollard_empty.sco
1114581007
1114581007
-1
Sceneryobjects\GG2Signs\road_bollard_right.sco
1114580999
1114580999
-1
Sceneryobjects\Kreuz_MC\Einm_Altonaer.sco
1462910478
1462910478
-1
Sceneryobjects\Kreuz_MC\Kreuz_see_schmknob_lutoner.sco
1462910478
1462910478
-1
Sceneryobjects\Kreuz_MC\Wende_Borkumer_R.sco
1462910486
1462910486
-1
Sceneryobjects\Nemolus Objekte\Verkehrszeichen\VZ_Mast_FahrtrichtungHierRechts.sco
1047497856
1047497856
-1
Sceneryobjects\Nemolus Objekte\Verkehrszeichen\VZ_Mast_Kreisverkehr.sco
1047497955
1047497955
-1
Sceneryobjects\Ruede\trees_chestnut03.sco
1415285211
1415285211
-1
Sceneryobjects\Streetobjects_RUE\attach_whip_beam.sco
1415285205
1415285205
-1
Sceneryobjects\Streetobjects_RUE\single_pole.sco
1415285174
1415285174
-1
Sceneryobjects\Streetobjects_RUE\sodiumlight_L_whip_L.sco
1415285221
1415285221
-1
Sceneryobjects\Trees_MC\tree_medium_02.sco
1210216022
1210216022
-1
Sceneryobjects\Trees_MC\tree_medium_09.sco
1210216280
1210216280
-1
Sceneryobjects\Verkehrszeichen_MC\Ampel_Kfz_1.sco
1415285188
1415285188
-1
Sceneryobjects\Verkehrszeichen_MC\Ampel_Kfz_OhBlind_1.sco
1415285250
1415285250
-1
Sceneryobjects\Verkehrszeichen_MC\VZ_att_vorfahrtgewahr_m.sco
1415285184
1415285184
-1
Sceneryobjects\Verkehrszeichen_MC\VZ_att_vorfahrtgewahr_m_mast.sco
1415285189
1415285189
-1
Sceneryobjects\Verkehrszeichen_MC\VZ_surfmark_arrow_L.sco
1415285249
1415285249
-1
Sceneryobjects\Verkehrszeichen_MC\VZ_surfmark_arrow_R.sco
1415285175
1415285175
-1
Sceneryobjects\Verkehrszeichen_MC\VZ_surfmark_arrow_S.sco
1415285165
1415285165
-1
Sceneryobjects\Verkehrszeichen_MC\VZ_surfmark_arrow_SL.sco
1415285169
1415285169
-1
Splines\ADDON_SimpleStreets\RQ_X_2spur_Altonaer_8m.sli
1417588864
-
-
Splines\gg\hillwall04.sli
1099939397
-
-
Splines\Marcel\str_2spur_11m_SeeburgerStr1.sli
1190173140
-
-
Splines\Marcel\str_2spur_12m_SeeburgerWeg1.sli
1190173140
-
-
Splines\Marcel\str_2spur_8m_altonaer1.sli
1190173216
-
-
Sceneryobjects\Generic\bus_stop.sco
1415285162
1415285162
-1
Sceneryobjects\gg\Busstop_1.sco
1110180460
1110180460
-1
Sceneryobjects\gg\Busstop_coverXL.sco
1152125291
1152125291
-1
Sceneryobjects\gg\Busstop_plate1.sco
1110538497
1110538497
-1
Sceneryobjects\gg\Busstop_pole.sco
1110180457
1110180457
-1
Sceneryobjects\gg\routearrows_busstop1.sco
1110458485
1110458485
-1
