Sceneryobjects\gg\highway_bridge2.sco
1112307496
1112307496
-1
Sceneryobjects\gg\parapet1.sco
1109786701
1109786701
-1
Sceneryobjects\GG2Signs\gg2_tall_warning_sign.sco
1152362915
1152362915
-1
Sceneryobjects\Streetobjects_RUE\sodiumlight_2L_break_L.sco
1415285212
1415285212
-1
Sceneryobjects\Streetobjects_RUE\sodiumlight_L_whip_L.sco
1415285221
1415285221
-1
Sceneryobjects\Trees_MC\tree_medium_02.sco
1210216022
1210216022
-1
Sceneryobjects\Trees_MC\tree_medium_09.sco
1210216280
1210216280
-1
Splines\ADDON_SimpleStreets\RQ_9,5_2spur_6,5m_Sidewalk.sli
1047233290
-
-
Splines\gg\hillwall06.sli
1100050301
-
-
Splines\gg\hillwall07.sli
1109956453
-
-
Splines\gg\parapet1.sli
1087929904
-
-
Splines\ADDON_SimpleStreets\RQ_28_EntryExit_Both_Bridge.sli
1049494042
-
-
