Sceneryobjects\ADDON_SimpleStreets\RQ_9,5_2spur_6,5m_Sidewalk_busstop_asph.sco
1047958023
1047958023
-1
Sceneryobjects\ADDON_SimpleStreets\RQ_9,5_2spur_6,5m_Sidewalk_PedCross.sco
1047958787
1047958787
-1
Sceneryobjects\backgroundsounds\water_cube.sco
1054106517
1054106517
-1
Sceneryobjects\Buildings_MC\bw_30s_02_A.sco
1415285163
1415285163
-1
Sceneryobjects\Buildings_MC\bw_30s_02_C.sco
1415285158
1415285158
-1
Sceneryobjects\Buildings_MC\bw_row30s_04.sco
1415285154
1415285154
-1
Sceneryobjects\Buildings_MC\wohn_01.sco
1415285153
1415285153
-1
Sceneryobjects\Buildings_MC\wohngew_med_01.sco
1415285192
1415285192
-1
Sceneryobjects\Buildings_MC\wohngew_med_02.sco
1415285162
1415285162
-1
Sceneryobjects\Generic\bus_stop.sco
1415285162
1415285162
-1
Sceneryobjects\Generic\car_park.sco
1415285161
1415285161
-1
Sceneryobjects\Generic\people_standing_small.sco
1415285152
1415285152
-1
Sceneryobjects\gg\Busstop_1.sco
1110180460
1110180460
-1
Sceneryobjects\gg\Busstop_coverNS.sco
1150574676
1150574676
-1
Sceneryobjects\gg\Busstop_plate1.sco
1110538497
1110538497
-1
Sceneryobjects\gg\Busstop_pole.sco
1110180457
1110180457
-1
Sceneryobjects\gg\routearrows_busstop1.sco
1110442101
1110442101
-1
Sceneryobjects\GG2Signs\gg2_tall_warning_sign.sco
1152362915
1152362915
-1
Sceneryobjects\Streetobjects_RUE\sodiumlight_L_whip_L.sco
1415285221
1415285221
-1
Sceneryobjects\Streetobjects_RUE\whip_beam.sco
1415285189
1415285189
-1
Sceneryobjects\Trees_MC\tree_medium_02.sco
1210216022
1210216022
-1
Sceneryobjects\Trees_MC\tree_medium_09.sco
1210216280
1210216280
-1
Sceneryobjects\Verkehrszeichen_MC\Ampel_Kfz_1.sco
1415285188
1415285188
-1
Sceneryobjects\Verkehrszeichen_MC\Ampel_Kfz_OhBlind_1.sco
1415285250
1415285250
-1
Sceneryobjects\Verkehrszeichen_MC\Ampel_Mensch_1.sco
1415285211
1415285211
-1
Splines\ADDON_SimpleStreets\RQ_9,5_2spur_6,5m_Sidewalk.sli
1047233290
-
-
