Sceneryobjects\ggairport\ggapt_approach_light_1.sco
1143755418
1143755418
-1
Sceneryobjects\ggairport\ggapt_approach_light_1a.sco
1143755404
1143755404
-1
Sceneryobjects\ggairport\ggapt_runway_entrance_left.sco
1122282402
1122282402
-1
Sceneryobjects\ggairport\ggapt_runway_taxiway_escape_lane_left.sco
1122282401
1122282401
-1
Sceneryobjects\ggairport\ggapt_runwaylight_blue.sco
1126435826
1126435826
-1
Sceneryobjects\ggairport\ggapt_runwaylight_green.sco
1126435828
1126435828
-1
Sceneryobjects\ggairport\ggapt_taxiway_junction_3way.sco
1122282405
1122282405
-1
Sceneryobjects\Streetobjects_MC\strlt_str_ufo_big12.sco
1415285216
1415285216
-1
Splines\ggairport\ggapt_runway_arrow.sli
1121228474
-
-
Splines\ggairport\ggapt_runway_taxiway.sli
1121235451
-
-
Splines\ggairport\ggapt_runway_thresholdmarkings.sli
1121229053
-
-
Splines\ggairport\invis_align_to.sli
1126339366
-
-
Splines\Marcel\invis_street.sli
1226475086
-
-
