Sceneryobjects\backgroundsounds\water_cube.sco
1054106517
1054106517
-1
Sceneryobjects\Buildings_MC\CHGeb_01.sco
1466203122
1466203122
-1
Sceneryobjects\Buildings_MC\Ubahn_Rsp_08.sco
1466203124
1466203124
-1
Sceneryobjects\Generic\bus_stop.sco
1466203123
1466203123
-1
Sceneryobjects\Generic\car_park.sco
1466203124
1466203124
-1
Sceneryobjects\Generic\entrypoint_bus.sco
1466203124
1466203124
-1
Sceneryobjects\gg\arrow_leftY.sco
1112408918
1112408918
-1
Sceneryobjects\gg\Busstop_1.sco
1110180460
1110180460
-1
Sceneryobjects\gg\Busstop_coverXL.sco
1152125291
1152125291
-1
Sceneryobjects\gg\Busstop_pole.sco
1110180457
1110180457
-1
Sceneryobjects\gg\routearrows_busstop1.sco
1110458485
1110458485
-1
Sceneryobjects\Kreuz_MC\Einm_Altonaer.sco
1462910478
1462910478
-1
Sceneryobjects\Nemolus Objekte\Verkehrszeichen\VZ_Mast_Fussgaenger.sco
1052208984
1052208984
-1
Sceneryobjects\Ruede\trafohaus.sco
1466203120
1466203120
-1
Sceneryobjects\Ruede\wasserpumpe_or.sco
1466203123
1466203123
-1
Sceneryobjects\Streetobjects_MC\strlt_str_ufo_big12.sco
1466203125
1466203125
-1
Sceneryobjects\Streetobjects_RUE\sodiumlight_L_whip_L.sco
1466203123
1466203123
-1
Sceneryobjects\Trees_MC\tree_medium_02.sco
1466203123
1466203123
-1
Sceneryobjects\Trees_MC\tree_medium_09.sco
1466203123
1466203123
-1
Splines\Marcel\str_2spur_8m_altonaer1.sli
1466203124
-
-
