Sceneryobjects\Buildings_MC\bw_80s_02.sco
1415285154
1415285154
-1
Sceneryobjects\Buildings_MC\bw_hoch_05.sco
1415285161
1415285161
-1
Sceneryobjects\Buildings_MC\bw_hoch_06.sco
1415285159
1415285159
-1
Sceneryobjects\Buildings_MC\bw_hoch_07.sco
1415285146
1415285146
-1
Sceneryobjects\Buildings_MC\bw_hoch_07B.sco
1415285153
1415285153
-1
Sceneryobjects\Buildings_MC\bw_kinder1.sco
1415285158
1415285158
-1
Sceneryobjects\Buildings_MC\bw_ladengeschaeft_01.sco
1415285160
1415285160
-1
Sceneryobjects\Buildings_MC\bw_school1.sco
1415285160
1415285160
-1
Sceneryobjects\Buildings_MC\bw_supermarkt_1B.sco
1415285114
1415285114
-1
Sceneryobjects\Buildings_MC\schleusener_geb.sco
1415285163
1415285163
-1
Sceneryobjects\Buildings_MC\tank_2_aral.sco
1415285153
1415285153
-1
Sceneryobjects\Buildings_RUE\Ladenzeile.sco
1415285186
1415285186
-1
Sceneryobjects\Buildings_RUE\Stadtbuecherei.sco
1415285155
1415285155
-1
Sceneryobjects\Generic\bus_stop.sco
1415285162
1415285162
-1
Sceneryobjects\Generic\car_park.sco
1415285161
1415285161
-1
Sceneryobjects\Generic\entrypoint_bus.sco
1415285195
1415285195
-1
Sceneryobjects\Generic\people_standing_small.sco
1415285152
1415285152
-1
Sceneryobjects\gg\arrow_downB.sco
1112408909
1112408909
-1
Sceneryobjects\gg\arrow_downY.sco
1112408911
1112408911
-1
Sceneryobjects\gg\arrow_leftB.sco
1112408916
1112408916
-1
Sceneryobjects\gg\arrow_leftY.sco
1112408918
1112408918
-1
Sceneryobjects\gg\arrow_rightB.sco
1112408921
1112408921
-1
Sceneryobjects\gg\arrow_rightY.sco
1112408923
1112408923
-1
Sceneryobjects\gg\bs01.sco
1110509818
1110509818
-1
Sceneryobjects\gg\bt06b.sco
1133474729
1133474729
-1
Sceneryobjects\gg\building02.sco
1110414140
1110414140
-1
Sceneryobjects\gg\Busstop_12.sco
1110180469
1110180469
-1
Sceneryobjects\gg\Busstop_1A.sco
1110180462
1110180462
-1
Sceneryobjects\gg\Busstop_2.sco
1110180464
1110180464
-1
Sceneryobjects\gg\Busstop_6.sco
1110180820
1110180820
-1
Sceneryobjects\gg\Busstop_A1.sco
1110184865
1110184865
-1
Sceneryobjects\gg\Busstop_A1A.sco
1110184875
1110184875
-1
Sceneryobjects\gg\Busstop_coverS.sco
1152125286
1152125286
-1
Sceneryobjects\gg\Busstop_coverSA.sco
1152125289
1152125289
-1
Sceneryobjects\gg\Busstop_coverXL.sco
1152125291
1152125291
-1
Sceneryobjects\gg\Busstop_coverXLA.sco
1152125293
1152125293
-1
Sceneryobjects\gg\Busstop_plate1A.sco
1110538489
1110538489
-1
Sceneryobjects\gg\Busstop_plate2.sco
1110538468
1110538468
-1
Sceneryobjects\gg\Busstop_plate4.sco
1110538413
1110538413
-1
Sceneryobjects\gg\Busstop_pole.sco
1110180457
1110180457
-1
Sceneryobjects\gg\D86_LOD.sco
1132558978
1132558978
-1
Sceneryobjects\gg\Mcdonalds2.sco
1112307727
1112307727
-1
Sceneryobjects\gg\parapet1.sco
1109786701
1109786701
-1
Sceneryobjects\gg\Road008.sco
1099587058
1099587058
-1
Sceneryobjects\gg\routearrows_busstop1.sco
1110458485
1110458485
-1
Sceneryobjects\gg\routearrows_busstop2.sco
1110459097
1110459097
-1
Sceneryobjects\gg\RQ_X8_to_X11_Seeburger.sco
1152466984
1152466984
-1
Sceneryobjects\GG2Signs\gg2_drn_sign_medium.sco
1114245555
1114245555
-1
Sceneryobjects\GG2Signs\gg2_large_sign_with_lights.sco
1121526311
1121526311
-1
Sceneryobjects\GG2Signs\gg2_newbusstopdisplay.sco
1116418523
1116418523
-1
Sceneryobjects\GG2Signs\gg2_route_confirm.sco
1116671067
1116671067
-1
Sceneryobjects\Kreuz_MC\Wende_Borkumer_R.sco
1462910486
1462910486
-1
Sceneryobjects\Nemolus Objekte\Verkehrszeichen\VZ_Mast_VerengteFahrbahn.sco
1047725282
1047725282
-1
Sceneryobjects\Ruede\Tree_Street_01.sco
1415285171
1415285171
-1
Sceneryobjects\Streetobjects_MC\strlt_gwg_RSp_1.sco
1415285207
1415285207
-1
Sceneryobjects\Streetobjects_RUE\attach_whip_beam.sco
1415285205
1415285205
-1
Sceneryobjects\Streetobjects_RUE\sodiumlight_L_break_L.sco
1415285204
1415285204
-1
Sceneryobjects\Streetobjects_RUE\sodiumlight_L_whip_L.sco
1415285221
1415285221
-1
Sceneryobjects\Streetobjects_RUE\whip_beam.sco
1415285189
1415285189
-1
Sceneryobjects\Trees_MC\ShrubberyBox_01.sco
1210216096
1210216096
-1
Sceneryobjects\Trees_MC\tree_medium_02.sco
1210216022
1210216022
-1
Sceneryobjects\Trees_MC\tree_medium_09.sco
1210216280
1210216280
-1
Sceneryobjects\Verkehrszeichen_MC\Ampel_Kfz_1.sco
1415285188
1415285188
-1
Sceneryobjects\Verkehrszeichen_MC\Ampel_Kfz_Oh_1.sco
1415285170
1415285170
-1
Sceneryobjects\Verkehrszeichen_MC\Ampel_Kfz_OhBlind_1.sco
1415285250
1415285250
-1
Sceneryobjects\Verkehrszeichen_MC\VZ_surfmark_arrow_L.sco
1415285249
1415285249
-1
Sceneryobjects\Verkehrszeichen_MC\VZ_surfmark_arrow_SR.sco
1415285170
1415285170
-1
Sceneryobjects\Verkehrszeichen_MC\vz_vb_einfahrt_m_mast.sco
1415285176
1415285176
-1
Splines\ADDON_SimpleStreets\RQ_10,5_1spur.sli
1417588864
-
-
Splines\ADDON_SimpleStreets\RQ_15,5_2spur_11,5m_Sidewalk.sli
1417588864
-
-
Splines\ADDON_SimpleStreets\RQ_X_2spur_Altonaer_8m.sli
1417588864
-
-
Splines\gg\building01.sli
1099479673
-
-
Splines\gg\hillwall02.sli
1099074958
-
-
Splines\gg\parapet1.sli
1087929904
-
-
Splines\gg\RQ_10,5_1spur_Bridge.sli
1110345519
-
-
Splines\Marcel\str_2spur_8m_altonaer1.sli
1190173216
-
-
