Sceneryobjects\Buildings_MC\bw_hoch_21A.sco
1415285167
1415285167
-1
Sceneryobjects\gg\choilam1.sco
1110215321
1110215321
-1
Sceneryobjects\gg\choilam2.sco
1110215325
1110215325
-1
Sceneryobjects\Kreuz_MC\Einm_Altonaer.sco
1415285197
1415285197
-1
Sceneryobjects\Streetobjects_RUE\sodiumlight_L_whip_L.sco
1415285221
1415285221
-1
Sceneryobjects\Trees_MC\tree_medium_02.sco
1210216022
1210216022
-1
Sceneryobjects\Trees_MC\tree_medium_09.sco
1210216280
1210216280
-1
Splines\Marcel\str_2spur_8m_altonaer1.sli
1415285178
-
-
Splines\ADDON_SimpleStreets\RQ_X_2spur_Altonaer_8m.sli
1047632925
-
-
Splines\gg\RQ_X_2spur_Altonaer_8m_GRASS.sli
1099076044
-
-
