Sceneryobjects\Buildings_Freeman\kfc.sco
1057976752
1057976752
-1
Sceneryobjects\Buildings_MC\bw_ladengeschaeft_01.sco
1415285160
1415285160
-1
Sceneryobjects\Buildings_MC\CHGeb_01.sco
1415285161
1415285161
-1
Sceneryobjects\Buildings_RUE\Haus01e.sco
1415285153
1415285153
-1
Sceneryobjects\Buildings_RUE\Haus02b.sco
1415285192
1415285192
-1
Sceneryobjects\Buildings_RUE\Haus02c.sco
1415285186
1415285186
-1
Sceneryobjects\Buildings_RUE\Haus02c2.sco
1415285154
1415285154
-1
Sceneryobjects\Buildings_RUE\Haus02e.sco
1415285180
1415285180
-1
Sceneryobjects\Buildings_RUE\Haus03a.sco
1415285184
1415285184
-1
Sceneryobjects\Buildings_RUE\Haus03c.sco
1415285159
1415285159
-1
Sceneryobjects\Buildings_RUE\Haus03e.sco
1415285195
1415285195
-1
Sceneryobjects\gg\building02.sco
1110414140
1110414140
-1
Sceneryobjects\gg\phousing_0801.sco
1112307792
1112307792
-1
Sceneryobjects\Kreuz_MC\Einm_Altonaer.sco
1462910478
1462910478
-1
Sceneryobjects\Nemolus Objekte\Verkehrszeichen\VZ_Mast_KurveRechts.sco
1047726199
1047726199
-1
Sceneryobjects\Streetobjects_RUE\neonlight_S_break_S.sco
1415285178
1415285178
-1
Sceneryobjects\Streetobjects_RUE\sodiumlight_L_whip_L.sco
1415285221
1415285221
-1
Sceneryobjects\Trees_MC\shrubbery_01_20.sco
1210215936
1210215936
-1
Sceneryobjects\Trees_MC\tree_medium_02.sco
1210216022
1210216022
-1
Sceneryobjects\Trees_MC\tree_medium_09.sco
1210216280
1210216280
-1
Sceneryobjects\Verkehrszeichen_MC\VZ_att_vorfahrtgewahr_m_mast.sco
1415285189
1415285189
-1
Splines\ADDON_SimpleStreets\RQ_X_2spur_Altonaer_8m.sli
1417588864
-
-
Splines\gg\building01.sli
1099479673
-
-
Splines\gg\hillwall02.sli
1099074958
-
-
Splines\gg\RQ_9,5_2spur_6,5m_Sidewalk2.sli
1055558713
-
-
Splines\gg\RQ_9,5_2spur_6,5m_Sidewalk3.sli
1055558789
-
-
Splines\gg\RQ_X_2spur_Altonaer_8m_GRASS.sli
1099076044
-
-
Splines\Marcel\str_2spur_11m_SeeburgerStr1.sli
1190173140
-
-
Splines\Marcel\str_2spur_8m_altonaer1.sli
1190173216
-
-
Splines\Marcel\str_2spur_8m_borkumer1.sli
1190173216
-
-
