Sceneryobjects\Buildings_MC\bw_polizei01.sco
1415285149
1415285149
-1
Sceneryobjects\Generic\bus_stop.sco
1415285162
1415285162
-1
Sceneryobjects\Generic\people_standing_small.sco
1415285152
1415285152
-1
Sceneryobjects\gg\Busstop_1A.sco
1110180462
1110180462
-1
Sceneryobjects\gg\Busstop_coverLA.sco
1152125277
1152125277
-1
Sceneryobjects\gg\Busstop_plate1A.sco
1110538489
1110538489
-1
Sceneryobjects\gg\Busstop_pole.sco
1110180457
1110180457
-1
Sceneryobjects\gg\fstation2.sco
1113037917
1113037917
-1
Sceneryobjects\GG2Buildings\gg2_apt_atct.sco
1148616229
1148616229
-1
Sceneryobjects\ggairport\ggapt_fence_piece.sco
1122283586
1122283586
-1
Sceneryobjects\ggairport\ggapt_fence_post.sco
1122284200
1122284200
-1
Sceneryobjects\ggairport\ggapt_runwaylight_blue.sco
1126435826
1126435826
-1
Sceneryobjects\ggairport\ggapt_runwaylight_green.sco
1126435828
1126435828
-1
Sceneryobjects\ggairport\ggapt_taxiway_junction_3way.sco
1122282405
1122282405
-1
Sceneryobjects\Streetobjects_MC\strlt_str_ufo_big12.sco
1415285216
1415285216
-1
Sceneryobjects\Streetobjects_RUE\sodiumlight_L_break_L.sco
1415285204
1415285204
-1
Sceneryobjects\Trees_MC\tree_medium_02.sco
1210216022
1210216022
-1
Sceneryobjects\Trees_MC\tree_medium_09.sco
1210216280
1210216280
-1
Splines\ADDON_SimpleStreets\RQ_X_2spur_Altonaer_8m.sli
1417588864
-
-
Splines\ggairport\ggapt_fence_base.sli
1122283541
-
-
Splines\ggairport\ggapt_runway_taxiway.sli
1121235451
-
-
Splines\ggairport\invis_align_to.sli
1126339366
-
-
Splines\gg\prisonwall.sli
1132899227
-
-
Splines\Marcel\invis_street.sli
1226475086
-
-
Splines\Marcel\str_2spur_8m_borkumer1.sli
1190173216
-
-
Sceneryobjects\gg\Busstop_6A.sco
1110183717
1110183717
-1
Sceneryobjects\gg\Busstop_plate3A.sco
1110538443
1110538443
-1
