Sceneryobjects\ggairport\ggapt_fence_piece.sco
1122283586
1122283586
-1
Sceneryobjects\ggairport\ggapt_fence_post.sco
1122284200
1122284200
-1
Sceneryobjects\ggairport\ggapt_runwaylight_blue.sco
1126435826
1126435826
-1
Sceneryobjects\ggairport\ggapt_runwaylight_green.sco
1126435828
1126435828
-1
Sceneryobjects\ggplanes\a340-300-airfrance.sco
1152473158
1152473158
-1
Sceneryobjects\ggplanes\a340-300-cx.sco
1152473192
1152473192
-1
Sceneryobjects\ggplanes\a340-300-jal.sco
1152473199
1152473199
-1
Sceneryobjects\Streetobjects_MC\strlt_str_ufo_big12.sco
1459335761
1459335761
-1
Sceneryobjects\Streetobjects_RUE\sodiumlight_L_break_L.sco
1351811284
1351811284
-1
Splines\ADDON_SimpleStreets\RQ_9,5_2spur_6,5m_Sidewalk.sli
1047233289
-
-
Splines\ggairport\invis_align_to.sli
1126339366
-
-
Splines\ggairport\ggapt_fence_base.sli
1122283541
-
-
Splines\Marcel\invis_street.sli
1459335739
-
-
