Sceneryobjects\gg\highway_bridge4.sco
1112307501
1112307501
-1
Sceneryobjects\gg\highway_bridge5.sco
1112307504
1112307504
-1
Sceneryobjects\gg\highway_wall4.sco
1112307581
1112307581
-1
Sceneryobjects\Streetobjects_RUE\sodiumlight_L_break_L.sco
1466203125
1466203125
-1
Sceneryobjects\Trees_MC\tree_medium_02.sco
1466203123
1466203123
-1
Sceneryobjects\Trees_MC\tree_medium_09.sco
1466203123
1466203123
-1
Splines\gg\highway4.sli
1100840618
-
-
Splines\gg\RQ_28_EntryExit_Both_bigBridge02.sli
1100849497
-
-
Splines\gg\RQ_28_EntryExit_Both_bigBridge01.sli
1100849508
-
-
