Sceneryobjects\ADDON_SimpleStreets\RQ_28_Bridge_Connector.sco
1049498269
1049498269
-1
Sceneryobjects\Buildings_MC\bw_70s_02A.sco
1415285152
1415285152
-1
Sceneryobjects\gg\arrow_downY.sco
1112376143
1112376143
-1
Sceneryobjects\gg\chiuwo1.sco
1110215126
1110215126
-1
Sceneryobjects\gg\highway_bridge.sco
1112307493
1112307493
-1
Sceneryobjects\gg\highway_wall.sco
1112307574
1112307574
-1
Sceneryobjects\gg\highway_wall2.sco
1112307576
1112307576
-1
Sceneryobjects\gg\parapet1.sco
1109786701
1109786701
-1
Sceneryobjects\gg\phousing_0401.sco
1112644106
1112644106
-1
Sceneryobjects\gg\Road012.sco
1110871227
1110871227
-1
Sceneryobjects\GG2Signs\gg2_countdown_1_m.sco
1116648508
1116648508
-1
Sceneryobjects\GG2Signs\gg2_countdown_2_m.sco
1116648519
1116648519
-1
Sceneryobjects\GG2Signs\gg2_countdown_3_m.sco
1116648526
1116648526
-1
Sceneryobjects\GG2Signs\gg2_gantry_14m_4m77.sco
1115398876
1115398876
-1
Sceneryobjects\GG2Signs\gg2_gantry_u2l2.sco
1112704500
1112704500
-1
Sceneryobjects\GG2Signs\gg2_sign_3.sco
1112704500
1112704500
-1
Sceneryobjects\Nemolus Objekte\Verkehrszeichen\VZ_Mast_VerengteFahrbahn.sco
1468697833
1468697833
-1
Sceneryobjects\Streetobjects_RUE\sodiumlight_2L_break_L.sco
1415285212
1415285212
-1
Sceneryobjects\Trees_MC\tree_medium_02.sco
1210216022
1210216022
-1
Sceneryobjects\Trees_MC\tree_medium_09.sco
1210216280
1210216280
-1
Splines\ADDON_SimpleStreets\RQ_28.sli
1048411084
-
-
Splines\ADDON_SimpleStreets\RQ_28_EntryExit_Both.sli
1048411202
-
-
Splines\gg\parapet1.sli
1087929904
-
-
Splines\gg\rail_Bridge.sli
1051170507
-
-
Splines\Ruede\rail_concrete_01.sli
1415285172
-
-
