Sceneryobjects\ggairport\ggapt_approach_light_1.sco
1143755418
1143755418
-1
Sceneryobjects\ggairport\ggapt_approach_light_1a.sco
1143755404
1143755404
-1
Sceneryobjects\ggairport\ggapt_approach_light_2.sco
1143755394
1143755394
-1
Sceneryobjects\ggairport\ggapt_approach_light_3.sco
1143755343
1143755343
-1
Sceneryobjects\ggairport\ggapt_runwaylight_blue.sco
1126435826
1126435826
-1
Sceneryobjects\ggairport\ggapt_runwaylight_green.sco
1126435828
1126435828
-1
Sceneryobjects\ggplanes\a340-300-cx.sco
1152473192
1152473192
-1
Sceneryobjects\ggplanes\a340-300-jal.sco
1152473199
1152473199
-1
Sceneryobjects\Streetobjects_MC\strlt_str_ufo_big12.sco
1459335761
1459335761
-1
Splines\ggairport\ggapt_runway_arrow.sli
1121228474
-
-
Splines\ggairport\ggapt_runway_taxiway.sli
1121235451
-
-
Splines\ggairport\invis_align_to.sli
1126339366
-
-
Splines\Marcel\invis_street.sli
1459335739
-
-
