Sceneryobjects\GG2Signs\gg2_countdown_2_m.sco
1116679239
1116679239
-1
Sceneryobjects\GG2Signs\gg2_gantry_14m_4m77.sco
1115431644
1115431644
-1
Sceneryobjects\GG2Signs\gg2_gantry_freetex.sco
1152385362
1152385362
-1
Sceneryobjects\Streetobjects_RUE\sodiumlight_2L_break_L.sco
1415285212
1415285212
-1
Sceneryobjects\Trees_MC\tree_medium_02.sco
1210216022
1210216022
-1
Sceneryobjects\Trees_MC\tree_medium_09.sco
1210216280
1210216280
-1
Splines\ADDON_SimpleStreets\RQ_28_EntryExit_Both_Bridge.sli
1417588864
-
-
