Sceneryobjects\Buildings_MC\buro_02.sco
1415285158
1415285158
-1
Sceneryobjects\Buildings_MC\bw_50s_01.sco
1415285156
1415285156
-1
Sceneryobjects\Buildings_MC\bw_70s_04A.sco
1415285114
1415285114
-1
Sceneryobjects\Buildings_MC\bw_amtsgericht_spandau.sco
1415285142
1415285142
-1
Sceneryobjects\Buildings_MC\oth_elek_1.sco
1415285152
1415285152
-1
Sceneryobjects\Buildings_MC\park_3.sco
1415285161
1415285161
-1
Sceneryobjects\Buildings_MC\Ubahn_Rsp_08.sco
1415285152
1415285152
-1
Sceneryobjects\Buildings_MC\Ubahn_Rsp_Pilz.sco
1415285184
1415285184
-1
Sceneryobjects\Buildings_MC\wohn_04.sco
1415285152
1415285152
-1
Sceneryobjects\Buildings_RUE\Haus01b.sco
1415285190
1415285190
-1
Sceneryobjects\Buildings_RUE\Haus03a.sco
1415285184
1415285184
-1
Sceneryobjects\Generic\bus_stop.sco
1415285162
1415285162
-1
Sceneryobjects\Generic\car_park.sco
1415285161
1415285161
-1
Sceneryobjects\Generic\people_standing_small.sco
1415285152
1415285152
-1
Sceneryobjects\gg\arrow_leftB.sco
1112376148
1112376148
-1
Sceneryobjects\gg\arrow_leftY.sco
1112376150
1112376150
-1
Sceneryobjects\gg\arrow_rightB.sco
1112376153
1112376153
-1
Sceneryobjects\gg\arrow_rightY.sco
1112376155
1112376155
-1
Sceneryobjects\gg\bt02.sco
1099957914
1099957914
-1
Sceneryobjects\gg\Busstop_2.sco
1110180464
1110180464
-1
Sceneryobjects\gg\Busstop_6.sco
1110180820
1110180820
-1
Sceneryobjects\gg\Busstop_A1.sco
1110184865
1110184865
-1
Sceneryobjects\gg\Busstop_A1A.sco
1110184875
1110184875
-1
Sceneryobjects\gg\Busstop_A6A.sco
1110184902
1110184902
-1
Sceneryobjects\gg\Busstop_coverL.sco
1150574671
1150574671
-1
Sceneryobjects\gg\Busstop_coverLA.sco
1150574674
1150574674
-1
Sceneryobjects\gg\Busstop_coverSA.sco
1150574685
1150574685
-1
Sceneryobjects\gg\Busstop_plate2.sco
1110538468
1110538468
-1
Sceneryobjects\gg\Busstop_plate3.sco
1110538436
1110538436
-1
Sceneryobjects\gg\Busstop_plate4.sco
1110538413
1110538413
-1
Sceneryobjects\gg\Busstop_pole.sco
1110180457
1110180457
-1
Sceneryobjects\gg\chiuwo1.sco
1110215126
1110215126
-1
Sceneryobjects\gg\Road004.sco
1099266408
1099266408
-1
Sceneryobjects\gg\Road005.sco
1099276898
1099276898
-1
Sceneryobjects\gg\roundabout1.sco
1100786045
1100786045
-1
Sceneryobjects\gg\routearrows_busstop1.sco
1110442101
1110442101
-1
Sceneryobjects\gg\routearrows_busstop2.sco
1110442713
1110442713
-1
Sceneryobjects\gg\RQ_X8_to_X11_Seeburger.sco
1110420164
1110420164
-1
Sceneryobjects\gg\sport03.sco
1110943759
1110943759
-1
Sceneryobjects\GG2Signs\gg2_drn_sign_medium.sco
1114212787
1114212787
-1
Sceneryobjects\GG2Signs\gg2_large_sign_with_lights.sco
1121495591
1121495591
-1
Sceneryobjects\GG2Signs\gg2_motorway_ends.sco
1116648343
1116648343
-1
Sceneryobjects\GG2Signs\gg2_route_confirm.sco
1116640347
1116640347
-1
Sceneryobjects\Kamaz_Objects\Hecke.sco
1083014040
1083014040
-1
Sceneryobjects\Kreuz_MC\Einm_Altonaer.sco
1415285197
1415285197
-1
Sceneryobjects\Kreuz_MC\Wende_Borkumer_R.sco
1415285189
1415285189
-1
Sceneryobjects\Nemolus Objekte\Verkehrszeichen\VZ_Mast_FahrtrichtungHierRechts.sco
1468697832
1468697832
-1
Sceneryobjects\Nemolus Objekte\Verkehrszeichen\VZ_Mast_Kreisverkehr.sco
1468697833
1468697833
-1
Sceneryobjects\Ruede\50er_aufbausiedlung01.sco
1415285217
1415285217
-1
Sceneryobjects\Ruede\trafohaus.sco
1415285163
1415285163
-1
Sceneryobjects\Ruede\Tree_Street_01.sco
1415285171
1415285171
-1
Sceneryobjects\Ruede\wasserpumpe_or.sco
1415285208
1415285208
-1
Sceneryobjects\Streetobjects_MC\fountain_1.sco
1415285170
1415285170
-1
Sceneryobjects\Streetobjects_MC\glaskontainer_b.sco
1415285170
1415285170
-1
Sceneryobjects\Streetobjects_MC\glaskontainer_g.sco
1415285168
1415285168
-1
Sceneryobjects\Streetobjects_MC\glaskontainer_w.sco
1415285216
1415285216
-1
Sceneryobjects\Streetobjects_MC\parkbench_1.sco
1415285205
1415285205
-1
Sceneryobjects\Streetobjects_RUE\LBL-Tropfen_3.sco
1415285186
1415285186
-1
Sceneryobjects\Streetobjects_RUE\neonlight_S_break_S.sco
1415285178
1415285178
-1
Sceneryobjects\Streetobjects_RUE\sodiumlight_4L_break_L.sco
1415285204
1415285204
-1
Sceneryobjects\Streetobjects_RUE\sodiumlight_L_whip_L.sco
1415285221
1415285221
-1
Sceneryobjects\Trees_MC\ShrubberyBox_01.sco
1210216096
1210216096
-1
Sceneryobjects\Trees_MC\tree_medium_02.sco
1210216022
1210216022
-1
Sceneryobjects\Trees_MC\tree_medium_09.sco
1210216280
1210216280
-1
Sceneryobjects\Verkehrszeichen_MC\VZ_att_vorfahrtgewahr_m_mast.sco
1415285189
1415285189
-1
Sceneryobjects\Verkehrszeichen_MC\vz_vb_einfahrt_m_mast.sco
1415285176
1415285176
-1
Sceneryobjects\Verkehrszeichen_MC\VZ_vb_tempo80_m_mast.sco
1415285171
1415285171
-1
Splines\gg\hillwall07.sli
1109956453
-
-
Splines\gg\RQ_X_2spur_Altonaer_8m2.sli
1099400276
-
-
Splines\gg\RQ_X_2spur_Altonaer_8m3.sli
1099400408
-
-
Splines\Marcel\str_2spur_11m_SeeburgerStr1.sli
1415285252
-
-
Splines\Marcel\invis_street.sli
1415285258
-
-
Sceneryobjects\gg\Busstop_A6.sco
1110184889
1110184889
-1
Sceneryobjects\gg\Busstop_12.sco
1110180469
1110180469
-1
