Sceneryobjects\ADDON_gcW\schranke.sco
1133448509
1133448509
-1
Sceneryobjects\Buildings_MC\oth_elek_1.sco
1466203123
1466203123
-1
Sceneryobjects\Buildings_MC\tank_2_esso.sco
1466203124
1466203124
-1
Sceneryobjects\Generic\bus_stop.sco
1466203123
1466203123
-1
Sceneryobjects\Generic\car_park.sco
1466203124
1466203124
-1
Sceneryobjects\Generic\entrypoint_bus.sco
1466203124
1466203124
-1
Sceneryobjects\Generic\people_standing_small.sco
1466203118
1466203118
-1
Sceneryobjects\gg\arrow_leftY.sco
1112408918
1112408918
-1
Sceneryobjects\gg\arrow_rightY.sco
1112408923
1112408923
-1
Sceneryobjects\gg\bs_kmb_a1.sco
1112708776
1112708776
-1
Sceneryobjects\gg\bs_kmb_a2.sco
1112708774
1112708774
-1
Sceneryobjects\gg\bt04.sco
1112834756
1112834756
-1
Sceneryobjects\gg\Busstop_1.sco
1110180460
1110180460
-1
Sceneryobjects\gg\Busstop_1A.sco
1110180462
1110180462
-1
Sceneryobjects\gg\Busstop_6.sco
1110180820
1110180820
-1
Sceneryobjects\gg\Busstop_A1A.sco
1110184875
1110184875
-1
Sceneryobjects\gg\Busstop_plate1.sco
1110538497
1110538497
-1
Sceneryobjects\gg\Busstop_plate1A.sco
1110538489
1110538489
-1
Sceneryobjects\gg\Busstop_plate3.sco
1110538436
1110538436
-1
Sceneryobjects\gg\Busstop_pole.sco
1110180457
1110180457
-1
Sceneryobjects\gg\D86_LOD.sco
1132558978
1132558978
-1
Sceneryobjects\gg\display_buses\MAN24310\AMN_LOD.sco
1417588864
1417588864
-1
Sceneryobjects\gg\elevator1.sco
1112833435
1112833435
-1
Sceneryobjects\gg\elevator2.sco
1112835964
1112835964
-1
Sceneryobjects\gg\elevator3.sco
1112836101
1112836101
-1
Sceneryobjects\gg\elevator4.sco
1112835476
1112835476
-1
Sceneryobjects\gg\fstation2.sco
1113037917
1113037917
-1
Sceneryobjects\gg\ground_busstop2.sco
1112708784
1112708784
-1
Sceneryobjects\gg\ground_busstop3.sco
1112708786
1112708786
-1
Sceneryobjects\gg\ground_busstop4.sco
1112708789
1112708789
-1
Sceneryobjects\gg\ground_left.sco
1112708819
1112708819
-1
Sceneryobjects\gg\ground_right.sco
1112708817
1112708817
-1
Sceneryobjects\gg\highway_bridge2.sco
1112307496
1112307496
-1
Sceneryobjects\gg\hongshing02.sco
1112775394
1112775394
-1
Sceneryobjects\gg\hongshing03.sco
1132660780
1132660780
-1
Sceneryobjects\gg\light02.sco
1110598497
1110598497
-1
Sceneryobjects\gg\parapet1.sco
1109786701
1109786701
-1
Sceneryobjects\gg\police2.sco
1150525792
1150525792
-1
Sceneryobjects\gg\roundabout1.sco
1100818813
1100818813
-1
Sceneryobjects\gg\routearrows_busstop1.sco
1110458485
1110458485
-1
Sceneryobjects\gg\routearrows_busstop2.sco
1110459097
1110459097
-1
Sceneryobjects\gg\RQ_X8_to_X11_Seeburger.sco
1152466984
1152466984
-1
Sceneryobjects\gg\safe.sco
1112709249
1112709249
-1
Sceneryobjects\GG2Buildings\gg2_apt_cp.sco
1129293136
1129293136
-1
Sceneryobjects\GG2Signs\gg2_drn_sign_medium.sco
1114245555
1114245555
-1
Sceneryobjects\GG2Signs\gg2_newbusstopdisplay.sco
1116418523
1116418523
-1
Sceneryobjects\GG2Signs\road_bollard_right.sco
1114580999
1114580999
-1
Sceneryobjects\ggairport\D86_LOD.sco
1132558978
1132558978
-1
Sceneryobjects\Kreuz_MC\Einm_Altonaer.sco
1462910478
1462910478
-1
Sceneryobjects\Streetobjects_MC\strlt_str_ufo_big12.sco
1466203125
1466203125
-1
Sceneryobjects\Streetobjects_RUE\sodiumlight_2L_break_L.sco
1466203124
1466203124
-1
Sceneryobjects\Streetobjects_RUE\sodiumlight_4L_break_L.sco
1466203123
1466203123
-1
Sceneryobjects\Streetobjects_RUE\sodiumlight_L_break_L.sco
1466203125
1466203125
-1
Sceneryobjects\Trees_MC\tree_medium_02.sco
1466203123
1466203123
-1
Sceneryobjects\Trees_MC\tree_medium_09.sco
1466203123
1466203123
-1
Splines\ADDON_SimpleStreets\RQ_28_Bridge.sli
1417588864
-
-
Splines\ADDON_SimpleStreets\RQ_X_2spur_Altonaer_8m.sli
1417588864
-
-
Splines\gg\hillwall01.sli
1099066098
-
-
Splines\gg\hillwall05.sli
1099956783
-
-
Splines\gg\parapet1.sli
1087929904
-
-
Splines\ggairport\invis_align_to.sli
1417588864
-
-
Splines\Marcel\str_2spur_11m_SeeburgerStr1.sli
1466203125
-
-
Splines\Marcel\str_2spur_8m_altonaer1.sli
1466203124
-
-
