Sceneryobjects\Buildings_MC\wohngew_med_01.sco
1415285192
1415285192
-1
Sceneryobjects\Buildings_MC\wohngew_med_02.sco
1415285162
1415285162
-1
Sceneryobjects\Buildings_RUE\Haus01c.sco
1415285186
1415285186
-1
Sceneryobjects\Buildings_RUE\Haus03f.sco
1415285159
1415285159
-1
Sceneryobjects\gg\arrow_downY.sco
1112376143
1112376143
-1
Sceneryobjects\gg\light01.sco
1110598479
1110598479
-1
Sceneryobjects\gg\parapet1.sco
1109786701
1109786701
-1
Sceneryobjects\GG2Signs\gg2_drn_sign_medium.sco
1114212787
1114212787
-1
Sceneryobjects\Streetobjects_RUE\sodiumlight_L_whip_L.sco
1415285221
1415285221
-1
Sceneryobjects\Trees_MC\tree_medium_02.sco
1210216022
1210216022
-1
Sceneryobjects\Trees_MC\tree_medium_09.sco
1210216280
1210216280
-1
Sceneryobjects\Verkehrszeichen_MC\VZ_att_vorfahrtgewahr_m_mast.sco
1415285189
1415285189
-1
Splines\ADDON_SimpleStreets\RQ_9,5_2spur_6,5m_Sidewalk.sli
1047233290
-
-
Splines\gg\hillwall01.sli
1099066098
-
-
Splines\gg\Altonaer_8m_half.sli
1055366715
-
-
Splines\gg\Damm1.sli
1109831254
-
-
Splines\gg\parapet1.sli
1087929904
-
-
Splines\ggtunnel\highway_3lines.sli
1132755204
-
-
