Sceneryobjects\ADDON_SimpleStreets\RQ_28_Bridge_Connector.sco
1049502365
1049502365
-1
Sceneryobjects\Buildings_MC\bw_hoch_06.sco
1415285159
1415285159
-1
Sceneryobjects\Buildings_MC\bw_hoch_07B.sco
1415285153
1415285153
-1
Sceneryobjects\Buildings_MC\bw_school_2.sco
1415285148
1415285148
-1
Sceneryobjects\Buildings_MC\bw_supermarkt_1.sco
1415285160
1415285160
-1
Sceneryobjects\Generic\bus_stop.sco
1415285162
1415285162
-1
Sceneryobjects\Generic\car_park.sco
1415285161
1415285161
-1
Sceneryobjects\Generic\people_standing_small.sco
1415285152
1415285152
-1
Sceneryobjects\gg\Busstop_6.sco
1110180820
1110180820
-1
Sceneryobjects\gg\Busstop_A1.sco
1110184865
1110184865
-1
Sceneryobjects\gg\Busstop_A6A.sco
1110184902
1110184902
-1
Sceneryobjects\gg\Busstop_coverL.sco
1152125275
1152125275
-1
Sceneryobjects\gg\Busstop_coverLA.sco
1152125277
1152125277
-1
Sceneryobjects\gg\Busstop_plate4.sco
1110538413
1110538413
-1
Sceneryobjects\gg\Busstop_pole.sco
1110180457
1110180457
-1
Sceneryobjects\gg\choilam2.sco
1110215325
1110215325
-1
Sceneryobjects\gg\choilam3.sco
1110215330
1110215330
-1
Sceneryobjects\gg\highway_bridge2.sco
1112307496
1112307496
-1
Sceneryobjects\gg\highway_wall2.sco
1112307576
1112307576
-1
Sceneryobjects\gg\Mcdonalds.sco
1417588864
1417588864
-1
Sceneryobjects\gg\Road010b.sco
1109951275
1109951275
-1
Sceneryobjects\gg\routearrows_busstop1.sco
1110458485
1110458485
-1
Sceneryobjects\gg\routearrows_busstop2.sco
1110459097
1110459097
-1
Sceneryobjects\gg\RQ_X8_to_X11_Seeburger.sco
1152466984
1152466984
-1
Sceneryobjects\GG2Signs\gg2_countdown_1_m.sco
1116679228
1116679228
-1
Sceneryobjects\GG2Signs\gg2_countdown_2_m.sco
1116679239
1116679239
-1
Sceneryobjects\GG2Signs\gg2_countdown_3_m.sco
1116679246
1116679246
-1
Sceneryobjects\GG2Signs\gg2_gantry_14m_4m77.sco
1115431644
1115431644
-1
Sceneryobjects\GG2Signs\gg2_gantry_u2l2.sco
1112737268
1112737268
-1
Sceneryobjects\Nemolus Objekte\Verkehrszeichen\VZ_Mast_VerengteFahrbahn.sco
1047725282
1047725282
-1
Sceneryobjects\Streetobjects_RUE\sodiumlight_2L_break_L.sco
1415285212
1415285212
-1
Sceneryobjects\Streetobjects_RUE\sodiumlight_L_whip_L.sco
1415285221
1415285221
-1
Sceneryobjects\Trees_MC\tree_medium_02.sco
1210216022
1210216022
-1
Sceneryobjects\Trees_MC\tree_medium_09.sco
1210216280
1210216280
-1
Sceneryobjects\Verkehrszeichen_MC\VZ_att_vorfahrtgewahr_m_mast.sco
1415285189
1415285189
-1
Splines\ADDON_SimpleStreets\RQ_X_2spur_Altonaer_8m.sli
1417588864
-
-
Splines\gg\RQ_X_2spur_Altonaer_8m2.sli
1099400276
-
-
Splines\Marcel\str_2spur_11m_SeeburgerStr1.sli
1190173140
-
-
Splines\ADDON_SimpleStreets\RQ_28_Bridge.sli
1417588864
-
-
Splines\Ruede\rail_concrete_01.sli
1466203125
-
-
Sceneryobjects\gg\Busstop_A6.sco
1110184889
1110184889
-1
