Sceneryobjects\ADDON_SimpleStreets\RQ_9,5_2spur_6,5m_Sidewalk_busstop_double.sco
1163247438
1163247438
-1
Sceneryobjects\ADDON_SimpleStreets\RQ_9,5_2spur_6,5m_Sidewalk_cross_forbus4.sco
1049144979
1049144979
-1
Sceneryobjects\ADDON_SimpleStreets\RQ_9,5_to_X8.sco
1047960173
1047960173
-1
Sceneryobjects\Generic\bus_stop.sco
1466203123
1466203123
-1
Sceneryobjects\Generic\people_standing_small.sco
1466203118
1466203118
-1
Sceneryobjects\gg\arrow_downY.sco
1112408911
1112408911
-1
Sceneryobjects\gg\Busstop_2.sco
1110180464
1110180464
-1
Sceneryobjects\gg\Busstop_coverNS.sco
1152125282
1152125282
-1
Sceneryobjects\gg\Busstop_plate2.sco
1110538468
1110538468
-1
Sceneryobjects\gg\Busstop_pole.sco
1110180457
1110180457
-1
Sceneryobjects\gg\highway_bridge.sco
1112307493
1112307493
-1
Sceneryobjects\gg\phousing_0601.sco
1112307780
1112307780
-1
Sceneryobjects\gg\phousing_0602.sco
1417588864
1417588864
-1
Sceneryobjects\gg\routearrows_busstop1.sco
1110458485
1110458485
-1
Sceneryobjects\GG2Signs\gg2_drn_sign_medium.sco
1114245555
1114245555
-1
Sceneryobjects\GG2Signs\gg2_tall_warning_sign.sco
1152393635
1152393635
-1
Sceneryobjects\Kreuz_MC\Einm_Altonaer.sco
1462910478
1462910478
-1
Sceneryobjects\Nemolus Objekte\Verkehrszeichen\VZ_Mast_KurveLinks.sco
1047726251
1047726251
-1
Sceneryobjects\Nemolus Objekte\Verkehrszeichen\VZ_Mast_KurveRechts.sco
1047726199
1047726199
-1
Sceneryobjects\Streetobjects_RUE\neonlight_S_break_S.sco
1466203122
1466203122
-1
Sceneryobjects\Streetobjects_RUE\single_pole.sco
1466203123
1466203123
-1
Sceneryobjects\Streetobjects_RUE\sodiumlight_L_whip_L.sco
1466203123
1466203123
-1
Sceneryobjects\Streetobjects_RUE\whip_beam.sco
1466203120
1466203120
-1
Sceneryobjects\Trees_MC\shrubbery_04_10.sco
1466203121
1466203121
-1
Sceneryobjects\Trees_MC\shrubbery_04_20.sco
1466203124
1466203124
-1
Sceneryobjects\Trees_MC\ShrubberyBox_01.sco
1466203120
1466203120
-1
Sceneryobjects\Trees_MC\tree_medium_02.sco
1466203123
1466203123
-1
Sceneryobjects\Trees_MC\tree_medium_09.sco
1466203123
1466203123
-1
Sceneryobjects\Verkehrszeichen_MC\Ampel_Kfz_1.sco
1466203124
1466203124
-1
Sceneryobjects\Verkehrszeichen_MC\Ampel_Kfz_Oh_1.sco
1466203124
1466203124
-1
Sceneryobjects\Verkehrszeichen_MC\Ampel_Mensch_1.sco
1466203123
1466203123
-1
Splines\ADDON_SimpleStreets\RQ_9,5_2spur_6,5m_Sidewalk.sli
1417588864
-
-
Splines\gg\RQ_9,5_2spur_6,5m_Sidewalk2.sli
1055558713
-
-
Splines\Marcel\gw_1.sli
1466203121
-
-
Splines\Marcel\invis_street.sli
1466203125
-
-
Splines\Marcel\str_2spur_8m_altonaer1.sli
1466203124
-
-
Splines\gg\hillwall01.sli
1099066098
-
-
Splines\gg\rail_Bridge.sli
1051170507
-
-
Sceneryobjects\gg\Busstop_A1.sco
1110184865
1110184865
-1
