Sceneryobjects\ADDON_SimpleStreets\RQ_28_Exit_End.sco
1148457243
1148457243
-1
Sceneryobjects\ADDON_SimpleStreets\RQ_X8m_2spur_8,0m_Sidewalk_PedCross.sco
1047960264
1047960264
-1
Sceneryobjects\Buildings_MC\bw_70s_04A.sco
1415285114
1415285114
-1
Sceneryobjects\Buildings_MC\oth_elek_1.sco
1415285152
1415285152
-1
Sceneryobjects\Generic\bus_stop.sco
1415285162
1415285162
-1
Sceneryobjects\Generic\car_park.sco
1415285161
1415285161
-1
Sceneryobjects\Generic\entrypoint_bus.sco
1415285195
1415285195
-1
Sceneryobjects\Generic\people_standing_small.sco
1415285152
1415285152
-1
Sceneryobjects\gg\arrow_downB.sco
1112408909
1112408909
-1
Sceneryobjects\gg\arrow_downY.sco
1112408911
1112408911
-1
Sceneryobjects\gg\arrow_rightB.sco
1112408921
1112408921
-1
Sceneryobjects\gg\bs01.sco
1110509818
1110509818
-1
Sceneryobjects\gg\Busstop_6.sco
1110180820
1110180820
-1
Sceneryobjects\gg\Busstop_A1.sco
1110184865
1110184865
-1
Sceneryobjects\gg\Busstop_A6A.sco
1110184902
1110184902
-1
Sceneryobjects\gg\Busstop_coverL.sco
1152125275
1152125275
-1
Sceneryobjects\gg\Busstop_coverSA.sco
1152125289
1152125289
-1
Sceneryobjects\gg\Busstop_plate4.sco
1110538413
1110538413
-1
Sceneryobjects\gg\Busstop_pole.sco
1110180457
1110180457
-1
Sceneryobjects\gg\highway_bridge.sco
1112307493
1112307493
-1
Sceneryobjects\gg\parapet1.sco
1109786701
1109786701
-1
Sceneryobjects\gg\routearrows_busstop1.sco
1110458485
1110458485
-1
Sceneryobjects\gg\routearrows_busstop2.sco
1110459097
1110459097
-1
Sceneryobjects\gg\RQ_28_Entry_Start.sco
1052357366
1052357366
-1
Sceneryobjects\gg\RQ_X8_to_X11_Seeburger.sco
1152466984
1152466984
-1
Sceneryobjects\gg\yanlam2.sco
1110410077
1110410077
-1
Sceneryobjects\GG2Signs\gg2_countdown_1_m.sco
1116679228
1116679228
-1
Sceneryobjects\GG2Signs\gg2_countdown_2_m.sco
1116679239
1116679239
-1
Sceneryobjects\GG2Signs\gg2_gantry_14m_4m77.sco
1115431644
1115431644
-1
Sceneryobjects\GG2Signs\gg2_gantry_freetex.sco
1152385362
1152385362
-1
Sceneryobjects\GG2Signs\gg2_motorway_ends.sco
1116679063
1116679063
-1
Sceneryobjects\GG2Signs\gg2_route_confirm.sco
1116671067
1116671067
-1
Sceneryobjects\GG2Signs\gg2_sign_3.sco
1112737268
1112737268
-1
Sceneryobjects\Kreuz_MC\Einm_Altonaer.sco
1462910478
1462910478
-1
Sceneryobjects\Nemolus Objekte\Verkehrszeichen\VZ_Mast_Fussgaengerueberweg.sco
1052208988
1052208988
-1
Sceneryobjects\Streetobjects_RUE\sodiumlight_2L_break_L.sco
1415285212
1415285212
-1
Sceneryobjects\Streetobjects_RUE\sodiumlight_L_break_L.sco
1415285204
1415285204
-1
Sceneryobjects\Streetobjects_RUE\sodiumlight_L_whip_L.sco
1415285221
1415285221
-1
Sceneryobjects\Streetobjects_RUE\sodiumlight_photpump.sco
1415285227
1415285227
-1
Sceneryobjects\Streetobjects_RUE\whip_beam.sco
1415285189
1415285189
-1
Sceneryobjects\Trees_MC\ShrubberyBox_01.sco
1210216096
1210216096
-1
Sceneryobjects\Trees_MC\tree_medium_02.sco
1210216022
1210216022
-1
Sceneryobjects\Trees_MC\tree_medium_09.sco
1210216280
1210216280
-1
Sceneryobjects\Verkehrszeichen_MC\Ampel_Kfz_Oh_1.sco
1415285170
1415285170
-1
Sceneryobjects\Verkehrszeichen_MC\Ampel_Kfz_OhBlind_1.sco
1415285250
1415285250
-1
Sceneryobjects\Verkehrszeichen_MC\Ampel_Mensch_1.sco
1415285211
1415285211
-1
Sceneryobjects\Verkehrszeichen_MC\VZ_att_vorfahrtgewahr_m_mast.sco
1415285189
1415285189
-1
Sceneryobjects\Verkehrszeichen_MC\VZ_vb_tempo50_m_mast.sco
1415285252
1415285252
-1
Splines\ADDON_SimpleStreets\RQ_10,5_1spur.sli
1417588864
-
-
Splines\ADDON_SimpleStreets\RQ_28_EntryExit_Both.sli
1417588864
-
-
Splines\ADDON_SimpleStreets\RQ_X_2spur_Altonaer_8m.sli
1417588864
-
-
Splines\gg\hillwall07.sli
1109956453
-
-
Splines\gg\parapet1.sli
1087929904
-
-
Splines\gg\RQ_10,5_1spur_Bridge.sli
1110345519
-
-
Splines\gg\RQ_X_2spur_Altonaer_8m_GRASS.sli
1099076044
-
-
Splines\Marcel\str_2spur_11m_SeeburgerStr1.sli
1190173140
-
-
Splines\gg\rail_Bridge.sli
1051170507
-
-
Splines\Ruede\rail_concrete_01.sli
1466203125
-
-
