Sceneryobjects\Buildings_MC\bw_50s_01.sco
1415285156
1415285156
-1
Sceneryobjects\Buildings_MC\bw_60s_02A.sco
1415285165
1415285165
-1
Sceneryobjects\Buildings_RUE\Stadtbuecherei.sco
1415285155
1415285155
-1
Sceneryobjects\Generic\bus_stop.sco
1415285162
1415285162
-1
Sceneryobjects\Generic\car_park.sco
1415285161
1415285161
-1
Sceneryobjects\Generic\people_standing_small.sco
1415285152
1415285152
-1
Sceneryobjects\gg\arrow_downY.sco
1112376143
1112376143
-1
Sceneryobjects\gg\Busstop_1.sco
1110180460
1110180460
-1
Sceneryobjects\gg\Busstop_coverS.sco
1150574682
1150574682
-1
Sceneryobjects\gg\Busstop_plate1.sco
1110538497
1110538497
-1
Sceneryobjects\gg\Busstop_pole.sco
1110180457
1110180457
-1
Sceneryobjects\gg\Road007.sco
1099563884
1099563884
-1
Sceneryobjects\gg\Road010b.sco
1109951275
1109951275
-1
Sceneryobjects\gg\routearrows_busstop1.sco
1110442101
1110442101
-1
Sceneryobjects\GG2Signs\gg2_tall_warning_sign.sco
1152362915
1152362915
-1
Sceneryobjects\Kreuz_MC\Einm_Altonaer.sco
1415285197
1415285197
-1
Sceneryobjects\Ruede\30er_reihensiedlung01.sco
1415285193
1415285193
-1
Sceneryobjects\Streetobjects_RUE\sodiumlight_L_whip_L.sco
1415285221
1415285221
-1
Sceneryobjects\Trees_MC\tree_medium_02.sco
1210216022
1210216022
-1
Sceneryobjects\Trees_MC\tree_medium_09.sco
1210216280
1210216280
-1
Sceneryobjects\Verkehrszeichen_MC\VZ_att_vorfahrtgewahr_m_mast.sco
1415285189
1415285189
-1
Splines\gg\RQ_9,5_2spur_6,5m_Sidewalk2.sli
1055558713
-
-
Splines\gg\RQ_9,5_2spur_6,5m_Sidewalk3.sli
1055558789
-
-
Splines\Marcel\str_2spur_11m_SeeburgerStr1.sli
1415285252
-
-
Splines\Marcel\str_2spur_8m_altonaer1.sli
1415285178
-
-
Splines\gg\hillwall06.sli
1100050301
-
-
Splines\gg\prisonwall.sli
1132899227
-
-
