Sceneryobjects\Buildings_MC\bw_50s_07.sco
1415285159
1415285159
-1
Sceneryobjects\Buildings_MC\bw_hoch_20.sco
1415285148
1415285148
-1
Sceneryobjects\Buildings_MC\tank_2_bp.sco
1415285143
1415285143
-1
Sceneryobjects\Buildings_RUE\kirche_kath_stmarien.sco
1415285180
1415285180
-1
Sceneryobjects\Generic\bus_stop.sco
1415285162
1415285162
-1
Sceneryobjects\Generic\car_park.sco
1415285161
1415285161
-1
Sceneryobjects\Generic\entrypoint_bus.sco
1415285195
1415285195
-1
Sceneryobjects\Generic\people_standing_small.sco
1415285152
1415285152
-1
Sceneryobjects\gg\arrow_downY.sco
1112376143
1112376143
-1
Sceneryobjects\gg\arrow_leftB.sco
1112376148
1112376148
-1
Sceneryobjects\gg\arrow_leftY.sco
1112376150
1112376150
-1
Sceneryobjects\gg\arrow_rightY.sco
1112376155
1112376155
-1
Sceneryobjects\gg\bt08.sco
1110802097
1110802097
-1
Sceneryobjects\gg\bt09.sco
1110805903
1110805903
-1
Sceneryobjects\gg\Busstop_1.sco
1110180460
1110180460
-1
Sceneryobjects\gg\Busstop_pole.sco
1110180457
1110180457
-1
Sceneryobjects\gg\highway_bridge2.sco
1112307496
1112307496
-1
Sceneryobjects\gg\Road010d.sco
1132622908
1132622908
-1
Sceneryobjects\gg\routearrows_busstop1.sco
1110442101
1110442101
-1
Sceneryobjects\gg\RQ_X8_to_X11_Seeburger.sco
1110420164
1110420164
-1
Sceneryobjects\GG2Signs\gg2_countdown_3_m.sco
1116648526
1116648526
-1
Sceneryobjects\GG2Signs\road_bollard_right.sco
1114548231
1114548231
-1
Sceneryobjects\Nemolus Objekte\Verkehrszeichen\VZ_Mast_FahrtrichtungHierRechts.sco
1468697832
1468697832
-1
Sceneryobjects\Nemolus Objekte\Verkehrszeichen\VZ_Mast_Kreisverkehr.sco
1468697833
1468697833
-1
Sceneryobjects\Ruede\trafohaus.sco
1415285163
1415285163
-1
Sceneryobjects\Streetobjects_RUE\sodiumlight_2L_break_L.sco
1415285212
1415285212
-1
Sceneryobjects\Streetobjects_RUE\sodiumlight_L_whip_L.sco
1415285221
1415285221
-1
Sceneryobjects\Trees_MC\shrubbery_04_20.sco
1210216182
1210216182
-1
Sceneryobjects\Trees_MC\ShrubberyBox_01.sco
1210216096
1210216096
-1
Sceneryobjects\Trees_MC\tree_medium_02.sco
1210216022
1210216022
-1
Sceneryobjects\Trees_MC\tree_medium_09.sco
1210216280
1210216280
-1
Sceneryobjects\Verkehrszeichen_MC\VZ_att_vorfahrtgewahr_m_mast.sco
1415285189
1415285189
-1
Splines\gg\RQ_X_2spur_Altonaer_8m_SIDEWALK.sli
1099080290
-
-
Splines\Marcel\str_2spur_11m_SeeburgerStr1.sli
1415285252
-
-
Splines\ADDON_SimpleStreets\RQ_28_EntryExit_Both_Bridge.sli
1049494042
-
-
