Sceneryobjects\ADDON_SimpleStreets\RQ_28_Bridge_EntryExit_Connector.sco
1049502438
1049502438
-1
Sceneryobjects\gg\highway_bridge5.sco
1112307504
1112307504
-1
Sceneryobjects\gg\highway_wall4.sco
1112307581
1112307581
-1
Sceneryobjects\Streetobjects_RUE\sodiumlight_2L_break_L.sco
1466203124
1466203124
-1
Sceneryobjects\Streetobjects_RUE\sodiumlight_L_break_L.sco
1466203125
1466203125
-1
Sceneryobjects\Trees_MC\tree_medium_02.sco
1466203123
1466203123
-1
Sceneryobjects\Trees_MC\tree_medium_09.sco
1466203123
1466203123
-1
Splines\gg\RQ_28_EntryExit_Both_bigBridge02.sli
1100849497
-
-
Splines\ADDON_SimpleStreets\RQ_28_EntryExit_Both_Bridge.sli
1417588864
-
-
