Sceneryobjects\Buildings_MC\bw_50s_04.sco
1415285114
1415285114
-1
Sceneryobjects\Buildings_MC\bw_70s_05A.sco
1415285163
1415285163
-1
Sceneryobjects\Buildings_MC\bw_80s_02.sco
1415285154
1415285154
-1
Sceneryobjects\Buildings_MC\bw_hoch_14.sco
1415285144
1415285144
-1
Sceneryobjects\Buildings_MC\bw_hoch_16.sco
1415285115
1415285115
-1
Sceneryobjects\Buildings_MC\bw_hoch_18.sco
1415285145
1415285145
-1
Sceneryobjects\Buildings_MC\bw_old_10.sco
1415285159
1415285159
-1
Sceneryobjects\Buildings_MC\park_3.sco
1415285161
1415285161
-1
Sceneryobjects\Buildings_MC\wohn_05.sco
1415285157
1415285157
-1
Sceneryobjects\Generic\bus_stop.sco
1415285162
1415285162
-1
Sceneryobjects\Generic\car_park.sco
1415285161
1415285161
-1
Sceneryobjects\Generic\people_standing_small.sco
1415285152
1415285152
-1
Sceneryobjects\gg\arrow_downY.sco
1112408911
1112408911
-1
Sceneryobjects\gg\arrow_leftY.sco
1112408918
1112408918
-1
Sceneryobjects\gg\arrow_rightB.sco
1112408921
1112408921
-1
Sceneryobjects\gg\arrow_rightY.sco
1112408923
1112408923
-1
Sceneryobjects\gg\Busstop_6.sco
1110180820
1110180820
-1
Sceneryobjects\gg\Busstop_A1.sco
1110184865
1110184865
-1
Sceneryobjects\gg\Busstop_A1A.sco
1110184875
1110184875
-1
Sceneryobjects\gg\Busstop_coverL.sco
1152125275
1152125275
-1
Sceneryobjects\gg\Busstop_coverS.sco
1152125286
1152125286
-1
Sceneryobjects\gg\Busstop_coverSA.sco
1152125289
1152125289
-1
Sceneryobjects\gg\Busstop_plate4.sco
1110538413
1110538413
-1
Sceneryobjects\gg\Busstop_pole.sco
1110180457
1110180457
-1
Sceneryobjects\gg\highway_bridge.sco
1112307493
1112307493
-1
Sceneryobjects\gg\parapet1.sco
1109786701
1109786701
-1
Sceneryobjects\gg\Road003.sco
1469889386
1469889386
-1
Sceneryobjects\gg\Road004.sco
1099282792
1099282792
-1
Sceneryobjects\gg\Road005b.sco
1151443450
1151443450
-1
Sceneryobjects\gg\Road008.sco
1099587058
1099587058
-1
Sceneryobjects\gg\routearrows_busstop1.sco
1110458485
1110458485
-1
Sceneryobjects\gg\routearrows_busstop2.sco
1110459097
1110459097
-1
Sceneryobjects\gg\RQ_X8_to_X11_Seeburger.sco
1152466984
1152466984
-1
Sceneryobjects\GG2Signs\gg2_drn_sign_medium.sco
1114245555
1114245555
-1
Sceneryobjects\GG2Signs\gg2_large_sign_with_lights.sco
1121526311
1121526311
-1
Sceneryobjects\GG2Signs\gg2_motorway_ends.sco
1116679063
1116679063
-1
Sceneryobjects\GG2Signs\gg2_tall_warning_sign.sco
1152393635
1152393635
-1
Sceneryobjects\Kreuz_MC\Einm_Altonaer.sco
1462910478
1462910478
-1
Sceneryobjects\Nemolus Objekte\Verkehrszeichen\VZ_Mast_FahrtrichtungRechts.sco
1047497814
1047497814
-1
Sceneryobjects\Streetobjects_RUE\attach_whip_beam.sco
1415285205
1415285205
-1
Sceneryobjects\Streetobjects_RUE\sodiumlight_L_break_L.sco
1415285204
1415285204
-1
Sceneryobjects\Streetobjects_RUE\sodiumlight_L_whip_L.sco
1415285221
1415285221
-1
Sceneryobjects\Streetobjects_RUE\whip_beam.sco
1415285189
1415285189
-1
Sceneryobjects\Trees_MC\tree_medium_02.sco
1210216022
1210216022
-1
Sceneryobjects\Trees_MC\tree_medium_09.sco
1210216280
1210216280
-1
Sceneryobjects\Verkehrszeichen_MC\Ampel_Kfz_1.sco
1415285188
1415285188
-1
Sceneryobjects\Verkehrszeichen_MC\Ampel_Kfz_OhBlind_1.sco
1415285250
1415285250
-1
Sceneryobjects\Verkehrszeichen_MC\VZ_surfmark_arrow_L.sco
1415285249
1415285249
-1
Sceneryobjects\Verkehrszeichen_MC\VZ_surfmark_arrow_R.sco
1415285175
1415285175
-1
Sceneryobjects\Verkehrszeichen_MC\VZ_surfmark_arrow_SR.sco
1415285170
1415285170
-1
Sceneryobjects\Verkehrszeichen_MC\vz_vb_einfahrt_m_mast.sco
1415285176
1415285176
-1
Splines\ADDON_SimpleStreets\RQ_10,5_1spur.sli
1417588864
-
-
Splines\ADDON_SimpleStreets\RQ_15,5_2spur_11,5m_Sidewalk.sli
1417588864
-
-
Splines\ADDON_SimpleStreets\RQ_X_2spur_Altonaer_8m.sli
1417588864
-
-
Splines\gg\hillwall05.sli
1099956783
-
-
Splines\gg\parapet1.sli
1087929904
-
-
Splines\gg\RQ_10,5_1spur_Bridge.sli
1110345519
-
-
Splines\gg\RQ_X_2spur_Altonaer_8m_GRASS.sli
1099076044
-
-
Splines\gg\RQ_X_2spur_Altonaer_8m3.sli
1099400408
-
-
Splines\Marcel\str_2spur_11m_SeeburgerStr1.sli
1190173140
-
-
Splines\Marcel\str_2spur_8m_altonaer1.sli
1190173216
-
-
