Sceneryobjects\Generic\bus_stop.sco
1415285162
1415285162
-1
Sceneryobjects\Generic\people_standing_small.sco
1415285152
1415285152
-1
Sceneryobjects\gg\arrow_downB.sco
1112376141
1112376141
-1
Sceneryobjects\gg\arrow_downY.sco
1112376143
1112376143
-1
Sceneryobjects\gg\arrow_leftB.sco
1112376148
1112376148
-1
Sceneryobjects\gg\arrow_rightB.sco
1112376153
1112376153
-1
Sceneryobjects\gg\arrow_rightY.sco
1112376155
1112376155
-1
Sceneryobjects\gg\bt04.sco
1112834756
1112834756
-1
Sceneryobjects\gg\Busstop_6A.sco
1110183717
1110183717
-1
Sceneryobjects\gg\Busstop_coverLA.sco
1150574674
1150574674
-1
Sceneryobjects\gg\Busstop_plate3A.sco
1110538443
1110538443
-1
Sceneryobjects\gg\Busstop_pole.sco
1110180457
1110180457
-1
Sceneryobjects\gg\parapet1.sco
1109786701
1109786701
-1
Sceneryobjects\gg\Road010b.sco
1109951275
1109951275
-1
Sceneryobjects\gg\roundabout2.sco
1134131554
1134131554
-1
Sceneryobjects\gg\routearrows_busstop2.sco
1110442713
1110442713
-1
Sceneryobjects\gg\RQ_X8_to_X11_Seeburger.sco
1110420164
1110420164
-1
Sceneryobjects\GG2Buildings\hotel01.sco
1134100741
1134100741
-1
Sceneryobjects\GG2Signs\gg2_countdown_1_m.sco
1116648508
1116648508
-1
Sceneryobjects\GG2Signs\gg2_drn_sign_medium.sco
1114212787
1114212787
-1
Sceneryobjects\GG2Signs\gg2_large_sign_with_lights.sco
1121495591
1121495591
-1
Sceneryobjects\GG2Signs\gg2_motorway_ends.sco
1116648343
1116648343
-1
Sceneryobjects\GG2Signs\gg2_refugee_island_small_half.sco
1114548077
1114548077
-1
Sceneryobjects\GG2Signs\gg2_route_confirm.sco
1116640347
1116640347
-1
Sceneryobjects\GG2Signs\gg2_sign_3.sco
1112704500
1112704500
-1
Sceneryobjects\GG2Signs\road_bollard_empty.sco
1114548239
1114548239
-1
Sceneryobjects\GG2Signs\road_bollard_right.sco
1114548231
1114548231
-1
Sceneryobjects\ggplanes\a340-300-airgrundorf.sco
1151641167
1151641167
-1
Sceneryobjects\Kreuz_MC\Einm_Altonaer.sco
1415285197
1415285197
-1
Sceneryobjects\Kreuz_MC\Wende_Borkumer_R.sco
1415285189
1415285189
-1
Sceneryobjects\Nemolus Objekte\Verkehrszeichen\VZ_Mast_FahrtrichtungHierRechts.sco
1468697832
1468697832
-1
Sceneryobjects\Nemolus Objekte\Verkehrszeichen\VZ_Mast_Kreisverkehr.sco
1468697833
1468697833
-1
Sceneryobjects\Streetobjects_MC\strlt_str_ufo_big12.sco
1415285216
1415285216
-1
Sceneryobjects\Streetobjects_RUE\sodiumlight_2L_break_L.sco
1415285212
1415285212
-1
Sceneryobjects\Streetobjects_RUE\sodiumlight_L_break_L.sco
1415285204
1415285204
-1
Sceneryobjects\Trees_MC\tree_medium_02.sco
1210216022
1210216022
-1
Sceneryobjects\Trees_MC\tree_medium_09.sco
1210216280
1210216280
-1
Sceneryobjects\Verkehrszeichen_MC\VZ_att_vorfahrtgewahr_m_mast.sco
1415285189
1415285189
-1
Splines\ADDON_SimpleStreets\RQ_28.sli
1048411084
-
-
Splines\ADDON_SimpleStreets\RQ_X_2spur_Altonaer_8m.sli
1047632925
-
-
Splines\gg\parapet1.sli
1087929904
-
-
