Sceneryobjects\ADDON_SimpleStreets\RQ_28_Bridge_Connector.sco
1049502365
1049502365
-1
Sceneryobjects\ADDON_SimpleStreets\RQ_28_Bridge_EntryExit_Connector.sco
1049502438
1049502438
-1
Sceneryobjects\ADDON_SimpleStreets\RQ_28_Exit_End.sco
1148457243
1148457243
-1
Sceneryobjects\gg\arrow_downY.sco
1112408911
1112408911
-1
Sceneryobjects\gg\highway_bridge.sco
1112307493
1112307493
-1
Sceneryobjects\gg\highway_bridge2.sco
1112307496
1112307496
-1
Sceneryobjects\gg\parapet1.sco
1109786701
1109786701
-1
Sceneryobjects\gg\RQ_28_Entry_Start.sco
1052357366
1052357366
-1
Sceneryobjects\GG2Signs\gg2_gantry_14m_4m77.sco
1115431644
1115431644
-1
Sceneryobjects\GG2Signs\gg2_gantry_u2l2.sco
1112737268
1112737268
-1
Sceneryobjects\GG2Signs\gg2_large_sign_with_lights.sco
1121526311
1121526311
-1
Sceneryobjects\GG2Signs\gg2_motorway_ends.sco
1116679063
1116679063
-1
Sceneryobjects\GG2Signs\gg2_route_confirm.sco
1116671067
1116671067
-1
Sceneryobjects\GG2Signs\gg2_vms_20c3l.sco
1112737274
1112737274
-1
Sceneryobjects\Streetobjects_RUE\sodiumlight_2L_break_L.sco
1466203124
1466203124
-1
Sceneryobjects\Streetobjects_RUE\sodiumlight_L_break_L.sco
1466203125
1466203125
-1
Sceneryobjects\Trees_MC\tree_medium_02.sco
1466203123
1466203123
-1
Sceneryobjects\Trees_MC\tree_medium_09.sco
1466203123
1466203123
-1
Splines\ADDON_SimpleStreets\RQ_10,5_1spur.sli
1417588864
-
-
Splines\ADDON_SimpleStreets\RQ_28.sli
1417588864
-
-
Splines\ADDON_SimpleStreets\RQ_28_Bridge.sli
1417588864
-
-
Splines\ADDON_SimpleStreets\RQ_28_EntryExit_Both.sli
1417588864
-
-
Splines\gg\parapet1.sli
1087929904
-
-
Splines\gg\RQ_10,5_1spur_Bridge.sli
1110345519
-
-
