Sceneryobjects\Buildings_MC\park_1.sco
1415285175
1415285175
-1
Sceneryobjects\Generic\car_park.sco
1415285161
1415285161
-1
Sceneryobjects\gg\arrow_downY.sco
1112408911
1112408911
-1
Sceneryobjects\gg\arrow_leftY.sco
1112408918
1112408918
-1
Sceneryobjects\gg\arrow_rightY.sco
1112408923
1112408923
-1
Sceneryobjects\gg\highway_bridge.sco
1112307493
1112307493
-1
Sceneryobjects\gg\light02.sco
1110598497
1110598497
-1
Sceneryobjects\gg\Road009.sco
1099984430
1099984430
-1
Sceneryobjects\gg\Road014.sco
1149081667
1149081667
-1
Sceneryobjects\gg\tunnelhole2.sco
1132754785
1132754785
-1
Sceneryobjects\GG2Buildings\gg2_bbc_building.sco
1129293165
1129293165
-1
Sceneryobjects\GG2Signs\gg2_sign_3.sco
1112737268
1112737268
-1
Sceneryobjects\Kreuz_MC\Einm_Altonaer.sco
1462910478
1462910478
-1
Sceneryobjects\Kreuz_MC\Wende_Borkumer_R.sco
1462910486
1462910486
-1
Sceneryobjects\Nemolus Objekte\Verkehrszeichen\VZ_Mast_Kreisverkehr.sco
1047497955
1047497955
-1
Sceneryobjects\Nemolus Objekte\Verkehrszeichen\VZ_Mast_KurveLinks.sco
1047726251
1047726251
-1
Sceneryobjects\Streetobjects_RUE\sodiumlight_L_whip_L.sco
1415285221
1415285221
-1
Sceneryobjects\Trees_MC\tree_medium_02.sco
1210216022
1210216022
-1
Sceneryobjects\Trees_MC\tree_medium_09.sco
1210216280
1210216280
-1
Sceneryobjects\Verkehrszeichen_MC\VZ_att_vorfahrtgewahr_m_mast.sco
1415285189
1415285189
-1
Sceneryobjects\Verkehrszeichen_MC\VZ_surfmark_arrow_L.sco
1415285249
1415285249
-1
Splines\ADDON_SimpleStreets\RQ_X_2spur_Altonaer_8m.sli
1417588864
-
-
Splines\gg\8mBridge.sli
1111140628
-
-
Splines\gg\Damm3.sli
1151621489
-
-
Splines\gg\hillwall04.sli
1099939397
-
-
Splines\ggtunnel\highway_1line.sli
1132755090
-
-
Splines\gg\building01.sli
1099479673
-
-
