Sceneryobjects\Buildings_MC\bw_70s_02A.sco
1415285152
1415285152
-1
Sceneryobjects\gg\highway_bridge.sco
1112307493
1112307493
-1
Sceneryobjects\gg\highway_bridge2.sco
1112307496
1112307496
-1
Sceneryobjects\Streetobjects_RUE\sodiumlight_2L_break_L.sco
1415285212
1415285212
-1
Sceneryobjects\Trees_MC\tree_medium_02.sco
1210216022
1210216022
-1
Sceneryobjects\Trees_MC\tree_medium_09.sco
1210216280
1210216280
-1
Splines\gg\rail_Bridge.sli
1051170507
-
-
Splines\ADDON_SimpleStreets\RQ_28_Bridge.sli
1049494701
-
-
Splines\Ruede\rail_concrete_01.sli
1415285172
-
-
