Sceneryobjects\ADDON_gcW\schranke.sco
1048289328
1048289328
-1
Sceneryobjects\Buildings_MC\oth_elek_1.sco
1415285152
1415285152
-1
Sceneryobjects\Generic\car_park.sco
1415285161
1415285161
-1
Sceneryobjects\gg\arrow_leftY.sco
1112408918
1112408918
-1
Sceneryobjects\gg\arrow_rightY.sco
1112408923
1112408923
-1
Sceneryobjects\gg\Road006.sco
1099563075
1099563075
-1
Sceneryobjects\gg\roundabout4.sco
1100818843
1100818843
-1
Sceneryobjects\GG2Buildings\gg2_apt_cp.sco
1129293136
1129293136
-1
Sceneryobjects\GG2Buildings\gg2_skypier1.sco
1134077549
1134077549
-1
Sceneryobjects\GG2Signs\gg2_drn_sign_medium.sco
1114245555
1114245555
-1
Sceneryobjects\GG2Signs\road_bollard_right.sco
1114580999
1114580999
-1
Sceneryobjects\ggairport\ggapt_fence_piece.sco
1122283586
1122283586
-1
Sceneryobjects\ggairport\ggapt_fence_post.sco
1122284200
1122284200
-1
Sceneryobjects\Nemolus Objekte\Verkehrszeichen\VZ_Mast_FahrtrichtungHierRechts.sco
1047497856
1047497856
-1
Sceneryobjects\Nemolus Objekte\Verkehrszeichen\VZ_Mast_Kreisverkehr.sco
1047497955
1047497955
-1
Sceneryobjects\Streetobjects_MC\strlt_str_ufo_big12.sco
1415285216
1415285216
-1
Sceneryobjects\Streetobjects_RUE\sodiumlight_L_break_L.sco
1415285204
1415285204
-1
Sceneryobjects\Verkehrszeichen_MC\VZ_att_vorfahrtgewahr_m_mast.sco
1415285189
1415285189
-1
Splines\ADDON_SimpleStreets\RQ_9,5_2spur_6,5m_Sidewalk.sli
1417588864
-
-
Splines\ADDON_SimpleStreets\RQ_X_2spur_Altonaer_8m.sli
1417588864
-
-
Splines\ggairport\ggapt_fence_base.sli
1122283541
-
-
